[ccld] /software/gcc-12.2.0-el8-x86_64/bin/gcc -qversion
[ccld] /software/gcc-12.2.0-el8-x86_64/bin/gcc -version
[ccld] /software/gcc-12.2.0-el8-x86_64/bin/gcc conftest.c
[ccld] /software/gcc-12.2.0-el8-x86_64/bin/gcc -o conftest conftest.c
[ccld] /software/gcc-12.2.0-el8-x86_64/bin/gcc -o conftest conftest.c
[cc] /software/gcc-12.2.0-el8-x86_64/bin/gcc -c conftest.c
[cc] /software/gcc-12.2.0-el8-x86_64/bin/gcc -c conftest.c
[cc] /software/gcc-12.2.0-el8-x86_64/bin/gcc -c -g conftest.c
[cc] /software/gcc-12.2.0-el8-x86_64/bin/gcc -c -g -O2 conftest.c
[cc] /software/gcc-12.2.0-el8-x86_64/bin/gcc -c conftest.c -o conftest2.o
[cc] /software/gcc-12.2.0-el8-x86_64/bin/gcc -c conftest.c -o conftest2.o
[cc] /software/gcc-12.2.0-el8-x86_64/bin/gcc -c -g -O2 conftest.c
[cc] /software/gcc-12.2.0-el8-x86_64/bin/gcc -c -g -O2 conftest.c
[cc] /software/gcc-12.2.0-el8-x86_64/bin/gcc -c -g -O2 conftest.c
[cc] /software/gcc-12.2.0-el8-x86_64/bin/gcc -c -g -O2 conftest.c
[cc] /software/gcc-12.2.0-el8-x86_64/bin/gcc -c -g -O2 conftest.c
[cc] /software/gcc-12.2.0-el8-x86_64/bin/gcc -c -g -O2 conftest.c
[cc] /software/gcc-12.2.0-el8-x86_64/bin/gcc -c -g -O2 conftest.c
[cc] /software/gcc-12.2.0-el8-x86_64/bin/gcc -c -g -O2 conftest.c
[cc] /software/gcc-12.2.0-el8-x86_64/bin/gcc -c -g -O2 conftest.c
[cc] /software/gcc-12.2.0-el8-x86_64/bin/gcc -c -g -O2 conftest.c
[cc] /software/gcc-12.2.0-el8-x86_64/bin/gcc -c -g -O2 conftest.c
[cc] /software/gcc-12.2.0-el8-x86_64/bin/gcc -c -g -O2 conftest.c
[cc] /software/gcc-12.2.0-el8-x86_64/bin/gcc -c -g -O2 conftest.c
[cc] /software/gcc-12.2.0-el8-x86_64/bin/gcc -MT sub/conftest.o -MD -MP -MF sub/conftest.TPo -c -o sub/conftest.o sub/conftest.c
[cc] /software/gcc-12.2.0-el8-x86_64/bin/gcc -c -g -O2 conftest.c
[ccld] /software/gcc-12.2.0-el8-x86_64/bin/gcc -qversion
[ccld] /software/gcc-12.2.0-el8-x86_64/bin/gcc -version
[cpp] /software/gcc-12.2.0-el8-x86_64/bin/gcc -E /tmp/pnsinha/cgw6KxnA/dummy.c
[cpp] /software/gcc-12.2.0-el8-x86_64/bin/gcc -E /tmp/pnsinha/cgw6KxnA/dummy.c
[cc] /software/gcc-12.2.0-el8-x86_64/bin/gcc -c -g -O2 conftest.c
[cc] /software/gcc-12.2.0-el8-x86_64/bin/gcc -c -g -O2 conftest.c
[cpp] /software/gcc-12.2.0-el8-x86_64/bin/gcc -E conftest.c
[cpp] /software/gcc-12.2.0-el8-x86_64/bin/gcc -E conftest.c
[cpp] /software/gcc-12.2.0-el8-x86_64/bin/gcc -E conftest.c
[cpp] /software/gcc-12.2.0-el8-x86_64/bin/gcc -E conftest.c
[cpp] /software/gcc-12.2.0-el8-x86_64/bin/gcc -E -Werror -fno-common conftest.c
[cpp] /software/gcc-12.2.0-el8-x86_64/bin/gcc -E -Werror -Wall conftest.c
[cpp] /software/gcc-12.2.0-el8-x86_64/bin/gcc -E -Werror -Wextra conftest.c
[cpp] /software/gcc-12.2.0-el8-x86_64/bin/gcc -E -Werror -Waddress-of-packed-member conftest.c
[cpp] /software/gcc-12.2.0-el8-x86_64/bin/gcc -E -Werror -Wdiscarded-qualifiers conftest.c
[cpp] /software/gcc-12.2.0-el8-x86_64/bin/gcc -E -Werror -Wembedded-directive conftest.c
[cpp] /software/gcc-12.2.0-el8-x86_64/bin/gcc -E -Werror -Wextra-semi conftest.c
[cpp] /software/gcc-12.2.0-el8-x86_64/bin/gcc -E -Werror -Wformat-security conftest.c
[cpp] /software/gcc-12.2.0-el8-x86_64/bin/gcc -E -Werror -Wimplicit-function-declaration conftest.c
[cpp] /software/gcc-12.2.0-el8-x86_64/bin/gcc -E -Werror -Wmissing-declarations conftest.c
[cpp] /software/gcc-12.2.0-el8-x86_64/bin/gcc -E -Werror -Wmissing-parameter-type conftest.c
[cpp] /software/gcc-12.2.0-el8-x86_64/bin/gcc -E -Werror -Wmissing-prototypes conftest.c
[cpp] /software/gcc-12.2.0-el8-x86_64/bin/gcc -E -Werror -Wnested-externs conftest.c
[cpp] /software/gcc-12.2.0-el8-x86_64/bin/gcc -E -Werror -Wno-missing-field-initializers conftest.c
[cpp] /software/gcc-12.2.0-el8-x86_64/bin/gcc -E -Werror -Wold-style-definition conftest.c
[cpp] /software/gcc-12.2.0-el8-x86_64/bin/gcc -E -Werror -Wpointer-arith conftest.c
[cpp] /software/gcc-12.2.0-el8-x86_64/bin/gcc -E -Werror -Wredundant-decls conftest.c
[cpp] /software/gcc-12.2.0-el8-x86_64/bin/gcc -E -Werror -Wsign-compare conftest.c
[cpp] /software/gcc-12.2.0-el8-x86_64/bin/gcc -E -Werror -Wstrict-prototypes conftest.c
[cpp] /software/gcc-12.2.0-el8-x86_64/bin/gcc -E -Werror -Wtype-limits conftest.c
[cpp] /software/gcc-12.2.0-el8-x86_64/bin/gcc -E -Werror -Wuninitialized conftest.c
[cpp] /software/gcc-12.2.0-el8-x86_64/bin/gcc -E -Werror -Wunused-but-set-parameter conftest.c
[cpp] /software/gcc-12.2.0-el8-x86_64/bin/gcc -E -Werror -Wunused-but-set-variable conftest.c
[cpp] /software/gcc-12.2.0-el8-x86_64/bin/gcc -E -Werror -Wunused-parameter conftest.c
[cpp] /software/gcc-12.2.0-el8-x86_64/bin/gcc -E -Werror -Wunused-result conftest.c
[cpp] /software/gcc-12.2.0-el8-x86_64/bin/gcc -E -Werror -Wunused-variable conftest.c
[cpp] /software/gcc-12.2.0-el8-x86_64/bin/gcc -E -Werror -Wvla conftest.c
[cpp] /software/gcc-12.2.0-el8-x86_64/bin/gcc -E -Werror -Walloca conftest.c
[cpp] /software/gcc-12.2.0-el8-x86_64/bin/gcc -E -Werror -Werror=sequence-point conftest.c
[cpp] /software/gcc-12.2.0-el8-x86_64/bin/gcc -E -Werror -Wno-clobbered conftest.c
[cpp] /software/gcc-12.2.0-el8-x86_64/bin/gcc -E -Werror -Wno-cast-function-type conftest.c
[ccld] /software/gcc-12.2.0-el8-x86_64/bin/g++ -qversion
[cc] /software/gcc-12.2.0-el8-x86_64/bin/g++ -c conftest.cpp
[cc] /software/gcc-12.2.0-el8-x86_64/bin/g++ -c -g conftest.cpp
[cc] /software/gcc-12.2.0-el8-x86_64/bin/g++ -c -g -O2 conftest.cpp
[cc] /software/gcc-12.2.0-el8-x86_64/bin/g++ -MT sub/conftest.o -MD -MP -MF sub/conftest.TPo -c -o sub/conftest.o sub/conftest.c
[ccld] /software/gcc-12.2.0-el8-x86_64/bin/gcc -print-prog-name=ld
[cc] /software/gcc-12.2.0-el8-x86_64/bin/gcc -c -g -O2 conftest.c
[cc] /software/gcc-12.2.0-el8-x86_64/bin/gcc -c -g -O2 conftest.c
[cc] /software/gcc-12.2.0-el8-x86_64/bin/gcc -c -g -O2 conftest.c
[ccld] /software/gcc-12.2.0-el8-x86_64/bin/gcc -o conftest -g -O2 conftest.c conftstm.o
[cc] /software/gcc-12.2.0-el8-x86_64/bin/gcc -c -g -O2 conftest.c
[cc] /software/gcc-12.2.0-el8-x86_64/bin/gcc -c -g -O2 conftest.c
[cc] /software/gcc-12.2.0-el8-x86_64/bin/gcc -c -g -O2 conftest.c
[ccld] /software/gcc-12.2.0-el8-x86_64/bin/gcc -o conftest -g -O2 conftest.c
[cc] /software/gcc-12.2.0-el8-x86_64/bin/gcc -c -g -O2 -fno-rtti -fno-exceptions conftest.c
[cc] /software/gcc-12.2.0-el8-x86_64/bin/gcc -c -g -O2 -fPIC -DPIC -DPIC conftest.c
[ccld] /software/gcc-12.2.0-el8-x86_64/bin/gcc -o conftest -g -O2 -static conftest.c
[cc] /software/gcc-12.2.0-el8-x86_64/bin/gcc -c -g -O2 -o out/conftest2.o conftest.c
[ld] ld -m elf_x86_64 --help
[ld] ld -m elf_x86_64 --help
[cc] /software/gcc-12.2.0-el8-x86_64/bin/gcc -c -g -O2 conftest.c
[ccld] /software/gcc-12.2.0-el8-x86_64/bin/gcc -print-search-dirs
[ccld] /software/gcc-12.2.0-el8-x86_64/bin/gcc -g -O2 -print-multi-os-directory
[ccld] /software/gcc-12.2.0-el8-x86_64/bin/gcc -o conftest -g -O2 -Wl,-rpath -Wl,/foo conftest.c
[cpp] /software/gcc-12.2.0-el8-x86_64/bin/g++ -E conftest.cpp
[cpp] /software/gcc-12.2.0-el8-x86_64/bin/g++ -E conftest.cpp
[cpp] /software/gcc-12.2.0-el8-x86_64/bin/g++ -E conftest.cpp
[cpp] /software/gcc-12.2.0-el8-x86_64/bin/g++ -E conftest.cpp
[cc] /software/gcc-12.2.0-el8-x86_64/bin/g++ -c -g -O2 conftest.cpp
[ccld] /software/gcc-12.2.0-el8-x86_64/bin/g++ -o conftest -g -O2 conftest.cpp
[ccld] /software/gcc-12.2.0-el8-x86_64/bin/g++ -print-prog-name=ld
[ccld] /software/gcc-12.2.0-el8-x86_64/bin/g++ -print-prog-name=ld
[ld] ld --help
[cc] /software/gcc-12.2.0-el8-x86_64/bin/g++ -c -g -O2 conftest.cpp
[cc] /software/gcc-12.2.0-el8-x86_64/bin/g++ -c -g -O2 -fPIC -DPIC -DPIC conftest.cpp
[ccld] /software/gcc-12.2.0-el8-x86_64/bin/g++ -o conftest -g -O2 -static conftest.cpp
[cc] /software/gcc-12.2.0-el8-x86_64/bin/g++ -c -g -O2 -o out/conftest2.o conftest.cpp
[ccld] /software/gcc-12.2.0-el8-x86_64/bin/gcc -o conftest -g -O2 -Wl,--version-script,conftest.map conftest.c
[ccld] /software/gcc-12.2.0-el8-x86_64/bin/gcc -o conftest -g -O2 -Wl,--version-script,conftest.map conftest.c
[ccld] /software/gcc-12.2.0-el8-x86_64/bin/gcc -o conftest -g -O2 -Wl,--version-script,conftest.map conftest.c
[cc] /software/gcc-12.2.0-el8-x86_64/bin/gcc -c -g -O2 conftest.c
[cc] /software/gcc-12.2.0-el8-x86_64/bin/gcc -c -g -O2 conftest.c
[cc] /software/gcc-12.2.0-el8-x86_64/bin/gcc -c -g -O2 conftest.c
[cc] /software/gcc-12.2.0-el8-x86_64/bin/gcc -c -g -O2 conftest.c
[cc] /software/gcc-12.2.0-el8-x86_64/bin/gcc -c -g -O2 conftest.c
[cc] /software/gcc-12.2.0-el8-x86_64/bin/gcc -c -g -O2 conftest.c
[ccld] /software/gcc-12.2.0-el8-x86_64/bin/gcc -print-prog-name=ld
[ld] ld -m elf_x86_64 --help
[ccld] /software/gcc-12.2.0-el8-x86_64/bin/gcc -print-search-dirs
[ccld] /software/gcc-12.2.0-el8-x86_64/bin/gcc -o conftest -g -O2 conftest.c -Wl,-framework -Wl,CoreFoundation
[ccld] /software/gcc-12.2.0-el8-x86_64/bin/gcc -o conftest -g -O2 conftest.c -Wl,-framework -Wl,CoreFoundation
[ccld] /software/gcc-12.2.0-el8-x86_64/bin/gcc -o conftest -g -O2 conftest.c
[cc] /software/gcc-12.2.0-el8-x86_64/bin/gcc -c -g -O2 conftest.c
[cc] /software/gcc-12.2.0-el8-x86_64/bin/gcc -c -g -O2 conftest.c
[cc] /software/gcc-12.2.0-el8-x86_64/bin/gcc -c -g -O2 conftest.c
[cc] /software/gcc-12.2.0-el8-x86_64/bin/gcc -c -g -O2 conftest.c
[cc] /software/gcc-12.2.0-el8-x86_64/bin/gcc -c -g -O2 conftest.c
[cc] /software/gcc-12.2.0-el8-x86_64/bin/gcc -c -g -O2 conftest.c
[cc] /software/gcc-12.2.0-el8-x86_64/bin/gcc -c -g -O2 conftest.c
[cc] /software/gcc-12.2.0-el8-x86_64/bin/gcc -c -g -O2 conftest.c
[cc] /software/gcc-12.2.0-el8-x86_64/bin/gcc -c -g -O2 conftest.c
[cc] /software/gcc-12.2.0-el8-x86_64/bin/gcc -c -g -O2 conftest.c
[cc] /software/gcc-12.2.0-el8-x86_64/bin/gcc -c -g -O2 conftest.c
[cc] /software/gcc-12.2.0-el8-x86_64/bin/gcc -c -g -O2 conftest.c
[cc] /software/gcc-12.2.0-el8-x86_64/bin/gcc -c -g -O2 conftest.c
[cc] /software/gcc-12.2.0-el8-x86_64/bin/gcc -c -g -O2 conftest.c
[cc] /software/gcc-12.2.0-el8-x86_64/bin/gcc -c -g -O2 conftest.c
[cc] /software/gcc-12.2.0-el8-x86_64/bin/gcc -c -g -O2 conftest.c
[cc] /software/gcc-12.2.0-el8-x86_64/bin/gcc -c -g -O2 conftest.c
[cc] /software/gcc-12.2.0-el8-x86_64/bin/gcc -c -g -O2 conftest.c
[cc] /software/gcc-12.2.0-el8-x86_64/bin/gcc -c -g -O2 conftest.c
[cc] /software/gcc-12.2.0-el8-x86_64/bin/gcc -c -g -O2 conftest.c
[cc] /software/gcc-12.2.0-el8-x86_64/bin/gcc -c -g -O2 conftest.c
[cc] /software/gcc-12.2.0-el8-x86_64/bin/gcc -c -g -O2 conftest.c
[cc] /software/gcc-12.2.0-el8-x86_64/bin/gcc -c -g -O2 conftest.c
[cc] /software/gcc-12.2.0-el8-x86_64/bin/gcc -c -g -O2 conftest.c
[cc] /software/gcc-12.2.0-el8-x86_64/bin/gcc -c -g -O2 conftest.c
[cc] /software/gcc-12.2.0-el8-x86_64/bin/gcc -c -g -O2 conftest.c
[cc] /software/gcc-12.2.0-el8-x86_64/bin/gcc -c -g -O2 conftest.c
[cc] /software/gcc-12.2.0-el8-x86_64/bin/gcc -c -g -O2 conftest.c
[cc] /software/gcc-12.2.0-el8-x86_64/bin/gcc -c -g -O2 conftest.c
[cc] /software/gcc-12.2.0-el8-x86_64/bin/gcc -c -g -O2 conftest.c
[cc] /software/gcc-12.2.0-el8-x86_64/bin/gcc -c -g -O2 conftest.c
[cc] /software/gcc-12.2.0-el8-x86_64/bin/gcc -c -g -O2 conftest.c
[cc] /software/gcc-12.2.0-el8-x86_64/bin/gcc -c -g -O2 conftest.c
[cc] /software/gcc-12.2.0-el8-x86_64/bin/gcc -c -g -O2 conftest.c
[cc] /software/gcc-12.2.0-el8-x86_64/bin/gcc -c -g -O2 conftest.c
[cc] /software/gcc-12.2.0-el8-x86_64/bin/gcc -c -g -O2 conftest.c
[cc] /software/gcc-12.2.0-el8-x86_64/bin/gcc -c -g -O2 conftest.c
[cc] /software/gcc-12.2.0-el8-x86_64/bin/gcc -c -g -O2 conftest.c
[cc] /software/gcc-12.2.0-el8-x86_64/bin/gcc -c -g -O2 conftest.c
[cc] /software/gcc-12.2.0-el8-x86_64/bin/gcc -c -g -O2 conftest.c
[cc] /software/gcc-12.2.0-el8-x86_64/bin/gcc -c -g -O2 conftest.c
[cc] /software/gcc-12.2.0-el8-x86_64/bin/gcc -c -g -O2 conftest.c
[cc] /software/gcc-12.2.0-el8-x86_64/bin/gcc -c -g -O2 conftest.c
[cc] /software/gcc-12.2.0-el8-x86_64/bin/gcc -c -g -O2 conftest.c
[cc] /software/gcc-12.2.0-el8-x86_64/bin/gcc -c -g -O2 conftest.c
[cc] /software/gcc-12.2.0-el8-x86_64/bin/gcc -c -g -O2 conftest.c
[cc] /software/gcc-12.2.0-el8-x86_64/bin/gcc -c -g -O2 conftest.c
[cc] /software/gcc-12.2.0-el8-x86_64/bin/gcc -c -g -O2 conftest.c
[cc] /software/gcc-12.2.0-el8-x86_64/bin/gcc -c -g -O2 conftest.c
[cc] /software/gcc-12.2.0-el8-x86_64/bin/gcc -c -g -O2 conftest.c
[cc] /software/gcc-12.2.0-el8-x86_64/bin/gcc -c -g -O2 conftest.c
[cc] /software/gcc-12.2.0-el8-x86_64/bin/gcc -c -g -O2 conftest.c
[cc] /software/gcc-12.2.0-el8-x86_64/bin/gcc -c -g -O2 conftest.c
[cc] /software/gcc-12.2.0-el8-x86_64/bin/gcc -c -g -O2 conftest.c
[cc] /software/gcc-12.2.0-el8-x86_64/bin/gcc -c -g -O2 conftest.c
[cc] /software/gcc-12.2.0-el8-x86_64/bin/gcc -c -g -O2 conftest.c
[cc] /software/gcc-12.2.0-el8-x86_64/bin/gcc -c -g -O2 conftest.c
[cc] /software/gcc-12.2.0-el8-x86_64/bin/gcc -c -g -O2 conftest.c
[cc] /software/gcc-12.2.0-el8-x86_64/bin/gcc -c -g -O2 conftest.c
[cc] /software/gcc-12.2.0-el8-x86_64/bin/gcc -c -g -O2 conftest.c
[cc] /software/gcc-12.2.0-el8-x86_64/bin/gcc -c -g -O2 conftest.c
[cc] /software/gcc-12.2.0-el8-x86_64/bin/gcc -c -g -O2 conftest.c
[cc] /software/gcc-12.2.0-el8-x86_64/bin/gcc -c -g -O2 conftest.c
[cc] /software/gcc-12.2.0-el8-x86_64/bin/gcc -c -g -O2 conftest.c
[cc] /software/gcc-12.2.0-el8-x86_64/bin/gcc -c -g -O2 conftest.c
[cc] /software/gcc-12.2.0-el8-x86_64/bin/gcc -c -g -O2 conftest.c
[cc] /software/gcc-12.2.0-el8-x86_64/bin/gcc -c -g -O2 conftest.c
[cc] /software/gcc-12.2.0-el8-x86_64/bin/gcc -c -g -O2 conftest.c
[cc] /software/gcc-12.2.0-el8-x86_64/bin/gcc -c -g -O2 conftest.c
[cc] /software/gcc-12.2.0-el8-x86_64/bin/gcc -c -g -O2 conftest.c
[cc] /software/gcc-12.2.0-el8-x86_64/bin/gcc -c -g -O2 conftest.c
[cc] /software/gcc-12.2.0-el8-x86_64/bin/gcc -c -g -O2 conftest.c
[cc] /software/gcc-12.2.0-el8-x86_64/bin/gcc -c -g -O2 conftest.c
[cc] /software/gcc-12.2.0-el8-x86_64/bin/gcc -c -g -O2 conftest.c
[cc] /software/gcc-12.2.0-el8-x86_64/bin/gcc -c -g -O2 conftest.c
[cc] /software/gcc-12.2.0-el8-x86_64/bin/gcc -c -g -O2 conftest.c
[cc] /software/gcc-12.2.0-el8-x86_64/bin/gcc -c -g -O2 conftest.c
[cc] /software/gcc-12.2.0-el8-x86_64/bin/gcc -c -g -O2 conftest.c
[cc] /software/gcc-12.2.0-el8-x86_64/bin/gcc -c -g -O2 conftest.c
[cc] /software/gcc-12.2.0-el8-x86_64/bin/gcc -c -g -O2 conftest.c
[cc] /software/gcc-12.2.0-el8-x86_64/bin/gcc -c -g -O2 conftest.c
[cc] /software/gcc-12.2.0-el8-x86_64/bin/gcc -c -g -O2 conftest.c
[cc] /software/gcc-12.2.0-el8-x86_64/bin/gcc -c -g -O2 conftest.c
[cc] /software/gcc-12.2.0-el8-x86_64/bin/gcc -c -g -O2 conftest.c
[cc] /software/gcc-12.2.0-el8-x86_64/bin/gcc -c -g -O2 conftest.c
[cc] /software/gcc-12.2.0-el8-x86_64/bin/gcc -c -g -O2 conftest.c
[cc] /software/gcc-12.2.0-el8-x86_64/bin/gcc -c -g -O2 conftest.c
[cc] /software/gcc-12.2.0-el8-x86_64/bin/gcc -c -g -O2 conftest.c
[cc] /software/gcc-12.2.0-el8-x86_64/bin/gcc -c -g -O2 conftest.c
[cc] /software/gcc-12.2.0-el8-x86_64/bin/gcc -c -g -O2 conftest.c
[cc] /software/gcc-12.2.0-el8-x86_64/bin/gcc -c -g -O2 conftest.c
[cc] /software/gcc-12.2.0-el8-x86_64/bin/gcc -c -g -O2 conftest.c
[cc] /software/gcc-12.2.0-el8-x86_64/bin/gcc -c -g -O2 conftest.c
[cc] /software/gcc-12.2.0-el8-x86_64/bin/gcc -c -g -O2 conftest.c
[cc] /software/gcc-12.2.0-el8-x86_64/bin/gcc -c -g -O2 conftest.c
[cc] /software/gcc-12.2.0-el8-x86_64/bin/gcc -c -g -O2 conftest.c
[cc] /software/gcc-12.2.0-el8-x86_64/bin/gcc -c -g -O2 conftest.c
[cc] /software/gcc-12.2.0-el8-x86_64/bin/gcc -c -g -O2 conftest.c
[cc] /software/gcc-12.2.0-el8-x86_64/bin/gcc -c -g -O2 conftest.c
[cc] /software/gcc-12.2.0-el8-x86_64/bin/gcc -c -g -O2 conftest.c
[ccld] /software/gcc-12.2.0-el8-x86_64/bin/gcc -o conftest -g -O2 conftest.c
[ccld] /software/gcc-12.2.0-el8-x86_64/bin/gcc -o conftest -g -O2 conftest.c
[ccld] /software/gcc-12.2.0-el8-x86_64/bin/gcc -o conftest -g -O2 conftest.c
[ccld] /software/gcc-12.2.0-el8-x86_64/bin/gcc -o conftest -g -O2 conftest.c
[ccld] /software/gcc-12.2.0-el8-x86_64/bin/gcc -o conftest -g -O2 conftest.c
[ccld] /software/gcc-12.2.0-el8-x86_64/bin/gcc -o conftest -g -O2 conftest.c
[ccld] /software/gcc-12.2.0-el8-x86_64/bin/gcc -o conftest -g -O2 conftest.c
[ccld] /software/gcc-12.2.0-el8-x86_64/bin/gcc -o conftest -g -O2 conftest.c
[ccld] /software/gcc-12.2.0-el8-x86_64/bin/gcc -o conftest -g -O2 conftest.c
[ccld] /software/gcc-12.2.0-el8-x86_64/bin/gcc -o conftest -g -O2 conftest.c
[ccld] /software/gcc-12.2.0-el8-x86_64/bin/gcc -o conftest -g -O2 conftest.c
[ccld] /software/gcc-12.2.0-el8-x86_64/bin/gcc -o conftest -g -O2 conftest.c
[ccld] /software/gcc-12.2.0-el8-x86_64/bin/gcc -o conftest -g -O2 conftest.c
[ccld] /software/gcc-12.2.0-el8-x86_64/bin/gcc -o conftest -g -O2 conftest.c
[ccld] /software/gcc-12.2.0-el8-x86_64/bin/gcc -o conftest -g -O2 conftest.c
[ccld] /software/gcc-12.2.0-el8-x86_64/bin/gcc -o conftest -g -O2 conftest.c
[ccld] /software/gcc-12.2.0-el8-x86_64/bin/gcc -o conftest -g -O2 conftest.c
[ccld] /software/gcc-12.2.0-el8-x86_64/bin/gcc -o conftest -g -O2 conftest.c
[ccld] /software/gcc-12.2.0-el8-x86_64/bin/gcc -o conftest -g -O2 conftest.c
[ccld] /software/gcc-12.2.0-el8-x86_64/bin/gcc -o conftest -g -O2 conftest.c
[ccld] /software/gcc-12.2.0-el8-x86_64/bin/gcc -o conftest -g -O2 conftest.c
[ccld] /software/gcc-12.2.0-el8-x86_64/bin/gcc -o conftest -g -O2 conftest.c
[ccld] /software/gcc-12.2.0-el8-x86_64/bin/gcc -o conftest -g -O2 conftest.c
[ccld] /software/gcc-12.2.0-el8-x86_64/bin/gcc -o conftest -g -O2 conftest.c
[ccld] /software/gcc-12.2.0-el8-x86_64/bin/gcc -o conftest -g -O2 conftest.c
[ccld] /software/gcc-12.2.0-el8-x86_64/bin/gcc -o conftest -g -O2 conftest.c
[ccld] /software/gcc-12.2.0-el8-x86_64/bin/gcc -o conftest -g -O2 conftest.c
[ccld] /software/gcc-12.2.0-el8-x86_64/bin/gcc -o conftest -g -O2 conftest.c
[ccld] /software/gcc-12.2.0-el8-x86_64/bin/gcc -o conftest -g -O2 conftest.c
[ccld] /software/gcc-12.2.0-el8-x86_64/bin/gcc -o conftest -g -O2 conftest.c
[ccld] /software/gcc-12.2.0-el8-x86_64/bin/gcc -o conftest -g -O2 conftest.c
[ccld] /software/gcc-12.2.0-el8-x86_64/bin/gcc -o conftest -g -O2 conftest.c
[ccld] /software/gcc-12.2.0-el8-x86_64/bin/gcc -o conftest -g -O2 conftest.c
[ccld] /software/gcc-12.2.0-el8-x86_64/bin/gcc -o conftest -g -O2 conftest.c
[ccld] /software/gcc-12.2.0-el8-x86_64/bin/gcc -o conftest -g -O2 conftest.c
[ccld] /software/gcc-12.2.0-el8-x86_64/bin/gcc -o conftest -g -O2 conftest.c
[ccld] /software/gcc-12.2.0-el8-x86_64/bin/gcc -o conftest -g -O2 conftest.c
[ccld] /software/gcc-12.2.0-el8-x86_64/bin/gcc -o conftest -g -O2 conftest.c
[ccld] /software/gcc-12.2.0-el8-x86_64/bin/gcc -o conftest -g -O2 conftest.c
[ccld] /software/gcc-12.2.0-el8-x86_64/bin/gcc -o conftest -g -O2 conftest.c
[ccld] /software/gcc-12.2.0-el8-x86_64/bin/gcc -o conftest -g -O2 conftest.c
[ccld] /software/gcc-12.2.0-el8-x86_64/bin/gcc -o conftest -g -O2 conftest.c
[ccld] /software/gcc-12.2.0-el8-x86_64/bin/gcc -o conftest -g -O2 conftest.c
[ccld] /software/gcc-12.2.0-el8-x86_64/bin/gcc -o conftest -g -O2 conftest.c
[ccld] /software/gcc-12.2.0-el8-x86_64/bin/gcc -o conftest -g -O2 conftest.c
[ccld] /software/gcc-12.2.0-el8-x86_64/bin/gcc -o conftest -g -O2 conftest.c
[ccld] /software/gcc-12.2.0-el8-x86_64/bin/gcc -o conftest -g -O2 conftest.c
[ccld] /software/gcc-12.2.0-el8-x86_64/bin/gcc -o conftest -g -O2 conftest.c
[ccld] /software/gcc-12.2.0-el8-x86_64/bin/gcc -o conftest -g -O2 conftest.c
[ccld] /software/gcc-12.2.0-el8-x86_64/bin/gcc -o conftest -g -O2 conftest.c
[ccld] /software/gcc-12.2.0-el8-x86_64/bin/gcc -o conftest -g -O2 conftest.c
[ccld] /software/gcc-12.2.0-el8-x86_64/bin/gcc -o conftest -g -O2 conftest.c
[ccld] /software/gcc-12.2.0-el8-x86_64/bin/gcc -o conftest -g -O2 conftest.c
[ccld] /software/gcc-12.2.0-el8-x86_64/bin/gcc -o conftest -g -O2 conftest.c
[ccld] /software/gcc-12.2.0-el8-x86_64/bin/gcc -o conftest -g -O2 conftest.c
[ccld] /software/gcc-12.2.0-el8-x86_64/bin/gcc -o conftest -g -O2 conftest.c
[ccld] /software/gcc-12.2.0-el8-x86_64/bin/gcc -o conftest -g -O2 conftest.c
[ccld] /software/gcc-12.2.0-el8-x86_64/bin/gcc -o conftest -g -O2 conftest.c
[ccld] /software/gcc-12.2.0-el8-x86_64/bin/gcc -o conftest -g -O2 conftest.c
[ccld] /software/gcc-12.2.0-el8-x86_64/bin/gcc -o conftest -g -O2 conftest.c
[ccld] /software/gcc-12.2.0-el8-x86_64/bin/gcc -o conftest -g -O2 conftest.c
[ccld] /software/gcc-12.2.0-el8-x86_64/bin/gcc -o conftest -g -O2 conftest.c
[ccld] /software/gcc-12.2.0-el8-x86_64/bin/gcc -o conftest -g -O2 conftest.c
[ccld] /software/gcc-12.2.0-el8-x86_64/bin/gcc -o conftest -g -O2 conftest.c
[ccld] /software/gcc-12.2.0-el8-x86_64/bin/gcc -o conftest -g -O2 conftest.c
[ccld] /software/gcc-12.2.0-el8-x86_64/bin/gcc -o conftest -g -O2 conftest.c
[ccld] /software/gcc-12.2.0-el8-x86_64/bin/gcc -o conftest -g -O2 conftest.c
[ccld] /software/gcc-12.2.0-el8-x86_64/bin/gcc -o conftest -g -O2 conftest.c
[ccld] /software/gcc-12.2.0-el8-x86_64/bin/gcc -o conftest -g -O2 conftest.c
[ccld] /software/gcc-12.2.0-el8-x86_64/bin/gcc -o conftest -g -O2 conftest.c
[ccld] /software/gcc-12.2.0-el8-x86_64/bin/gcc -o conftest -g -O2 conftest.c
[ccld] /software/gcc-12.2.0-el8-x86_64/bin/gcc -o conftest -g -O2 conftest.c
[ccld] /software/gcc-12.2.0-el8-x86_64/bin/gcc -o conftest -g -O2 conftest.c
[ccld] /software/gcc-12.2.0-el8-x86_64/bin/gcc -o conftest -g -O2 conftest.c
[ccld] /software/gcc-12.2.0-el8-x86_64/bin/gcc -o conftest -g -O2 conftest.c
[ccld] /software/gcc-12.2.0-el8-x86_64/bin/gcc -o conftest -g -O2 conftest.c
[ccld] /software/gcc-12.2.0-el8-x86_64/bin/gcc -o conftest -g -O2 conftest.c
[ccld] /software/gcc-12.2.0-el8-x86_64/bin/gcc -o conftest -g -O2 conftest.c
[ccld] /software/gcc-12.2.0-el8-x86_64/bin/gcc -o conftest -g -O2 conftest.c
[ccld] /software/gcc-12.2.0-el8-x86_64/bin/gcc -o conftest -g -O2 conftest.c
[ccld] /software/gcc-12.2.0-el8-x86_64/bin/gcc -o conftest -g -O2 conftest.c
[ccld] /software/gcc-12.2.0-el8-x86_64/bin/gcc -o conftest -g -O2 conftest.c
[ccld] /software/gcc-12.2.0-el8-x86_64/bin/gcc -o conftest -g -O2 conftest.c
[ccld] /software/gcc-12.2.0-el8-x86_64/bin/gcc -o conftest -g -O2 conftest.c
[ccld] /software/gcc-12.2.0-el8-x86_64/bin/gcc -o conftest -g -O2 conftest.c
[ccld] /software/gcc-12.2.0-el8-x86_64/bin/gcc -o conftest -g -O2 conftest.c
[ccld] /software/gcc-12.2.0-el8-x86_64/bin/gcc -o conftest -g -O2 conftest.c
[cc] /software/gcc-12.2.0-el8-x86_64/bin/gcc -c -g -O2 conftest.c
[cc] /software/gcc-12.2.0-el8-x86_64/bin/gcc -c -g -O2 conftest.c
[cc] /software/gcc-12.2.0-el8-x86_64/bin/gcc -c -g -O2 conftest.c
[cc] /software/gcc-12.2.0-el8-x86_64/bin/gcc -c -g -O2 conftest.c
[cc] /software/gcc-12.2.0-el8-x86_64/bin/gcc -c -g -O2 conftest.c
[cc] /software/gcc-12.2.0-el8-x86_64/bin/gcc -c -g -O2 conftest.c
[cc] /software/gcc-12.2.0-el8-x86_64/bin/gcc -c -g -O2 conftest.c
[cc] /software/gcc-12.2.0-el8-x86_64/bin/gcc -c -g -O2 conftest.c
[cc] /software/gcc-12.2.0-el8-x86_64/bin/gcc -c -g -O2 conftest.c
[cc] /software/gcc-12.2.0-el8-x86_64/bin/gcc -c -g -O2 conftest.c
[cc] /software/gcc-12.2.0-el8-x86_64/bin/gcc -c -g -O2 conftest.c
[cc] /software/gcc-12.2.0-el8-x86_64/bin/gcc -c -g -O2 conftest.c
[cc] /software/gcc-12.2.0-el8-x86_64/bin/gcc -c -g -O2 conftest.c
[cc] /software/gcc-12.2.0-el8-x86_64/bin/gcc -c -g -O2 conftest.c
[cc] /software/gcc-12.2.0-el8-x86_64/bin/gcc -c -g -O2 conftest.c
[ccld] /software/gcc-12.2.0-el8-x86_64/bin/gcc -o conftest -g -O2 conftest.c
[ccld] /software/gcc-12.2.0-el8-x86_64/bin/gcc -o conftest -g -O2 conftest.c
[ccld] /software/gcc-12.2.0-el8-x86_64/bin/gcc -o conftest -g -O2 conftest.c
[ccld] /software/gcc-12.2.0-el8-x86_64/bin/gcc -o conftest -g -O2 conftest.c -lrt
[ccld] /software/gcc-12.2.0-el8-x86_64/bin/gcc -o conftest -g -O2 conftest.c -lrtas
[cc] /software/gcc-12.2.0-el8-x86_64/bin/gcc -c -g -O2 conftest.c
[cc] /software/gcc-12.2.0-el8-x86_64/bin/gcc -c -g -O2 conftest.c
[ccld] /software/gcc-12.2.0-el8-x86_64/bin/gcc -o conftest -g -O2 conftest.c
[ccld] /software/gcc-12.2.0-el8-x86_64/bin/gcc -o conftest -g -O2 conftest.c
[ccld] /software/gcc-12.2.0-el8-x86_64/bin/gcc -o conftest -g -O2 conftest.c -lrt
[cc] /software/gcc-12.2.0-el8-x86_64/bin/gcc -c -g -O2 conftest.c
[ccld] /software/gcc-12.2.0-el8-x86_64/bin/gcc -o conftest -g -O2 conftest.c
[cc] /software/gcc-12.2.0-el8-x86_64/bin/gcc -c -g -O2 conftest.c
[ccld] /software/gcc-12.2.0-el8-x86_64/bin/gcc -o conftest -g -O2 conftest.c
[ccld] /software/gcc-12.2.0-el8-x86_64/bin/gcc -o conftest -g -O2 -static conftest.c
[ccld] /software/gcc-12.2.0-el8-x86_64/bin/gcc -o conftest -g -O2 conftest.c
[ccld] /software/gcc-12.2.0-el8-x86_64/bin/gcc -o conftest -pthread -g -O2 conftest.c
[ccld] /software/gcc-12.2.0-el8-x86_64/bin/gcc -o conftest -pthread -g -O2 conftest.c
[ccld] /software/gcc-12.2.0-el8-x86_64/bin/gcc -o conftest -g -O2 conftest.c -lutil
[cc] /software/gcc-12.2.0-el8-x86_64/bin/gcc -c -g -O2 conftest.c
[cc] /software/gcc-12.2.0-el8-x86_64/bin/gcc -c -g -O2 conftest.c
[cc] /software/gcc-12.2.0-el8-x86_64/bin/gcc -c -g -O2 conftest.c
[cc] /software/gcc-12.2.0-el8-x86_64/bin/gcc -c -g -O2 conftest.c
[cc] /software/gcc-12.2.0-el8-x86_64/bin/gcc -c -g -O2 conftest.c
[cc] /software/gcc-12.2.0-el8-x86_64/bin/gcc -c -g -O2 conftest.c
[cc] /software/gcc-12.2.0-el8-x86_64/bin/gcc -c -g -O2 conftest.c
[cc] /software/gcc-12.2.0-el8-x86_64/bin/gcc -c -g -O2 conftest.c
[cc] /software/gcc-12.2.0-el8-x86_64/bin/gcc -c -g -O2 conftest.c
[cc] /software/gcc-12.2.0-el8-x86_64/bin/gcc -c -g -O2 conftest.c
[ccld] /software/gcc-12.2.0-el8-x86_64/bin/gcc -o conftest -g -O2 conftest.c -lutil
[ccld] /software/gcc-12.2.0-el8-x86_64/bin/gcc -o conftest -g -O2 conftest.c -lutil -lcrypt
[ccld] /software/gcc-12.2.0-el8-x86_64/bin/gcc -o conftest -g -O2 conftest.c -ludev -lutil
[ccld] /software/gcc-12.2.0-el8-x86_64/bin/gcc -o conftest -g -O2 conftest.c -lncursesw -lutil
[ccld] /software/gcc-12.2.0-el8-x86_64/bin/gcc -o conftest -g -O2 conftest.c -lncurses -lutil
[ccld] /software/gcc-12.2.0-el8-x86_64/bin/gcc -o conftest -g -O2 conftest.c -ltinfo -lutil
[ccld] /software/gcc-12.2.0-el8-x86_64/bin/gcc -o conftest -g -O2 conftest.c -lreadline -lutil
[ccld] /software/gcc-12.2.0-el8-x86_64/bin/gcc -o conftest -g -O2 conftest.c -lutil
[ccld] /software/gcc-12.2.0-el8-x86_64/bin/gcc -o conftest -g -O2 conftest.c -lutil
[ccld] /software/gcc-12.2.0-el8-x86_64/bin/gcc -o conftest -g -O2 conftest.c -lcap-ng -lutil
[ccld] /software/gcc-12.2.0-el8-x86_64/bin/gcc -o conftest -g -O2 conftest.c -lz -lutil
[ccld] /software/gcc-12.2.0-el8-x86_64/bin/gcc -o conftest -g -O2 conftest.c -lmagic -lutil
[ccld] /software/gcc-12.2.0-el8-x86_64/bin/gcc -o conftest -g -O2 conftest.c -lutil
[ccld] /software/gcc-12.2.0-el8-x86_64/bin/gcc -o conftest -g -O2 conftest.c -lutil
[ccld] /software/gcc-12.2.0-el8-x86_64/bin/gcc -print-multiarch
[cc] /software/gcc-12.2.0-el8-x86_64/bin/gcc -DHAVE_CONFIG_H -I. -include config.h -I./include -DLOCALEDIR="/software/sw/spack-mw3/apps/linux-centos8-x86_64_v3/gcc-12.2.0/util-linux-uuid-2.40.1-mea6utx/share/locale" -D_PATH_RUNSTATEDIR="/software/sw/spack-mw3/apps/linux-centos8-x86_64_v3/gcc-12.2.0/util-linux-uuid-2.40.1-mea6utx/var/run" -D_PATH_LOCALSTATEDIR="/software/sw/spack-mw3/apps/linux-centos8-x86_64_v3/gcc-12.2.0/util-linux-uuid-2.40.1-mea6utx/var" -D_PATH_SYSCONFSTATICDIR="/software/sw/spack-mw3/apps/linux-centos8-x86_64_v3/gcc-12.2.0/util-linux-uuid-2.40.1-mea6utx/lib" -fsigned-char -fno-common -Wall -Wextra -Waddress-of-packed-member -Wdiscarded-qualifiers -Wimplicit-function-declaration -Wmissing-declarations -Wmissing-parameter-type -Wmissing-prototypes -Wnested-externs -Wno-missing-field-initializers -Wold-style-definition -Wpointer-arith -Wredundant-decls -Wsign-compare -Wstrict-prototypes -Wtype-limits -Wuninitialized -Wunused-but-set-parameter -Wunused-but-set-variable -Wunused-parameter -Wunused-result -Wunused-variable -Wvla -Walloca -Werror=sequence-point -I./libuuid/src -Ilibuuid/src -g -O2 -MT lib/libuuid_la-randutils.lo -MD -MP -MF lib/.deps/libuuid_la-randutils.Tpo -c lib/randutils.c -fPIC -DPIC -o lib/.libs/libuuid_la-randutils.o
[cc] /software/gcc-12.2.0-el8-x86_64/bin/gcc -DHAVE_CONFIG_H -I. -include config.h -I./include -DLOCALEDIR="/software/sw/spack-mw3/apps/linux-centos8-x86_64_v3/gcc-12.2.0/util-linux-uuid-2.40.1-mea6utx/share/locale" -D_PATH_RUNSTATEDIR="/software/sw/spack-mw3/apps/linux-centos8-x86_64_v3/gcc-12.2.0/util-linux-uuid-2.40.1-mea6utx/var/run" -D_PATH_LOCALSTATEDIR="/software/sw/spack-mw3/apps/linux-centos8-x86_64_v3/gcc-12.2.0/util-linux-uuid-2.40.1-mea6utx/var" -D_PATH_SYSCONFSTATICDIR="/software/sw/spack-mw3/apps/linux-centos8-x86_64_v3/gcc-12.2.0/util-linux-uuid-2.40.1-mea6utx/lib" -fsigned-char -fno-common -Wall -Wextra -Waddress-of-packed-member -Wdiscarded-qualifiers -Wimplicit-function-declaration -Wmissing-declarations -Wmissing-parameter-type -Wmissing-prototypes -Wnested-externs -Wno-missing-field-initializers -Wold-style-definition -Wpointer-arith -Wredundant-decls -Wsign-compare -Wstrict-prototypes -Wtype-limits -Wuninitialized -Wunused-but-set-parameter -Wunused-but-set-variable -Wunused-parameter -Wunused-result -Wunused-variable -Wvla -Walloca -Werror=sequence-point -I./libuuid/src -Ilibuuid/src -g -O2 -MT libuuid/src/la-predefined.lo -MD -MP -MF libuuid/src/.deps/la-predefined.Tpo -c libuuid/src/predefined.c -fPIC -DPIC -o libuuid/src/.libs/la-predefined.o
[cc] /software/gcc-12.2.0-el8-x86_64/bin/gcc -DHAVE_CONFIG_H -I. -include config.h -I./include -DLOCALEDIR="/software/sw/spack-mw3/apps/linux-centos8-x86_64_v3/gcc-12.2.0/util-linux-uuid-2.40.1-mea6utx/share/locale" -D_PATH_RUNSTATEDIR="/software/sw/spack-mw3/apps/linux-centos8-x86_64_v3/gcc-12.2.0/util-linux-uuid-2.40.1-mea6utx/var/run" -D_PATH_LOCALSTATEDIR="/software/sw/spack-mw3/apps/linux-centos8-x86_64_v3/gcc-12.2.0/util-linux-uuid-2.40.1-mea6utx/var" -D_PATH_SYSCONFSTATICDIR="/software/sw/spack-mw3/apps/linux-centos8-x86_64_v3/gcc-12.2.0/util-linux-uuid-2.40.1-mea6utx/lib" -fsigned-char -fno-common -Wall -Wextra -Waddress-of-packed-member -Wdiscarded-qualifiers -Wimplicit-function-declaration -Wmissing-declarations -Wmissing-parameter-type -Wmissing-prototypes -Wnested-externs -Wno-missing-field-initializers -Wold-style-definition -Wpointer-arith -Wredundant-decls -Wsign-compare -Wstrict-prototypes -Wtype-limits -Wuninitialized -Wunused-but-set-parameter -Wunused-but-set-variable -Wunused-parameter -Wunused-result -Wunused-variable -Wvla -Walloca -Werror=sequence-point -I./libuuid/src -Ilibuuid/src -g -O2 -MT libuuid/src/la-pack.lo -MD -MP -MF libuuid/src/.deps/la-pack.Tpo -c libuuid/src/pack.c -fPIC -DPIC -o libuuid/src/.libs/la-pack.o
[cc] /software/gcc-12.2.0-el8-x86_64/bin/gcc -DHAVE_CONFIG_H -I. -include config.h -I./include -DLOCALEDIR="/software/sw/spack-mw3/apps/linux-centos8-x86_64_v3/gcc-12.2.0/util-linux-uuid-2.40.1-mea6utx/share/locale" -D_PATH_RUNSTATEDIR="/software/sw/spack-mw3/apps/linux-centos8-x86_64_v3/gcc-12.2.0/util-linux-uuid-2.40.1-mea6utx/var/run" -D_PATH_LOCALSTATEDIR="/software/sw/spack-mw3/apps/linux-centos8-x86_64_v3/gcc-12.2.0/util-linux-uuid-2.40.1-mea6utx/var" -D_PATH_SYSCONFSTATICDIR="/software/sw/spack-mw3/apps/linux-centos8-x86_64_v3/gcc-12.2.0/util-linux-uuid-2.40.1-mea6utx/lib" -fsigned-char -fno-common -Wall -Wextra -Waddress-of-packed-member -Wdiscarded-qualifiers -Wimplicit-function-declaration -Wmissing-declarations -Wmissing-parameter-type -Wmissing-prototypes -Wnested-externs -Wno-missing-field-initializers -Wold-style-definition -Wpointer-arith -Wredundant-decls -Wsign-compare -Wstrict-prototypes -Wtype-limits -Wuninitialized -Wunused-but-set-parameter -Wunused-but-set-variable -Wunused-parameter -Wunused-result -Wunused-variable -Wvla -Walloca -Werror=sequence-point -I./libuuid/src -Ilibuuid/src -g -O2 -MT libuuid/src/la-unparse.lo -MD -MP -MF libuuid/src/.deps/la-unparse.Tpo -c libuuid/src/unparse.c -fPIC -DPIC -o libuuid/src/.libs/la-unparse.o
[cc] /software/gcc-12.2.0-el8-x86_64/bin/gcc -DHAVE_CONFIG_H -I. -include config.h -I./include -DLOCALEDIR="/software/sw/spack-mw3/apps/linux-centos8-x86_64_v3/gcc-12.2.0/util-linux-uuid-2.40.1-mea6utx/share/locale" -D_PATH_RUNSTATEDIR="/software/sw/spack-mw3/apps/linux-centos8-x86_64_v3/gcc-12.2.0/util-linux-uuid-2.40.1-mea6utx/var/run" -D_PATH_LOCALSTATEDIR="/software/sw/spack-mw3/apps/linux-centos8-x86_64_v3/gcc-12.2.0/util-linux-uuid-2.40.1-mea6utx/var" -D_PATH_SYSCONFSTATICDIR="/software/sw/spack-mw3/apps/linux-centos8-x86_64_v3/gcc-12.2.0/util-linux-uuid-2.40.1-mea6utx/lib" -fsigned-char -fno-common -Wall -Wextra -Waddress-of-packed-member -Wdiscarded-qualifiers -Wimplicit-function-declaration -Wmissing-declarations -Wmissing-parameter-type -Wmissing-prototypes -Wnested-externs -Wno-missing-field-initializers -Wold-style-definition -Wpointer-arith -Wredundant-decls -Wsign-compare -Wstrict-prototypes -Wtype-limits -Wuninitialized -Wunused-but-set-parameter -Wunused-but-set-variable -Wunused-parameter -Wunused-result -Wunused-variable -Wvla -Walloca -Werror=sequence-point -I./libuuid/src -Ilibuuid/src -g -O2 -MT libuuid/src/la-compare.lo -MD -MP -MF libuuid/src/.deps/la-compare.Tpo -c libuuid/src/compare.c -fPIC -DPIC -o libuuid/src/.libs/la-compare.o
[cc] /software/gcc-12.2.0-el8-x86_64/bin/gcc -DHAVE_CONFIG_H -I. -include config.h -I./include -DLOCALEDIR="/software/sw/spack-mw3/apps/linux-centos8-x86_64_v3/gcc-12.2.0/util-linux-uuid-2.40.1-mea6utx/share/locale" -D_PATH_RUNSTATEDIR="/software/sw/spack-mw3/apps/linux-centos8-x86_64_v3/gcc-12.2.0/util-linux-uuid-2.40.1-mea6utx/var/run" -D_PATH_LOCALSTATEDIR="/software/sw/spack-mw3/apps/linux-centos8-x86_64_v3/gcc-12.2.0/util-linux-uuid-2.40.1-mea6utx/var" -D_PATH_SYSCONFSTATICDIR="/software/sw/spack-mw3/apps/linux-centos8-x86_64_v3/gcc-12.2.0/util-linux-uuid-2.40.1-mea6utx/lib" -fsigned-char -fno-common -Wall -Wextra -Waddress-of-packed-member -Wdiscarded-qualifiers -Wimplicit-function-declaration -Wmissing-declarations -Wmissing-parameter-type -Wmissing-prototypes -Wnested-externs -Wno-missing-field-initializers -Wold-style-definition -Wpointer-arith -Wredundant-decls -Wsign-compare -Wstrict-prototypes -Wtype-limits -Wuninitialized -Wunused-but-set-parameter -Wunused-but-set-variable -Wunused-parameter -Wunused-result -Wunused-variable -Wvla -Walloca -Werror=sequence-point -I./libuuid/src -Ilibuuid/src -g -O2 -MT libuuid/src/la-unpack.lo -MD -MP -MF libuuid/src/.deps/la-unpack.Tpo -c libuuid/src/unpack.c -fPIC -DPIC -o libuuid/src/.libs/la-unpack.o
[cc] /software/gcc-12.2.0-el8-x86_64/bin/gcc -DHAVE_CONFIG_H -I. -include config.h -I./include -DLOCALEDIR="/software/sw/spack-mw3/apps/linux-centos8-x86_64_v3/gcc-12.2.0/util-linux-uuid-2.40.1-mea6utx/share/locale" -D_PATH_RUNSTATEDIR="/software/sw/spack-mw3/apps/linux-centos8-x86_64_v3/gcc-12.2.0/util-linux-uuid-2.40.1-mea6utx/var/run" -D_PATH_LOCALSTATEDIR="/software/sw/spack-mw3/apps/linux-centos8-x86_64_v3/gcc-12.2.0/util-linux-uuid-2.40.1-mea6utx/var" -D_PATH_SYSCONFSTATICDIR="/software/sw/spack-mw3/apps/linux-centos8-x86_64_v3/gcc-12.2.0/util-linux-uuid-2.40.1-mea6utx/lib" -fsigned-char -fno-common -Wall -Wextra -Waddress-of-packed-member -Wdiscarded-qualifiers -Wimplicit-function-declaration -Wmissing-declarations -Wmissing-parameter-type -Wmissing-prototypes -Wnested-externs -Wno-missing-field-initializers -Wold-style-definition -Wpointer-arith -Wredundant-decls -Wsign-compare -Wstrict-prototypes -Wtype-limits -Wuninitialized -Wunused-but-set-parameter -Wunused-but-set-variable -Wunused-parameter -Wunused-result -Wunused-variable -Wvla -Walloca -Werror=sequence-point -I./libuuid/src -Ilibuuid/src -g -O2 -MT libuuid/src/la-parse.lo -MD -MP -MF libuuid/src/.deps/la-parse.Tpo -c libuuid/src/parse.c -fPIC -DPIC -o libuuid/src/.libs/la-parse.o
[cc] /software/gcc-12.2.0-el8-x86_64/bin/gcc -DHAVE_CONFIG_H -I. -include config.h -I./include -DLOCALEDIR="/software/sw/spack-mw3/apps/linux-centos8-x86_64_v3/gcc-12.2.0/util-linux-uuid-2.40.1-mea6utx/share/locale" -D_PATH_RUNSTATEDIR="/software/sw/spack-mw3/apps/linux-centos8-x86_64_v3/gcc-12.2.0/util-linux-uuid-2.40.1-mea6utx/var/run" -D_PATH_LOCALSTATEDIR="/software/sw/spack-mw3/apps/linux-centos8-x86_64_v3/gcc-12.2.0/util-linux-uuid-2.40.1-mea6utx/var" -D_PATH_SYSCONFSTATICDIR="/software/sw/spack-mw3/apps/linux-centos8-x86_64_v3/gcc-12.2.0/util-linux-uuid-2.40.1-mea6utx/lib" -fsigned-char -fno-common -Wall -Wextra -Waddress-of-packed-member -Wdiscarded-qualifiers -Wimplicit-function-declaration -Wmissing-declarations -Wmissing-parameter-type -Wmissing-prototypes -Wnested-externs -Wno-missing-field-initializers -Wold-style-definition -Wpointer-arith -Wredundant-decls -Wsign-compare -Wstrict-prototypes -Wtype-limits -Wuninitialized -Wunused-but-set-parameter -Wunused-but-set-variable -Wunused-parameter -Wunused-result -Wunused-variable -Wvla -Walloca -Werror=sequence-point -I./libuuid/src -Ilibuuid/src -g -O2 -MT libuuid/src/la-isnull.lo -MD -MP -MF libuuid/src/.deps/la-isnull.Tpo -c libuuid/src/isnull.c -fPIC -DPIC -o libuuid/src/.libs/la-isnull.o
[cc] /software/gcc-12.2.0-el8-x86_64/bin/gcc -DHAVE_CONFIG_H -I. -include config.h -I./include -DLOCALEDIR="/software/sw/spack-mw3/apps/linux-centos8-x86_64_v3/gcc-12.2.0/util-linux-uuid-2.40.1-mea6utx/share/locale" -D_PATH_RUNSTATEDIR="/software/sw/spack-mw3/apps/linux-centos8-x86_64_v3/gcc-12.2.0/util-linux-uuid-2.40.1-mea6utx/var/run" -D_PATH_LOCALSTATEDIR="/software/sw/spack-mw3/apps/linux-centos8-x86_64_v3/gcc-12.2.0/util-linux-uuid-2.40.1-mea6utx/var" -D_PATH_SYSCONFSTATICDIR="/software/sw/spack-mw3/apps/linux-centos8-x86_64_v3/gcc-12.2.0/util-linux-uuid-2.40.1-mea6utx/lib" -fsigned-char -fno-common -Wall -Wextra -Waddress-of-packed-member -Wdiscarded-qualifiers -Wimplicit-function-declaration -Wmissing-declarations -Wmissing-parameter-type -Wmissing-prototypes -Wnested-externs -Wno-missing-field-initializers -Wold-style-definition -Wpointer-arith -Wredundant-decls -Wsign-compare -Wstrict-prototypes -Wtype-limits -Wuninitialized -Wunused-but-set-parameter -Wunused-but-set-variable -Wunused-parameter -Wunused-result -Wunused-variable -Wvla -Walloca -Werror=sequence-point -I./libuuid/src -Ilibuuid/src -g -O2 -MT libuuid/src/la-clear.lo -MD -MP -MF libuuid/src/.deps/la-clear.Tpo -c libuuid/src/clear.c -fPIC -DPIC -o libuuid/src/.libs/la-clear.o
[cc] /software/gcc-12.2.0-el8-x86_64/bin/gcc -DHAVE_CONFIG_H -I. -include config.h -I./include -DLOCALEDIR="/software/sw/spack-mw3/apps/linux-centos8-x86_64_v3/gcc-12.2.0/util-linux-uuid-2.40.1-mea6utx/share/locale" -D_PATH_RUNSTATEDIR="/software/sw/spack-mw3/apps/linux-centos8-x86_64_v3/gcc-12.2.0/util-linux-uuid-2.40.1-mea6utx/var/run" -D_PATH_LOCALSTATEDIR="/software/sw/spack-mw3/apps/linux-centos8-x86_64_v3/gcc-12.2.0/util-linux-uuid-2.40.1-mea6utx/var" -D_PATH_SYSCONFSTATICDIR="/software/sw/spack-mw3/apps/linux-centos8-x86_64_v3/gcc-12.2.0/util-linux-uuid-2.40.1-mea6utx/lib" -fsigned-char -fno-common -Wall -Wextra -Waddress-of-packed-member -Wdiscarded-qualifiers -Wimplicit-function-declaration -Wmissing-declarations -Wmissing-parameter-type -Wmissing-prototypes -Wnested-externs -Wno-missing-field-initializers -Wold-style-definition -Wpointer-arith -Wredundant-decls -Wsign-compare -Wstrict-prototypes -Wtype-limits -Wuninitialized -Wunused-but-set-parameter -Wunused-but-set-variable -Wunused-parameter -Wunused-result -Wunused-variable -Wvla -Walloca -Werror=sequence-point -I./libuuid/src -Ilibuuid/src -g -O2 -MT libuuid/src/la-gen_uuid.lo -MD -MP -MF libuuid/src/.deps/la-gen_uuid.Tpo -c libuuid/src/gen_uuid.c -fPIC -DPIC -o libuuid/src/.libs/la-gen_uuid.o
[cc] /software/gcc-12.2.0-el8-x86_64/bin/gcc -DHAVE_CONFIG_H -I. -include config.h -I./include -DLOCALEDIR="/software/sw/spack-mw3/apps/linux-centos8-x86_64_v3/gcc-12.2.0/util-linux-uuid-2.40.1-mea6utx/share/locale" -D_PATH_RUNSTATEDIR="/software/sw/spack-mw3/apps/linux-centos8-x86_64_v3/gcc-12.2.0/util-linux-uuid-2.40.1-mea6utx/var/run" -D_PATH_LOCALSTATEDIR="/software/sw/spack-mw3/apps/linux-centos8-x86_64_v3/gcc-12.2.0/util-linux-uuid-2.40.1-mea6utx/var" -D_PATH_SYSCONFSTATICDIR="/software/sw/spack-mw3/apps/linux-centos8-x86_64_v3/gcc-12.2.0/util-linux-uuid-2.40.1-mea6utx/lib" -fsigned-char -fno-common -Wall -Wextra -Waddress-of-packed-member -Wdiscarded-qualifiers -Wimplicit-function-declaration -Wmissing-declarations -Wmissing-parameter-type -Wmissing-prototypes -Wnested-externs -Wno-missing-field-initializers -Wold-style-definition -Wpointer-arith -Wredundant-decls -Wsign-compare -Wstrict-prototypes -Wtype-limits -Wuninitialized -Wunused-but-set-parameter -Wunused-but-set-variable -Wunused-parameter -Wunused-result -Wunused-variable -Wvla -Walloca -Werror=sequence-point -I./libuuid/src -Ilibuuid/src -g -O2 -MT libuuid/src/la-uuid_time.lo -MD -MP -MF libuuid/src/.deps/la-uuid_time.Tpo -c libuuid/src/uuid_time.c -fPIC -DPIC -o libuuid/src/.libs/la-uuid_time.o
[cc] /software/gcc-12.2.0-el8-x86_64/bin/gcc -DHAVE_CONFIG_H -I. -include config.h -I./include -DLOCALEDIR="/software/sw/spack-mw3/apps/linux-centos8-x86_64_v3/gcc-12.2.0/util-linux-uuid-2.40.1-mea6utx/share/locale" -D_PATH_RUNSTATEDIR="/software/sw/spack-mw3/apps/linux-centos8-x86_64_v3/gcc-12.2.0/util-linux-uuid-2.40.1-mea6utx/var/run" -D_PATH_LOCALSTATEDIR="/software/sw/spack-mw3/apps/linux-centos8-x86_64_v3/gcc-12.2.0/util-linux-uuid-2.40.1-mea6utx/var" -D_PATH_SYSCONFSTATICDIR="/software/sw/spack-mw3/apps/linux-centos8-x86_64_v3/gcc-12.2.0/util-linux-uuid-2.40.1-mea6utx/lib" -fsigned-char -fno-common -Wall -Wextra -Waddress-of-packed-member -Wdiscarded-qualifiers -Wimplicit-function-declaration -Wmissing-declarations -Wmissing-parameter-type -Wmissing-prototypes -Wnested-externs -Wno-missing-field-initializers -Wold-style-definition -Wpointer-arith -Wredundant-decls -Wsign-compare -Wstrict-prototypes -Wtype-limits -Wuninitialized -Wunused-but-set-parameter -Wunused-but-set-variable -Wunused-parameter -Wunused-result -Wunused-variable -Wvla -Walloca -Werror=sequence-point -I./libuuid/src -Ilibuuid/src -g -O2 -MT lib/libuuid_la-sha1.lo -MD -MP -MF lib/.deps/libuuid_la-sha1.Tpo -c lib/sha1.c -fPIC -DPIC -o lib/.libs/libuuid_la-sha1.o
[cc] /software/gcc-12.2.0-el8-x86_64/bin/gcc -DHAVE_CONFIG_H -I. -include config.h -I./include -DLOCALEDIR="/software/sw/spack-mw3/apps/linux-centos8-x86_64_v3/gcc-12.2.0/util-linux-uuid-2.40.1-mea6utx/share/locale" -D_PATH_RUNSTATEDIR="/software/sw/spack-mw3/apps/linux-centos8-x86_64_v3/gcc-12.2.0/util-linux-uuid-2.40.1-mea6utx/var/run" -D_PATH_LOCALSTATEDIR="/software/sw/spack-mw3/apps/linux-centos8-x86_64_v3/gcc-12.2.0/util-linux-uuid-2.40.1-mea6utx/var" -D_PATH_SYSCONFSTATICDIR="/software/sw/spack-mw3/apps/linux-centos8-x86_64_v3/gcc-12.2.0/util-linux-uuid-2.40.1-mea6utx/lib" -fsigned-char -fno-common -Wall -Wextra -Waddress-of-packed-member -Wdiscarded-qualifiers -Wimplicit-function-declaration -Wmissing-declarations -Wmissing-parameter-type -Wmissing-prototypes -Wnested-externs -Wno-missing-field-initializers -Wold-style-definition -Wpointer-arith -Wredundant-decls -Wsign-compare -Wstrict-prototypes -Wtype-limits -Wuninitialized -Wunused-but-set-parameter -Wunused-but-set-variable -Wunused-parameter -Wunused-result -Wunused-variable -Wvla -Walloca -Werror=sequence-point -I./libuuid/src -Ilibuuid/src -g -O2 -MT libuuid/src/la-copy.lo -MD -MP -MF libuuid/src/.deps/la-copy.Tpo -c libuuid/src/copy.c -fPIC -DPIC -o libuuid/src/.libs/la-copy.o
[cc] /software/gcc-12.2.0-el8-x86_64/bin/gcc -DHAVE_CONFIG_H -I. -include config.h -I./include -DLOCALEDIR="/software/sw/spack-mw3/apps/linux-centos8-x86_64_v3/gcc-12.2.0/util-linux-uuid-2.40.1-mea6utx/share/locale" -D_PATH_RUNSTATEDIR="/software/sw/spack-mw3/apps/linux-centos8-x86_64_v3/gcc-12.2.0/util-linux-uuid-2.40.1-mea6utx/var/run" -D_PATH_LOCALSTATEDIR="/software/sw/spack-mw3/apps/linux-centos8-x86_64_v3/gcc-12.2.0/util-linux-uuid-2.40.1-mea6utx/var" -D_PATH_SYSCONFSTATICDIR="/software/sw/spack-mw3/apps/linux-centos8-x86_64_v3/gcc-12.2.0/util-linux-uuid-2.40.1-mea6utx/lib" -fsigned-char -fno-common -Wall -Wextra -Waddress-of-packed-member -Wdiscarded-qualifiers -Wimplicit-function-declaration -Wmissing-declarations -Wmissing-parameter-type -Wmissing-prototypes -Wnested-externs -Wno-missing-field-initializers -Wold-style-definition -Wpointer-arith -Wredundant-decls -Wsign-compare -Wstrict-prototypes -Wtype-limits -Wuninitialized -Wunused-but-set-parameter -Wunused-but-set-variable -Wunused-parameter -Wunused-result -Wunused-variable -Wvla -Walloca -Werror=sequence-point -I./libuuid/src -Ilibuuid/src -g -O2 -MT lib/libuuid_la-md5.lo -MD -MP -MF lib/.deps/libuuid_la-md5.Tpo -c lib/md5.c -fPIC -DPIC -o lib/.libs/libuuid_la-md5.o
[cc] /software/gcc-12.2.0-el8-x86_64/bin/gcc -DHAVE_CONFIG_H -I. -include config.h -I./include -DLOCALEDIR="/software/sw/spack-mw3/apps/linux-centos8-x86_64_v3/gcc-12.2.0/util-linux-uuid-2.40.1-mea6utx/share/locale" -D_PATH_RUNSTATEDIR="/software/sw/spack-mw3/apps/linux-centos8-x86_64_v3/gcc-12.2.0/util-linux-uuid-2.40.1-mea6utx/var/run" -D_PATH_LOCALSTATEDIR="/software/sw/spack-mw3/apps/linux-centos8-x86_64_v3/gcc-12.2.0/util-linux-uuid-2.40.1-mea6utx/var" -D_PATH_SYSCONFSTATICDIR="/software/sw/spack-mw3/apps/linux-centos8-x86_64_v3/gcc-12.2.0/util-linux-uuid-2.40.1-mea6utx/lib" -fsigned-char -fno-common -Wall -Wextra -Waddress-of-packed-member -Wdiscarded-qualifiers -Wimplicit-function-declaration -Wmissing-declarations -Wmissing-parameter-type -Wmissing-prototypes -Wnested-externs -Wno-missing-field-initializers -Wold-style-definition -Wpointer-arith -Wredundant-decls -Wsign-compare -Wstrict-prototypes -Wtype-limits -Wuninitialized -Wunused-but-set-parameter -Wunused-but-set-variable -Wunused-parameter -Wunused-result -Wunused-variable -Wvla -Walloca -Werror=sequence-point -I./libuuid/src -Ilibuuid/src -g -O2 -MT libuuid/src/la-predefined.lo -MD -MP -MF libuuid/src/.deps/la-predefined.Tpo -c libuuid/src/predefined.c -o libuuid/src/la-predefined.o
[cc] /software/gcc-12.2.0-el8-x86_64/bin/gcc -DHAVE_CONFIG_H -I. -include config.h -I./include -DLOCALEDIR="/software/sw/spack-mw3/apps/linux-centos8-x86_64_v3/gcc-12.2.0/util-linux-uuid-2.40.1-mea6utx/share/locale" -D_PATH_RUNSTATEDIR="/software/sw/spack-mw3/apps/linux-centos8-x86_64_v3/gcc-12.2.0/util-linux-uuid-2.40.1-mea6utx/var/run" -D_PATH_LOCALSTATEDIR="/software/sw/spack-mw3/apps/linux-centos8-x86_64_v3/gcc-12.2.0/util-linux-uuid-2.40.1-mea6utx/var" -D_PATH_SYSCONFSTATICDIR="/software/sw/spack-mw3/apps/linux-centos8-x86_64_v3/gcc-12.2.0/util-linux-uuid-2.40.1-mea6utx/lib" -fsigned-char -fno-common -Wall -Wextra -Waddress-of-packed-member -Wdiscarded-qualifiers -Wimplicit-function-declaration -Wmissing-declarations -Wmissing-parameter-type -Wmissing-prototypes -Wnested-externs -Wno-missing-field-initializers -Wold-style-definition -Wpointer-arith -Wredundant-decls -Wsign-compare -Wstrict-prototypes -Wtype-limits -Wuninitialized -Wunused-but-set-parameter -Wunused-but-set-variable -Wunused-parameter -Wunused-result -Wunused-variable -Wvla -Walloca -Werror=sequence-point -I./libuuid/src -Ilibuuid/src -g -O2 -MT libuuid/src/la-pack.lo -MD -MP -MF libuuid/src/.deps/la-pack.Tpo -c libuuid/src/pack.c -o libuuid/src/la-pack.o
[cc] /software/gcc-12.2.0-el8-x86_64/bin/gcc -DHAVE_CONFIG_H -I. -include config.h -I./include -DLOCALEDIR="/software/sw/spack-mw3/apps/linux-centos8-x86_64_v3/gcc-12.2.0/util-linux-uuid-2.40.1-mea6utx/share/locale" -D_PATH_RUNSTATEDIR="/software/sw/spack-mw3/apps/linux-centos8-x86_64_v3/gcc-12.2.0/util-linux-uuid-2.40.1-mea6utx/var/run" -D_PATH_LOCALSTATEDIR="/software/sw/spack-mw3/apps/linux-centos8-x86_64_v3/gcc-12.2.0/util-linux-uuid-2.40.1-mea6utx/var" -D_PATH_SYSCONFSTATICDIR="/software/sw/spack-mw3/apps/linux-centos8-x86_64_v3/gcc-12.2.0/util-linux-uuid-2.40.1-mea6utx/lib" -fsigned-char -fno-common -Wall -Wextra -Waddress-of-packed-member -Wdiscarded-qualifiers -Wimplicit-function-declaration -Wmissing-declarations -Wmissing-parameter-type -Wmissing-prototypes -Wnested-externs -Wno-missing-field-initializers -Wold-style-definition -Wpointer-arith -Wredundant-decls -Wsign-compare -Wstrict-prototypes -Wtype-limits -Wuninitialized -Wunused-but-set-parameter -Wunused-but-set-variable -Wunused-parameter -Wunused-result -Wunused-variable -Wvla -Walloca -Werror=sequence-point -I./libuuid/src -Ilibuuid/src -g -O2 -MT libuuid/src/la-unpack.lo -MD -MP -MF libuuid/src/.deps/la-unpack.Tpo -c libuuid/src/unpack.c -o libuuid/src/la-unpack.o
[cc] /software/gcc-12.2.0-el8-x86_64/bin/gcc -DHAVE_CONFIG_H -I. -include config.h -I./include -DLOCALEDIR="/software/sw/spack-mw3/apps/linux-centos8-x86_64_v3/gcc-12.2.0/util-linux-uuid-2.40.1-mea6utx/share/locale" -D_PATH_RUNSTATEDIR="/software/sw/spack-mw3/apps/linux-centos8-x86_64_v3/gcc-12.2.0/util-linux-uuid-2.40.1-mea6utx/var/run" -D_PATH_LOCALSTATEDIR="/software/sw/spack-mw3/apps/linux-centos8-x86_64_v3/gcc-12.2.0/util-linux-uuid-2.40.1-mea6utx/var" -D_PATH_SYSCONFSTATICDIR="/software/sw/spack-mw3/apps/linux-centos8-x86_64_v3/gcc-12.2.0/util-linux-uuid-2.40.1-mea6utx/lib" -fsigned-char -fno-common -Wall -Wextra -Waddress-of-packed-member -Wdiscarded-qualifiers -Wimplicit-function-declaration -Wmissing-declarations -Wmissing-parameter-type -Wmissing-prototypes -Wnested-externs -Wno-missing-field-initializers -Wold-style-definition -Wpointer-arith -Wredundant-decls -Wsign-compare -Wstrict-prototypes -Wtype-limits -Wuninitialized -Wunused-but-set-parameter -Wunused-but-set-variable -Wunused-parameter -Wunused-result -Wunused-variable -Wvla -Walloca -Werror=sequence-point -I./libuuid/src -Ilibuuid/src -g -O2 -MT libuuid/src/la-compare.lo -MD -MP -MF libuuid/src/.deps/la-compare.Tpo -c libuuid/src/compare.c -o libuuid/src/la-compare.o
[cc] /software/gcc-12.2.0-el8-x86_64/bin/gcc -DHAVE_CONFIG_H -I. -include config.h -I./include -DLOCALEDIR="/software/sw/spack-mw3/apps/linux-centos8-x86_64_v3/gcc-12.2.0/util-linux-uuid-2.40.1-mea6utx/share/locale" -D_PATH_RUNSTATEDIR="/software/sw/spack-mw3/apps/linux-centos8-x86_64_v3/gcc-12.2.0/util-linux-uuid-2.40.1-mea6utx/var/run" -D_PATH_LOCALSTATEDIR="/software/sw/spack-mw3/apps/linux-centos8-x86_64_v3/gcc-12.2.0/util-linux-uuid-2.40.1-mea6utx/var" -D_PATH_SYSCONFSTATICDIR="/software/sw/spack-mw3/apps/linux-centos8-x86_64_v3/gcc-12.2.0/util-linux-uuid-2.40.1-mea6utx/lib" -fsigned-char -fno-common -Wall -Wextra -Waddress-of-packed-member -Wdiscarded-qualifiers -Wimplicit-function-declaration -Wmissing-declarations -Wmissing-parameter-type -Wmissing-prototypes -Wnested-externs -Wno-missing-field-initializers -Wold-style-definition -Wpointer-arith -Wredundant-decls -Wsign-compare -Wstrict-prototypes -Wtype-limits -Wuninitialized -Wunused-but-set-parameter -Wunused-but-set-variable -Wunused-parameter -Wunused-result -Wunused-variable -Wvla -Walloca -Werror=sequence-point -I./libuuid/src -Ilibuuid/src -g -O2 -MT libuuid/src/la-clear.lo -MD -MP -MF libuuid/src/.deps/la-clear.Tpo -c libuuid/src/clear.c -o libuuid/src/la-clear.o
[cc] /software/gcc-12.2.0-el8-x86_64/bin/gcc -DHAVE_CONFIG_H -I. -include config.h -I./include -DLOCALEDIR="/software/sw/spack-mw3/apps/linux-centos8-x86_64_v3/gcc-12.2.0/util-linux-uuid-2.40.1-mea6utx/share/locale" -D_PATH_RUNSTATEDIR="/software/sw/spack-mw3/apps/linux-centos8-x86_64_v3/gcc-12.2.0/util-linux-uuid-2.40.1-mea6utx/var/run" -D_PATH_LOCALSTATEDIR="/software/sw/spack-mw3/apps/linux-centos8-x86_64_v3/gcc-12.2.0/util-linux-uuid-2.40.1-mea6utx/var" -D_PATH_SYSCONFSTATICDIR="/software/sw/spack-mw3/apps/linux-centos8-x86_64_v3/gcc-12.2.0/util-linux-uuid-2.40.1-mea6utx/lib" -fsigned-char -fno-common -Wall -Wextra -Waddress-of-packed-member -Wdiscarded-qualifiers -Wimplicit-function-declaration -Wmissing-declarations -Wmissing-parameter-type -Wmissing-prototypes -Wnested-externs -Wno-missing-field-initializers -Wold-style-definition -Wpointer-arith -Wredundant-decls -Wsign-compare -Wstrict-prototypes -Wtype-limits -Wuninitialized -Wunused-but-set-parameter -Wunused-but-set-variable -Wunused-parameter -Wunused-result -Wunused-variable -Wvla -Walloca -Werror=sequence-point -I./libuuid/src -Ilibuuid/src -g -O2 -MT libuuid/src/la-isnull.lo -MD -MP -MF libuuid/src/.deps/la-isnull.Tpo -c libuuid/src/isnull.c -o libuuid/src/la-isnull.o
[cc] /software/gcc-12.2.0-el8-x86_64/bin/gcc -DHAVE_CONFIG_H -I. -include config.h -I./include -DLOCALEDIR="/software/sw/spack-mw3/apps/linux-centos8-x86_64_v3/gcc-12.2.0/util-linux-uuid-2.40.1-mea6utx/share/locale" -D_PATH_RUNSTATEDIR="/software/sw/spack-mw3/apps/linux-centos8-x86_64_v3/gcc-12.2.0/util-linux-uuid-2.40.1-mea6utx/var/run" -D_PATH_LOCALSTATEDIR="/software/sw/spack-mw3/apps/linux-centos8-x86_64_v3/gcc-12.2.0/util-linux-uuid-2.40.1-mea6utx/var" -D_PATH_SYSCONFSTATICDIR="/software/sw/spack-mw3/apps/linux-centos8-x86_64_v3/gcc-12.2.0/util-linux-uuid-2.40.1-mea6utx/lib" -fsigned-char -fno-common -Wall -Wextra -Waddress-of-packed-member -Wdiscarded-qualifiers -Wimplicit-function-declaration -Wmissing-declarations -Wmissing-parameter-type -Wmissing-prototypes -Wnested-externs -Wno-missing-field-initializers -Wold-style-definition -Wpointer-arith -Wredundant-decls -Wsign-compare -Wstrict-prototypes -Wtype-limits -Wuninitialized -Wunused-but-set-parameter -Wunused-but-set-variable -Wunused-parameter -Wunused-result -Wunused-variable -Wvla -Walloca -Werror=sequence-point -I./libuuid/src -Ilibuuid/src -g -O2 -MT libuuid/src/la-copy.lo -MD -MP -MF libuuid/src/.deps/la-copy.Tpo -c libuuid/src/copy.c -o libuuid/src/la-copy.o
[cc] /software/gcc-12.2.0-el8-x86_64/bin/gcc -DHAVE_CONFIG_H -I. -include config.h -I./include -DLOCALEDIR="/software/sw/spack-mw3/apps/linux-centos8-x86_64_v3/gcc-12.2.0/util-linux-uuid-2.40.1-mea6utx/share/locale" -D_PATH_RUNSTATEDIR="/software/sw/spack-mw3/apps/linux-centos8-x86_64_v3/gcc-12.2.0/util-linux-uuid-2.40.1-mea6utx/var/run" -D_PATH_LOCALSTATEDIR="/software/sw/spack-mw3/apps/linux-centos8-x86_64_v3/gcc-12.2.0/util-linux-uuid-2.40.1-mea6utx/var" -D_PATH_SYSCONFSTATICDIR="/software/sw/spack-mw3/apps/linux-centos8-x86_64_v3/gcc-12.2.0/util-linux-uuid-2.40.1-mea6utx/lib" -fsigned-char -fno-common -Wall -Wextra -Waddress-of-packed-member -Wdiscarded-qualifiers -Wimplicit-function-declaration -Wmissing-declarations -Wmissing-parameter-type -Wmissing-prototypes -Wnested-externs -Wno-missing-field-initializers -Wold-style-definition -Wpointer-arith -Wredundant-decls -Wsign-compare -Wstrict-prototypes -Wtype-limits -Wuninitialized -Wunused-but-set-parameter -Wunused-but-set-variable -Wunused-parameter -Wunused-result -Wunused-variable -Wvla -Walloca -Werror=sequence-point -I./libuuid/src -Ilibuuid/src -g -O2 -MT libuuid/src/la-uuid_time.lo -MD -MP -MF libuuid/src/.deps/la-uuid_time.Tpo -c libuuid/src/uuid_time.c -o libuuid/src/la-uuid_time.o
[cc] /software/gcc-12.2.0-el8-x86_64/bin/gcc -DHAVE_CONFIG_H -I. -include config.h -I./include -DLOCALEDIR="/software/sw/spack-mw3/apps/linux-centos8-x86_64_v3/gcc-12.2.0/util-linux-uuid-2.40.1-mea6utx/share/locale" -D_PATH_RUNSTATEDIR="/software/sw/spack-mw3/apps/linux-centos8-x86_64_v3/gcc-12.2.0/util-linux-uuid-2.40.1-mea6utx/var/run" -D_PATH_LOCALSTATEDIR="/software/sw/spack-mw3/apps/linux-centos8-x86_64_v3/gcc-12.2.0/util-linux-uuid-2.40.1-mea6utx/var" -D_PATH_SYSCONFSTATICDIR="/software/sw/spack-mw3/apps/linux-centos8-x86_64_v3/gcc-12.2.0/util-linux-uuid-2.40.1-mea6utx/lib" -fsigned-char -fno-common -Wall -Wextra -Waddress-of-packed-member -Wdiscarded-qualifiers -Wimplicit-function-declaration -Wmissing-declarations -Wmissing-parameter-type -Wmissing-prototypes -Wnested-externs -Wno-missing-field-initializers -Wold-style-definition -Wpointer-arith -Wredundant-decls -Wsign-compare -Wstrict-prototypes -Wtype-limits -Wuninitialized -Wunused-but-set-parameter -Wunused-but-set-variable -Wunused-parameter -Wunused-result -Wunused-variable -Wvla -Walloca -Werror=sequence-point -I./libuuid/src -Ilibuuid/src -g -O2 -MT libuuid/src/la-unparse.lo -MD -MP -MF libuuid/src/.deps/la-unparse.Tpo -c libuuid/src/unparse.c -o libuuid/src/la-unparse.o
[cc] /software/gcc-12.2.0-el8-x86_64/bin/gcc -DHAVE_CONFIG_H -I. -include config.h -I./include -DLOCALEDIR="/software/sw/spack-mw3/apps/linux-centos8-x86_64_v3/gcc-12.2.0/util-linux-uuid-2.40.1-mea6utx/share/locale" -D_PATH_RUNSTATEDIR="/software/sw/spack-mw3/apps/linux-centos8-x86_64_v3/gcc-12.2.0/util-linux-uuid-2.40.1-mea6utx/var/run" -D_PATH_LOCALSTATEDIR="/software/sw/spack-mw3/apps/linux-centos8-x86_64_v3/gcc-12.2.0/util-linux-uuid-2.40.1-mea6utx/var" -D_PATH_SYSCONFSTATICDIR="/software/sw/spack-mw3/apps/linux-centos8-x86_64_v3/gcc-12.2.0/util-linux-uuid-2.40.1-mea6utx/lib" -fsigned-char -fno-common -Wall -Wextra -Waddress-of-packed-member -Wdiscarded-qualifiers -Wimplicit-function-declaration -Wmissing-declarations -Wmissing-parameter-type -Wmissing-prototypes -Wnested-externs -Wno-missing-field-initializers -Wold-style-definition -Wpointer-arith -Wredundant-decls -Wsign-compare -Wstrict-prototypes -Wtype-limits -Wuninitialized -Wunused-but-set-parameter -Wunused-but-set-variable -Wunused-parameter -Wunused-result -Wunused-variable -Wvla -Walloca -Werror=sequence-point -I./libuuid/src -Ilibuuid/src -g -O2 -MT libuuid/src/la-parse.lo -MD -MP -MF libuuid/src/.deps/la-parse.Tpo -c libuuid/src/parse.c -o libuuid/src/la-parse.o
[cc] /software/gcc-12.2.0-el8-x86_64/bin/gcc -DHAVE_CONFIG_H -I. -include config.h -I./include -DLOCALEDIR="/software/sw/spack-mw3/apps/linux-centos8-x86_64_v3/gcc-12.2.0/util-linux-uuid-2.40.1-mea6utx/share/locale" -D_PATH_RUNSTATEDIR="/software/sw/spack-mw3/apps/linux-centos8-x86_64_v3/gcc-12.2.0/util-linux-uuid-2.40.1-mea6utx/var/run" -D_PATH_LOCALSTATEDIR="/software/sw/spack-mw3/apps/linux-centos8-x86_64_v3/gcc-12.2.0/util-linux-uuid-2.40.1-mea6utx/var" -D_PATH_SYSCONFSTATICDIR="/software/sw/spack-mw3/apps/linux-centos8-x86_64_v3/gcc-12.2.0/util-linux-uuid-2.40.1-mea6utx/lib" -fsigned-char -fno-common -Wall -Wextra -Waddress-of-packed-member -Wdiscarded-qualifiers -Wimplicit-function-declaration -Wmissing-declarations -Wmissing-parameter-type -Wmissing-prototypes -Wnested-externs -Wno-missing-field-initializers -Wold-style-definition -Wpointer-arith -Wredundant-decls -Wsign-compare -Wstrict-prototypes -Wtype-limits -Wuninitialized -Wunused-but-set-parameter -Wunused-but-set-variable -Wunused-parameter -Wunused-result -Wunused-variable -Wvla -Walloca -Werror=sequence-point -I./libuuid/src -Ilibuuid/src -g -O2 -MT lib/libuuid_la-randutils.lo -MD -MP -MF lib/.deps/libuuid_la-randutils.Tpo -c lib/randutils.c -o lib/libuuid_la-randutils.o
[cc] /software/gcc-12.2.0-el8-x86_64/bin/gcc -DHAVE_CONFIG_H -I. -include config.h -I./include -DLOCALEDIR="/software/sw/spack-mw3/apps/linux-centos8-x86_64_v3/gcc-12.2.0/util-linux-uuid-2.40.1-mea6utx/share/locale" -D_PATH_RUNSTATEDIR="/software/sw/spack-mw3/apps/linux-centos8-x86_64_v3/gcc-12.2.0/util-linux-uuid-2.40.1-mea6utx/var/run" -D_PATH_LOCALSTATEDIR="/software/sw/spack-mw3/apps/linux-centos8-x86_64_v3/gcc-12.2.0/util-linux-uuid-2.40.1-mea6utx/var" -D_PATH_SYSCONFSTATICDIR="/software/sw/spack-mw3/apps/linux-centos8-x86_64_v3/gcc-12.2.0/util-linux-uuid-2.40.1-mea6utx/lib" -fsigned-char -fno-common -Wall -Wextra -Waddress-of-packed-member -Wdiscarded-qualifiers -Wimplicit-function-declaration -Wmissing-declarations -Wmissing-parameter-type -Wmissing-prototypes -Wnested-externs -Wno-missing-field-initializers -Wold-style-definition -Wpointer-arith -Wredundant-decls -Wsign-compare -Wstrict-prototypes -Wtype-limits -Wuninitialized -Wunused-but-set-parameter -Wunused-but-set-variable -Wunused-parameter -Wunused-result -Wunused-variable -Wvla -Walloca -Werror=sequence-point -I./libuuid/src -Ilibuuid/src -g -O2 -MT lib/libuuid_la-md5.lo -MD -MP -MF lib/.deps/libuuid_la-md5.Tpo -c lib/md5.c -o lib/libuuid_la-md5.o
[cc] /software/gcc-12.2.0-el8-x86_64/bin/gcc -DHAVE_CONFIG_H -I. -include config.h -I./include -DLOCALEDIR="/software/sw/spack-mw3/apps/linux-centos8-x86_64_v3/gcc-12.2.0/util-linux-uuid-2.40.1-mea6utx/share/locale" -D_PATH_RUNSTATEDIR="/software/sw/spack-mw3/apps/linux-centos8-x86_64_v3/gcc-12.2.0/util-linux-uuid-2.40.1-mea6utx/var/run" -D_PATH_LOCALSTATEDIR="/software/sw/spack-mw3/apps/linux-centos8-x86_64_v3/gcc-12.2.0/util-linux-uuid-2.40.1-mea6utx/var" -D_PATH_SYSCONFSTATICDIR="/software/sw/spack-mw3/apps/linux-centos8-x86_64_v3/gcc-12.2.0/util-linux-uuid-2.40.1-mea6utx/lib" -fsigned-char -fno-common -Wall -Wextra -Waddress-of-packed-member -Wdiscarded-qualifiers -Wimplicit-function-declaration -Wmissing-declarations -Wmissing-parameter-type -Wmissing-prototypes -Wnested-externs -Wno-missing-field-initializers -Wold-style-definition -Wpointer-arith -Wredundant-decls -Wsign-compare -Wstrict-prototypes -Wtype-limits -Wuninitialized -Wunused-but-set-parameter -Wunused-but-set-variable -Wunused-parameter -Wunused-result -Wunused-variable -Wvla -Walloca -Werror=sequence-point -I./libuuid/src -Ilibuuid/src -g -O2 -MT libuuid/src/la-gen_uuid.lo -MD -MP -MF libuuid/src/.deps/la-gen_uuid.Tpo -c libuuid/src/gen_uuid.c -o libuuid/src/la-gen_uuid.o
[cc] /software/gcc-12.2.0-el8-x86_64/bin/gcc -DHAVE_CONFIG_H -I. -include config.h -I./include -DLOCALEDIR="/software/sw/spack-mw3/apps/linux-centos8-x86_64_v3/gcc-12.2.0/util-linux-uuid-2.40.1-mea6utx/share/locale" -D_PATH_RUNSTATEDIR="/software/sw/spack-mw3/apps/linux-centos8-x86_64_v3/gcc-12.2.0/util-linux-uuid-2.40.1-mea6utx/var/run" -D_PATH_LOCALSTATEDIR="/software/sw/spack-mw3/apps/linux-centos8-x86_64_v3/gcc-12.2.0/util-linux-uuid-2.40.1-mea6utx/var" -D_PATH_SYSCONFSTATICDIR="/software/sw/spack-mw3/apps/linux-centos8-x86_64_v3/gcc-12.2.0/util-linux-uuid-2.40.1-mea6utx/lib" -fsigned-char -fno-common -Wall -Wextra -Waddress-of-packed-member -Wdiscarded-qualifiers -Wimplicit-function-declaration -Wmissing-declarations -Wmissing-parameter-type -Wmissing-prototypes -Wnested-externs -Wno-missing-field-initializers -Wold-style-definition -Wpointer-arith -Wredundant-decls -Wsign-compare -Wstrict-prototypes -Wtype-limits -Wuninitialized -Wunused-but-set-parameter -Wunused-but-set-variable -Wunused-parameter -Wunused-result -Wunused-variable -Wvla -Walloca -Werror=sequence-point -I./libuuid/src -Ilibuuid/src -g -O2 -MT lib/libuuid_la-sha1.lo -MD -MP -MF lib/.deps/libuuid_la-sha1.Tpo -c lib/sha1.c -o lib/libuuid_la-sha1.o
[ccld] /software/gcc-12.2.0-el8-x86_64/bin/gcc -shared -fPIC -DPIC libuuid/src/.libs/la-clear.o libuuid/src/.libs/la-compare.o libuuid/src/.libs/la-copy.o libuuid/src/.libs/la-gen_uuid.o libuuid/src/.libs/la-isnull.o libuuid/src/.libs/la-pack.o libuuid/src/.libs/la-parse.o libuuid/src/.libs/la-unpack.o libuuid/src/.libs/la-unparse.o libuuid/src/.libs/la-uuid_time.o libuuid/src/.libs/la-predefined.o lib/.libs/libuuid_la-randutils.o lib/.libs/libuuid_la-md5.o lib/.libs/libuuid_la-sha1.o -g -O2 -Wl,--version-script -Wl,./libuuid/src/libuuid.sym -Wl,-soname -Wl,libuuid.so.1 -o .libs/libuuid.so.1.3.0
