[cpp] /software/gcc-12.2.0-el8-x86_64/bin/gcc -E /tmp/pnsinha/cgZD6Jr4/dummy.c
[cpp] /software/gcc-12.2.0-el8-x86_64/bin/gcc -E -
[ccld] /software/gcc-12.2.0-el8-x86_64/bin/gcc -qversion
[ccld] /software/gcc-12.2.0-el8-x86_64/bin/gcc -version
[ccld] /software/gcc-12.2.0-el8-x86_64/bin/gcc conftest.c
[ccld] /software/gcc-12.2.0-el8-x86_64/bin/gcc -o conftest conftest.c
[ccld] /software/gcc-12.2.0-el8-x86_64/bin/gcc -o conftest conftest.c
[cc] /software/gcc-12.2.0-el8-x86_64/bin/gcc -c conftest.c
[cc] /software/gcc-12.2.0-el8-x86_64/bin/gcc -c conftest.c
[cc] /software/gcc-12.2.0-el8-x86_64/bin/gcc -c -g conftest.c
[cc] /software/gcc-12.2.0-el8-x86_64/bin/gcc -c -g -O2 conftest.c
[cc] /software/gcc-12.2.0-el8-x86_64/bin/gcc -c conftest.c -o conftest2.o
[cc] /software/gcc-12.2.0-el8-x86_64/bin/gcc -c conftest.c -o conftest2.o
[cc] /software/gcc-12.2.0-el8-x86_64/bin/gcc -MT sub/conftest.o -MD -MP -MF sub/conftest.TPo -c -o sub/conftest.o sub/conftest.c
[cpp] /software/gcc-12.2.0-el8-x86_64/bin/gcc -E conftest.c
[cpp] /software/gcc-12.2.0-el8-x86_64/bin/gcc -E conftest.c
[cpp] /software/gcc-12.2.0-el8-x86_64/bin/gcc -E conftest.c
[cpp] /software/gcc-12.2.0-el8-x86_64/bin/gcc -E conftest.c
[ccld] /software/gcc-12.2.0-el8-x86_64/bin/gcc -print-prog-name=ld
[cc] /software/gcc-12.2.0-el8-x86_64/bin/gcc -c -g -O2 conftest.c
[cc] /software/gcc-12.2.0-el8-x86_64/bin/gcc -c -g -O2 conftest.c
[cc] /software/gcc-12.2.0-el8-x86_64/bin/gcc -c -g -O2 conftest.c
[ccld] /software/gcc-12.2.0-el8-x86_64/bin/gcc -o conftest -g -O2 conftest.c conftstm.o
[cc] /software/gcc-12.2.0-el8-x86_64/bin/gcc -c -g -O2 conftest.c
[cc] /software/gcc-12.2.0-el8-x86_64/bin/gcc -c -g -O2 conftest.c
[cc] /software/gcc-12.2.0-el8-x86_64/bin/gcc -c -g -O2 conftest.c
[cc] /software/gcc-12.2.0-el8-x86_64/bin/gcc -c -g -O2 conftest.c
[cc] /software/gcc-12.2.0-el8-x86_64/bin/gcc -c -g -O2 conftest.c
[cc] /software/gcc-12.2.0-el8-x86_64/bin/gcc -c -g -O2 conftest.c
[cc] /software/gcc-12.2.0-el8-x86_64/bin/gcc -c -g -O2 conftest.c
[cc] /software/gcc-12.2.0-el8-x86_64/bin/gcc -c -g -O2 conftest.c
[cc] /software/gcc-12.2.0-el8-x86_64/bin/gcc -c -g -O2 conftest.c
[cc] /software/gcc-12.2.0-el8-x86_64/bin/gcc -c -g -O2 conftest.c
[cc] /software/gcc-12.2.0-el8-x86_64/bin/gcc -c -g -O2 conftest.c
[cc] /software/gcc-12.2.0-el8-x86_64/bin/gcc -c -g -O2 conftest.c
[ccld] /software/gcc-12.2.0-el8-x86_64/bin/gcc -o conftest -g -O2 conftest.c
[cc] /software/gcc-12.2.0-el8-x86_64/bin/gcc -c -g -O2 -fno-rtti -fno-exceptions conftest.c
[cc] /software/gcc-12.2.0-el8-x86_64/bin/gcc -c -g -O2 -fPIC -DPIC -DPIC conftest.c
[ccld] /software/gcc-12.2.0-el8-x86_64/bin/gcc -o conftest -g -O2 -static conftest.c
[cc] /software/gcc-12.2.0-el8-x86_64/bin/gcc -c -g -O2 -o out/conftest2.o conftest.c
[ld] ld -m elf_x86_64 --help
[ld] ld -m elf_x86_64 --help
[cc] /software/gcc-12.2.0-el8-x86_64/bin/gcc -c -g -O2 conftest.c
[ccld] /software/gcc-12.2.0-el8-x86_64/bin/gcc -print-search-dirs
[ccld] /software/gcc-12.2.0-el8-x86_64/bin/gcc -g -O2 -print-multi-os-directory
[ccld] /software/gcc-12.2.0-el8-x86_64/bin/gcc -o conftest -g -O2 -Wl,-rpath -Wl,/foo conftest.c
[ccld] /software/gcc-12.2.0-el8-x86_64/bin/gcc -o conftest -g -O2 conftest.c -lm
[cc] /software/gcc-12.2.0-el8-x86_64/bin/gcc -c -g -O2 -I/usr/include conftest.c
[cc] /software/gcc-12.2.0-el8-x86_64/bin/gcc -c -g -O2 conftest.c
[cc] /software/gcc-12.2.0-el8-x86_64/bin/gcc -c -g -O2 conftest.c
[cc] /software/gcc-12.2.0-el8-x86_64/bin/gcc -c -g -O2 conftest.c
[cc] /software/gcc-12.2.0-el8-x86_64/bin/gcc -c -g -O2 conftest.c
[cc] /software/gcc-12.2.0-el8-x86_64/bin/gcc -c -g -O2 conftest.c
[cc] /software/gcc-12.2.0-el8-x86_64/bin/gcc -c -g -O2 conftest.c
[cc] /software/gcc-12.2.0-el8-x86_64/bin/gcc -c -g -O2 conftest.c
[cc] /software/gcc-12.2.0-el8-x86_64/bin/gcc -c -g -O2 conftest.c
[cc] /software/gcc-12.2.0-el8-x86_64/bin/gcc -c -g -O2 conftest.c
[cc] /software/gcc-12.2.0-el8-x86_64/bin/gcc -c -g -O2 conftest.c
[cc] /software/gcc-12.2.0-el8-x86_64/bin/gcc -c -g -O2 conftest.c
[cc] /software/gcc-12.2.0-el8-x86_64/bin/gcc -c -g -O2 conftest.c
[cc] /software/gcc-12.2.0-el8-x86_64/bin/gcc -c -g -O2 conftest.c
[cc] /software/gcc-12.2.0-el8-x86_64/bin/gcc -c -g -O2 conftest.c
[ccld] /software/gcc-12.2.0-el8-x86_64/bin/gcc -o conftest -g -O2 -L/usr/lib conftest.c
[ccld] /software/gcc-12.2.0-el8-x86_64/bin/gcc -o conftest -g -O2 -L/usr/lib conftest.c
[ccld] /software/gcc-12.2.0-el8-x86_64/bin/gcc -o conftest -g -O2 -L/usr/lib conftest.c
[ccld] /software/gcc-12.2.0-el8-x86_64/bin/gcc -o conftest -g -O2 -L/usr/lib conftest.c
[ccld] /software/gcc-12.2.0-el8-x86_64/bin/gcc -o conftest -g -O2 -L/usr/lib conftest.c
[ccld] /software/gcc-12.2.0-el8-x86_64/bin/gcc -o conftest -g -O2 -L/usr/lib conftest.c
[ccld] /software/gcc-12.2.0-el8-x86_64/bin/gcc -o conftest -g -O2 -L/usr/lib conftest.c
[ccld] /software/gcc-12.2.0-el8-x86_64/bin/gcc -o conftest -g -O2 -L/usr/lib conftest.c
[ccld] /software/gcc-12.2.0-el8-x86_64/bin/gcc -o conftest -g -O2 -L/usr/lib conftest.c
[cc] /software/gcc-12.2.0-el8-x86_64/bin/gcc -c -g -O2 conftest.c
[cc] /software/gcc-12.2.0-el8-x86_64/bin/gcc -c -g -O2 conftest.c
[ccld] /software/gcc-12.2.0-el8-x86_64/bin/gcc -o conftest -g -O2 -L/usr/lib conftest.c
[ccld] /software/gcc-12.2.0-el8-x86_64/bin/gcc -o conftest -g -O2 -L/usr/lib conftest.c
[ccld] /software/gcc-12.2.0-el8-x86_64/bin/gcc -o conftest -g -O2 -L/usr/lib conftest.c
[cc] /software/gcc-12.2.0-el8-x86_64/bin/gcc -c -g -O2 conftest.c
[cc] /software/gcc-12.2.0-el8-x86_64/bin/gcc -c -g -O2 conftest.c
[ccld] /software/gcc-12.2.0-el8-x86_64/bin/gcc -o conftest -g -O2 -L/usr/lib conftest.c
[ccld] /software/gcc-12.2.0-el8-x86_64/bin/gcc -o conftest -g -O2 -L/usr/lib conftest.c
[cc] /software/gcc-12.2.0-el8-x86_64/bin/gcc -c -g -O2 conftest.c
[cc] /software/gcc-12.2.0-el8-x86_64/bin/gcc -c -g -O2 conftest.c
[cc] /software/gcc-12.2.0-el8-x86_64/bin/gcc -c -g -O2 conftest.c
[cc] /software/gcc-12.2.0-el8-x86_64/bin/gcc -c -g -O2 conftest.c
[ccld] /software/gcc-12.2.0-el8-x86_64/bin/gcc -o conftest -g -O2 -L/usr/lib conftest.c
[ccld] /software/gcc-12.2.0-el8-x86_64/bin/gcc -o conftest -g -O2 -L/usr/lib conftest.c
[ccld] /software/gcc-12.2.0-el8-x86_64/bin/gcc -o conftest -g -O2 -L/usr/lib conftest.c -ldld
[ccld] /software/gcc-12.2.0-el8-x86_64/bin/gcc -o conftest -g -O2 -L/usr/lib conftest.c
[ccld] /software/gcc-12.2.0-el8-x86_64/bin/gcc -o conftest -g -O2 -L/usr/lib conftest.c -ldl
[cc] /software/gcc-12.2.0-el8-x86_64/bin/gcc -c -g -O2 conftest.c
[ccld] /software/gcc-12.2.0-el8-x86_64/bin/gcc -o conftest -g -O2 -L/usr/lib conftest.c -lpthread
[cc] /software/gcc-12.2.0-el8-x86_64/bin/gcc -c -g -O2 -I/usr/include conftest.c
[ccld] /software/gcc-12.2.0-el8-x86_64/bin/gcc -o conftest -g -O2 -I/usr/include -L/usr/lib conftest.c
[ccld] /software/gcc-12.2.0-el8-x86_64/bin/gcc -o conftest -g -O2 -I/usr/include -L/usr/lib conftest.c
[ccld] /software/gcc-12.2.0-el8-x86_64/bin/gcc -o conftest -g -O2 -I/usr/include -L/usr/lib conftest.c
[cc] /software/gcc-12.2.0-el8-x86_64/bin/gcc -DHAVE_CONFIG_H -I. -I./include -I./include -DSYSCONFDIR="/software/sw/spack-mw3/apps/linux-centos8-x86_64_v3/gcc-12.2.0/libxml2-2.10.3-l3hrutq/etc" -I/usr/include -pedantic -Wall -Wextra -Wshadow -Wpointer-arith -Wcast-align -Wwrite-strings -Waggregate-return -Wstrict-prototypes -Wmissing-prototypes -Wnested-externs -Winline -Wredundant-decls -Wno-long-long -Wno-format-extra-args -g -O2 -MT xmllint.o -MD -MP -MF .deps/xmllint.Tpo -c -o xmllint.o xmllint.c
[cc] /software/gcc-12.2.0-el8-x86_64/bin/gcc -DHAVE_CONFIG_H -I. -I./include -I./include -DSYSCONFDIR="/software/sw/spack-mw3/apps/linux-centos8-x86_64_v3/gcc-12.2.0/libxml2-2.10.3-l3hrutq/etc" -I/usr/include -pedantic -Wall -Wextra -Wshadow -Wpointer-arith -Wcast-align -Wwrite-strings -Waggregate-return -Wstrict-prototypes -Wmissing-prototypes -Wnested-externs -Winline -Wredundant-decls -Wno-long-long -Wno-format-extra-args -D_REENTRANT -I/software/sw/spack-mw3/apps/linux-centos8-x86_64_v3/gcc-8.4.1/zlib-ng-2.1.6-vi7a4xh/include -DWITH_GZFILEOP -g -O2 -MT libxml2_la-SAX.lo -MD -MP -MF .deps/libxml2_la-SAX.Tpo -c SAX.c -o .libs/libxml2_la-SAX.o
[cc] /software/gcc-12.2.0-el8-x86_64/bin/gcc -DHAVE_CONFIG_H -I. -I./include -I./include -DSYSCONFDIR="/software/sw/spack-mw3/apps/linux-centos8-x86_64_v3/gcc-12.2.0/libxml2-2.10.3-l3hrutq/etc" -I/usr/include -pedantic -Wall -Wextra -Wshadow -Wpointer-arith -Wcast-align -Wwrite-strings -Waggregate-return -Wstrict-prototypes -Wmissing-prototypes -Wnested-externs -Winline -Wredundant-decls -Wno-long-long -Wno-format-extra-args -D_REENTRANT -I/software/sw/spack-mw3/apps/linux-centos8-x86_64_v3/gcc-8.4.1/zlib-ng-2.1.6-vi7a4xh/include -DWITH_GZFILEOP -g -O2 -MT libxml2_la-entities.lo -MD -MP -MF .deps/libxml2_la-entities.Tpo -c entities.c -o .libs/libxml2_la-entities.o
[cc] /software/gcc-12.2.0-el8-x86_64/bin/gcc -DHAVE_CONFIG_H -I. -I./include -I./include -DSYSCONFDIR="/software/sw/spack-mw3/apps/linux-centos8-x86_64_v3/gcc-12.2.0/libxml2-2.10.3-l3hrutq/etc" -I/usr/include -pedantic -Wall -Wextra -Wshadow -Wpointer-arith -Wcast-align -Wwrite-strings -Waggregate-return -Wstrict-prototypes -Wmissing-prototypes -Wnested-externs -Winline -Wredundant-decls -Wno-long-long -Wno-format-extra-args -D_REENTRANT -I/software/sw/spack-mw3/apps/linux-centos8-x86_64_v3/gcc-8.4.1/zlib-ng-2.1.6-vi7a4xh/include -DWITH_GZFILEOP -g -O2 -MT libxml2_la-encoding.lo -MD -MP -MF .deps/libxml2_la-encoding.Tpo -c encoding.c -o .libs/libxml2_la-encoding.o
[cc] /software/gcc-12.2.0-el8-x86_64/bin/gcc -DHAVE_CONFIG_H -I. -I./include -I./include -DSYSCONFDIR="/software/sw/spack-mw3/apps/linux-centos8-x86_64_v3/gcc-12.2.0/libxml2-2.10.3-l3hrutq/etc" -I/usr/include -pedantic -Wall -Wextra -Wshadow -Wpointer-arith -Wcast-align -Wwrite-strings -Waggregate-return -Wstrict-prototypes -Wmissing-prototypes -Wnested-externs -Winline -Wredundant-decls -Wno-long-long -Wno-format-extra-args -D_REENTRANT -I/software/sw/spack-mw3/apps/linux-centos8-x86_64_v3/gcc-8.4.1/zlib-ng-2.1.6-vi7a4xh/include -DWITH_GZFILEOP -g -O2 -MT libxml2_la-error.lo -MD -MP -MF .deps/libxml2_la-error.Tpo -c error.c -o .libs/libxml2_la-error.o
[cc] /software/gcc-12.2.0-el8-x86_64/bin/gcc -DHAVE_CONFIG_H -I. -I./include -I./include -DSYSCONFDIR="/software/sw/spack-mw3/apps/linux-centos8-x86_64_v3/gcc-12.2.0/libxml2-2.10.3-l3hrutq/etc" -I/usr/include -pedantic -Wall -Wextra -Wshadow -Wpointer-arith -Wcast-align -Wwrite-strings -Waggregate-return -Wstrict-prototypes -Wmissing-prototypes -Wnested-externs -Winline -Wredundant-decls -Wno-long-long -Wno-format-extra-args -D_REENTRANT -I/software/sw/spack-mw3/apps/linux-centos8-x86_64_v3/gcc-8.4.1/zlib-ng-2.1.6-vi7a4xh/include -DWITH_GZFILEOP -g -O2 -MT libxml2_la-parser.lo -MD -MP -MF .deps/libxml2_la-parser.Tpo -c parser.c -o .libs/libxml2_la-parser.o
[cc] /software/gcc-12.2.0-el8-x86_64/bin/gcc -DHAVE_CONFIG_H -I. -I./include -I./include -DSYSCONFDIR="/software/sw/spack-mw3/apps/linux-centos8-x86_64_v3/gcc-12.2.0/libxml2-2.10.3-l3hrutq/etc" -I/usr/include -pedantic -Wall -Wextra -Wshadow -Wpointer-arith -Wcast-align -Wwrite-strings -Waggregate-return -Wstrict-prototypes -Wmissing-prototypes -Wnested-externs -Winline -Wredundant-decls -Wno-long-long -Wno-format-extra-args -D_REENTRANT -I/software/sw/spack-mw3/apps/linux-centos8-x86_64_v3/gcc-8.4.1/zlib-ng-2.1.6-vi7a4xh/include -DWITH_GZFILEOP -g -O2 -MT libxml2_la-hash.lo -MD -MP -MF .deps/libxml2_la-hash.Tpo -c hash.c -o .libs/libxml2_la-hash.o
[cc] /software/gcc-12.2.0-el8-x86_64/bin/gcc -DHAVE_CONFIG_H -I. -I./include -I./include -DSYSCONFDIR="/software/sw/spack-mw3/apps/linux-centos8-x86_64_v3/gcc-12.2.0/libxml2-2.10.3-l3hrutq/etc" -I/usr/include -pedantic -Wall -Wextra -Wshadow -Wpointer-arith -Wcast-align -Wwrite-strings -Waggregate-return -Wstrict-prototypes -Wmissing-prototypes -Wnested-externs -Winline -Wredundant-decls -Wno-long-long -Wno-format-extra-args -D_REENTRANT -I/software/sw/spack-mw3/apps/linux-centos8-x86_64_v3/gcc-8.4.1/zlib-ng-2.1.6-vi7a4xh/include -DWITH_GZFILEOP -g -O2 -MT libxml2_la-valid.lo -MD -MP -MF .deps/libxml2_la-valid.Tpo -c valid.c -o .libs/libxml2_la-valid.o
[cc] /software/gcc-12.2.0-el8-x86_64/bin/gcc -DHAVE_CONFIG_H -I. -I./include -I./include -DSYSCONFDIR="/software/sw/spack-mw3/apps/linux-centos8-x86_64_v3/gcc-12.2.0/libxml2-2.10.3-l3hrutq/etc" -I/usr/include -pedantic -Wall -Wextra -Wshadow -Wpointer-arith -Wcast-align -Wwrite-strings -Waggregate-return -Wstrict-prototypes -Wmissing-prototypes -Wnested-externs -Winline -Wredundant-decls -Wno-long-long -Wno-format-extra-args -D_REENTRANT -I/software/sw/spack-mw3/apps/linux-centos8-x86_64_v3/gcc-8.4.1/zlib-ng-2.1.6-vi7a4xh/include -DWITH_GZFILEOP -g -O2 -MT libxml2_la-xmlmemory.lo -MD -MP -MF .deps/libxml2_la-xmlmemory.Tpo -c xmlmemory.c -o .libs/libxml2_la-xmlmemory.o
[cc] /software/gcc-12.2.0-el8-x86_64/bin/gcc -DHAVE_CONFIG_H -I. -I./include -I./include -DSYSCONFDIR="/software/sw/spack-mw3/apps/linux-centos8-x86_64_v3/gcc-12.2.0/libxml2-2.10.3-l3hrutq/etc" -I/usr/include -pedantic -Wall -Wextra -Wshadow -Wpointer-arith -Wcast-align -Wwrite-strings -Waggregate-return -Wstrict-prototypes -Wmissing-prototypes -Wnested-externs -Winline -Wredundant-decls -Wno-long-long -Wno-format-extra-args -D_REENTRANT -I/software/sw/spack-mw3/apps/linux-centos8-x86_64_v3/gcc-8.4.1/zlib-ng-2.1.6-vi7a4xh/include -DWITH_GZFILEOP -g -O2 -MT libxml2_la-parserInternals.lo -MD -MP -MF .deps/libxml2_la-parserInternals.Tpo -c parserInternals.c -o .libs/libxml2_la-parserInternals.o
[cc] /software/gcc-12.2.0-el8-x86_64/bin/gcc -DHAVE_CONFIG_H -I. -I./include -I./include -DSYSCONFDIR="/software/sw/spack-mw3/apps/linux-centos8-x86_64_v3/gcc-12.2.0/libxml2-2.10.3-l3hrutq/etc" -I/usr/include -pedantic -Wall -Wextra -Wshadow -Wpointer-arith -Wcast-align -Wwrite-strings -Waggregate-return -Wstrict-prototypes -Wmissing-prototypes -Wnested-externs -Winline -Wredundant-decls -Wno-long-long -Wno-format-extra-args -D_REENTRANT -I/software/sw/spack-mw3/apps/linux-centos8-x86_64_v3/gcc-8.4.1/zlib-ng-2.1.6-vi7a4xh/include -DWITH_GZFILEOP -g -O2 -MT libxml2_la-list.lo -MD -MP -MF .deps/libxml2_la-list.Tpo -c list.c -o .libs/libxml2_la-list.o
[cc] /software/gcc-12.2.0-el8-x86_64/bin/gcc -DHAVE_CONFIG_H -I. -I./include -I./include -DSYSCONFDIR="/software/sw/spack-mw3/apps/linux-centos8-x86_64_v3/gcc-12.2.0/libxml2-2.10.3-l3hrutq/etc" -I/usr/include -pedantic -Wall -Wextra -Wshadow -Wpointer-arith -Wcast-align -Wwrite-strings -Waggregate-return -Wstrict-prototypes -Wmissing-prototypes -Wnested-externs -Winline -Wredundant-decls -Wno-long-long -Wno-format-extra-args -D_REENTRANT -I/software/sw/spack-mw3/apps/linux-centos8-x86_64_v3/gcc-8.4.1/zlib-ng-2.1.6-vi7a4xh/include -DWITH_GZFILEOP -g -O2 -MT libxml2_la-tree.lo -MD -MP -MF .deps/libxml2_la-tree.Tpo -c tree.c -o .libs/libxml2_la-tree.o
[cc] /software/gcc-12.2.0-el8-x86_64/bin/gcc -DHAVE_CONFIG_H -I. -I./include -I./include -DSYSCONFDIR="/software/sw/spack-mw3/apps/linux-centos8-x86_64_v3/gcc-12.2.0/libxml2-2.10.3-l3hrutq/etc" -I/usr/include -pedantic -Wall -Wextra -Wshadow -Wpointer-arith -Wcast-align -Wwrite-strings -Waggregate-return -Wstrict-prototypes -Wmissing-prototypes -Wnested-externs -Winline -Wredundant-decls -Wno-long-long -Wno-format-extra-args -D_REENTRANT -I/software/sw/spack-mw3/apps/linux-centos8-x86_64_v3/gcc-8.4.1/zlib-ng-2.1.6-vi7a4xh/include -DWITH_GZFILEOP -g -O2 -MT libxml2_la-HTMLparser.lo -MD -MP -MF .deps/libxml2_la-HTMLparser.Tpo -c HTMLparser.c -o .libs/libxml2_la-HTMLparser.o
[cc] /software/gcc-12.2.0-el8-x86_64/bin/gcc -DHAVE_CONFIG_H -I. -I./include -I./include -DSYSCONFDIR="/software/sw/spack-mw3/apps/linux-centos8-x86_64_v3/gcc-12.2.0/libxml2-2.10.3-l3hrutq/etc" -I/usr/include -pedantic -Wall -Wextra -Wshadow -Wpointer-arith -Wcast-align -Wwrite-strings -Waggregate-return -Wstrict-prototypes -Wmissing-prototypes -Wnested-externs -Winline -Wredundant-decls -Wno-long-long -Wno-format-extra-args -D_REENTRANT -I/software/sw/spack-mw3/apps/linux-centos8-x86_64_v3/gcc-8.4.1/zlib-ng-2.1.6-vi7a4xh/include -DWITH_GZFILEOP -g -O2 -MT libxml2_la-uri.lo -MD -MP -MF .deps/libxml2_la-uri.Tpo -c uri.c -o .libs/libxml2_la-uri.o
[cc] /software/gcc-12.2.0-el8-x86_64/bin/gcc -DHAVE_CONFIG_H -I. -I./include -I./include -DSYSCONFDIR="/software/sw/spack-mw3/apps/linux-centos8-x86_64_v3/gcc-12.2.0/libxml2-2.10.3-l3hrutq/etc" -I/usr/include -pedantic -Wall -Wextra -Wshadow -Wpointer-arith -Wcast-align -Wwrite-strings -Waggregate-return -Wstrict-prototypes -Wmissing-prototypes -Wnested-externs -Winline -Wredundant-decls -Wno-long-long -Wno-format-extra-args -D_REENTRANT -I/software/sw/spack-mw3/apps/linux-centos8-x86_64_v3/gcc-8.4.1/zlib-ng-2.1.6-vi7a4xh/include -DWITH_GZFILEOP -g -O2 -MT libxml2_la-xlink.lo -MD -MP -MF .deps/libxml2_la-xlink.Tpo -c xlink.c -o .libs/libxml2_la-xlink.o
[cc] /software/gcc-12.2.0-el8-x86_64/bin/gcc -DHAVE_CONFIG_H -I. -I./include -I./include -DSYSCONFDIR="/software/sw/spack-mw3/apps/linux-centos8-x86_64_v3/gcc-12.2.0/libxml2-2.10.3-l3hrutq/etc" -I/usr/include -pedantic -Wall -Wextra -Wshadow -Wpointer-arith -Wcast-align -Wwrite-strings -Waggregate-return -Wstrict-prototypes -Wmissing-prototypes -Wnested-externs -Winline -Wredundant-decls -Wno-long-long -Wno-format-extra-args -D_REENTRANT -I/software/sw/spack-mw3/apps/linux-centos8-x86_64_v3/gcc-8.4.1/zlib-ng-2.1.6-vi7a4xh/include -DWITH_GZFILEOP -g -O2 -MT libxml2_la-xmlIO.lo -MD -MP -MF .deps/libxml2_la-xmlIO.Tpo -c xmlIO.c -o .libs/libxml2_la-xmlIO.o
[cc] /software/gcc-12.2.0-el8-x86_64/bin/gcc -DHAVE_CONFIG_H -I. -I./include -I./include -DSYSCONFDIR="/software/sw/spack-mw3/apps/linux-centos8-x86_64_v3/gcc-12.2.0/libxml2-2.10.3-l3hrutq/etc" -I/usr/include -pedantic -Wall -Wextra -Wshadow -Wpointer-arith -Wcast-align -Wwrite-strings -Waggregate-return -Wstrict-prototypes -Wmissing-prototypes -Wnested-externs -Winline -Wredundant-decls -Wno-long-long -Wno-format-extra-args -D_REENTRANT -I/software/sw/spack-mw3/apps/linux-centos8-x86_64_v3/gcc-8.4.1/zlib-ng-2.1.6-vi7a4xh/include -DWITH_GZFILEOP -g -O2 -MT libxml2_la-HTMLtree.lo -MD -MP -MF .deps/libxml2_la-HTMLtree.Tpo -c HTMLtree.c -o .libs/libxml2_la-HTMLtree.o
[cc] /software/gcc-12.2.0-el8-x86_64/bin/gcc -DHAVE_CONFIG_H -I. -I./include -I./include -DSYSCONFDIR="/software/sw/spack-mw3/apps/linux-centos8-x86_64_v3/gcc-12.2.0/libxml2-2.10.3-l3hrutq/etc" -I/usr/include -pedantic -Wall -Wextra -Wshadow -Wpointer-arith -Wcast-align -Wwrite-strings -Waggregate-return -Wstrict-prototypes -Wmissing-prototypes -Wnested-externs -Winline -Wredundant-decls -Wno-long-long -Wno-format-extra-args -D_REENTRANT -I/software/sw/spack-mw3/apps/linux-centos8-x86_64_v3/gcc-8.4.1/zlib-ng-2.1.6-vi7a4xh/include -DWITH_GZFILEOP -g -O2 -MT libxml2_la-debugXML.lo -MD -MP -MF .deps/libxml2_la-debugXML.Tpo -c debugXML.c -o .libs/libxml2_la-debugXML.o
[cc] /software/gcc-12.2.0-el8-x86_64/bin/gcc -DHAVE_CONFIG_H -I. -I./include -I./include -DSYSCONFDIR="/software/sw/spack-mw3/apps/linux-centos8-x86_64_v3/gcc-12.2.0/libxml2-2.10.3-l3hrutq/etc" -I/usr/include -pedantic -Wall -Wextra -Wshadow -Wpointer-arith -Wcast-align -Wwrite-strings -Waggregate-return -Wstrict-prototypes -Wmissing-prototypes -Wnested-externs -Winline -Wredundant-decls -Wno-long-long -Wno-format-extra-args -D_REENTRANT -I/software/sw/spack-mw3/apps/linux-centos8-x86_64_v3/gcc-8.4.1/zlib-ng-2.1.6-vi7a4xh/include -DWITH_GZFILEOP -g -O2 -MT libxml2_la-xpath.lo -MD -MP -MF .deps/libxml2_la-xpath.Tpo -c xpath.c -o .libs/libxml2_la-xpath.o
[cc] /software/gcc-12.2.0-el8-x86_64/bin/gcc -DHAVE_CONFIG_H -I. -I./include -I./include -DSYSCONFDIR="/software/sw/spack-mw3/apps/linux-centos8-x86_64_v3/gcc-12.2.0/libxml2-2.10.3-l3hrutq/etc" -I/usr/include -pedantic -Wall -Wextra -Wshadow -Wpointer-arith -Wcast-align -Wwrite-strings -Waggregate-return -Wstrict-prototypes -Wmissing-prototypes -Wnested-externs -Winline -Wredundant-decls -Wno-long-long -Wno-format-extra-args -D_REENTRANT -I/software/sw/spack-mw3/apps/linux-centos8-x86_64_v3/gcc-8.4.1/zlib-ng-2.1.6-vi7a4xh/include -DWITH_GZFILEOP -g -O2 -MT libxml2_la-xpointer.lo -MD -MP -MF .deps/libxml2_la-xpointer.Tpo -c xpointer.c -o .libs/libxml2_la-xpointer.o
[cc] /software/gcc-12.2.0-el8-x86_64/bin/gcc -DHAVE_CONFIG_H -I. -I./include -I./include -DSYSCONFDIR="/software/sw/spack-mw3/apps/linux-centos8-x86_64_v3/gcc-12.2.0/libxml2-2.10.3-l3hrutq/etc" -I/usr/include -pedantic -Wall -Wextra -Wshadow -Wpointer-arith -Wcast-align -Wwrite-strings -Waggregate-return -Wstrict-prototypes -Wmissing-prototypes -Wnested-externs -Winline -Wredundant-decls -Wno-long-long -Wno-format-extra-args -D_REENTRANT -I/software/sw/spack-mw3/apps/linux-centos8-x86_64_v3/gcc-8.4.1/zlib-ng-2.1.6-vi7a4xh/include -DWITH_GZFILEOP -g -O2 -MT libxml2_la-xinclude.lo -MD -MP -MF .deps/libxml2_la-xinclude.Tpo -c xinclude.c -o .libs/libxml2_la-xinclude.o
[cc] /software/gcc-12.2.0-el8-x86_64/bin/gcc -DHAVE_CONFIG_H -I. -I./include -I./include -DSYSCONFDIR="/software/sw/spack-mw3/apps/linux-centos8-x86_64_v3/gcc-12.2.0/libxml2-2.10.3-l3hrutq/etc" -I/usr/include -pedantic -Wall -Wextra -Wshadow -Wpointer-arith -Wcast-align -Wwrite-strings -Waggregate-return -Wstrict-prototypes -Wmissing-prototypes -Wnested-externs -Winline -Wredundant-decls -Wno-long-long -Wno-format-extra-args -D_REENTRANT -I/software/sw/spack-mw3/apps/linux-centos8-x86_64_v3/gcc-8.4.1/zlib-ng-2.1.6-vi7a4xh/include -DWITH_GZFILEOP -g -O2 -MT libxml2_la-nanohttp.lo -MD -MP -MF .deps/libxml2_la-nanohttp.Tpo -c nanohttp.c -o .libs/libxml2_la-nanohttp.o
[cc] /software/gcc-12.2.0-el8-x86_64/bin/gcc -DHAVE_CONFIG_H -I. -I./include -I./include -DSYSCONFDIR="/software/sw/spack-mw3/apps/linux-centos8-x86_64_v3/gcc-12.2.0/libxml2-2.10.3-l3hrutq/etc" -I/usr/include -pedantic -Wall -Wextra -Wshadow -Wpointer-arith -Wcast-align -Wwrite-strings -Waggregate-return -Wstrict-prototypes -Wmissing-prototypes -Wnested-externs -Winline -Wredundant-decls -Wno-long-long -Wno-format-extra-args -D_REENTRANT -I/software/sw/spack-mw3/apps/linux-centos8-x86_64_v3/gcc-8.4.1/zlib-ng-2.1.6-vi7a4xh/include -DWITH_GZFILEOP -g -O2 -MT libxml2_la-nanoftp.lo -MD -MP -MF .deps/libxml2_la-nanoftp.Tpo -c nanoftp.c -o .libs/libxml2_la-nanoftp.o
[cc] /software/gcc-12.2.0-el8-x86_64/bin/gcc -DHAVE_CONFIG_H -I. -I./include -I./include -DSYSCONFDIR="/software/sw/spack-mw3/apps/linux-centos8-x86_64_v3/gcc-12.2.0/libxml2-2.10.3-l3hrutq/etc" -I/usr/include -pedantic -Wall -Wextra -Wshadow -Wpointer-arith -Wcast-align -Wwrite-strings -Waggregate-return -Wstrict-prototypes -Wmissing-prototypes -Wnested-externs -Winline -Wredundant-decls -Wno-long-long -Wno-format-extra-args -D_REENTRANT -I/software/sw/spack-mw3/apps/linux-centos8-x86_64_v3/gcc-8.4.1/zlib-ng-2.1.6-vi7a4xh/include -DWITH_GZFILEOP -g -O2 -MT libxml2_la-catalog.lo -MD -MP -MF .deps/libxml2_la-catalog.Tpo -c catalog.c -o .libs/libxml2_la-catalog.o
[cc] /software/gcc-12.2.0-el8-x86_64/bin/gcc -DHAVE_CONFIG_H -I. -I./include -I./include -DSYSCONFDIR="/software/sw/spack-mw3/apps/linux-centos8-x86_64_v3/gcc-12.2.0/libxml2-2.10.3-l3hrutq/etc" -I/usr/include -pedantic -Wall -Wextra -Wshadow -Wpointer-arith -Wcast-align -Wwrite-strings -Waggregate-return -Wstrict-prototypes -Wmissing-prototypes -Wnested-externs -Winline -Wredundant-decls -Wno-long-long -Wno-format-extra-args -D_REENTRANT -I/software/sw/spack-mw3/apps/linux-centos8-x86_64_v3/gcc-8.4.1/zlib-ng-2.1.6-vi7a4xh/include -DWITH_GZFILEOP -g -O2 -MT libxml2_la-globals.lo -MD -MP -MF .deps/libxml2_la-globals.Tpo -c globals.c -o .libs/libxml2_la-globals.o
[cc] /software/gcc-12.2.0-el8-x86_64/bin/gcc -DHAVE_CONFIG_H -I. -I./include -I./include -DSYSCONFDIR="/software/sw/spack-mw3/apps/linux-centos8-x86_64_v3/gcc-12.2.0/libxml2-2.10.3-l3hrutq/etc" -I/usr/include -pedantic -Wall -Wextra -Wshadow -Wpointer-arith -Wcast-align -Wwrite-strings -Waggregate-return -Wstrict-prototypes -Wmissing-prototypes -Wnested-externs -Winline -Wredundant-decls -Wno-long-long -Wno-format-extra-args -D_REENTRANT -I/software/sw/spack-mw3/apps/linux-centos8-x86_64_v3/gcc-8.4.1/zlib-ng-2.1.6-vi7a4xh/include -DWITH_GZFILEOP -g -O2 -MT libxml2_la-threads.lo -MD -MP -MF .deps/libxml2_la-threads.Tpo -c threads.c -o .libs/libxml2_la-threads.o
[cc] /software/gcc-12.2.0-el8-x86_64/bin/gcc -DHAVE_CONFIG_H -I. -I./include -I./include -DSYSCONFDIR="/software/sw/spack-mw3/apps/linux-centos8-x86_64_v3/gcc-12.2.0/libxml2-2.10.3-l3hrutq/etc" -I/usr/include -pedantic -Wall -Wextra -Wshadow -Wpointer-arith -Wcast-align -Wwrite-strings -Waggregate-return -Wstrict-prototypes -Wmissing-prototypes -Wnested-externs -Winline -Wredundant-decls -Wno-long-long -Wno-format-extra-args -D_REENTRANT -I/software/sw/spack-mw3/apps/linux-centos8-x86_64_v3/gcc-8.4.1/zlib-ng-2.1.6-vi7a4xh/include -DWITH_GZFILEOP -g -O2 -MT libxml2_la-c14n.lo -MD -MP -MF .deps/libxml2_la-c14n.Tpo -c c14n.c -o .libs/libxml2_la-c14n.o
[cc] /software/gcc-12.2.0-el8-x86_64/bin/gcc -DHAVE_CONFIG_H -I. -I./include -I./include -DSYSCONFDIR="/software/sw/spack-mw3/apps/linux-centos8-x86_64_v3/gcc-12.2.0/libxml2-2.10.3-l3hrutq/etc" -I/usr/include -pedantic -Wall -Wextra -Wshadow -Wpointer-arith -Wcast-align -Wwrite-strings -Waggregate-return -Wstrict-prototypes -Wmissing-prototypes -Wnested-externs -Winline -Wredundant-decls -Wno-long-long -Wno-format-extra-args -D_REENTRANT -I/software/sw/spack-mw3/apps/linux-centos8-x86_64_v3/gcc-8.4.1/zlib-ng-2.1.6-vi7a4xh/include -DWITH_GZFILEOP -g -O2 -MT libxml2_la-xmlstring.lo -MD -MP -MF .deps/libxml2_la-xmlstring.Tpo -c xmlstring.c -o .libs/libxml2_la-xmlstring.o
[cc] /software/gcc-12.2.0-el8-x86_64/bin/gcc -DHAVE_CONFIG_H -I. -I./include -I./include -DSYSCONFDIR="/software/sw/spack-mw3/apps/linux-centos8-x86_64_v3/gcc-12.2.0/libxml2-2.10.3-l3hrutq/etc" -I/usr/include -pedantic -Wall -Wextra -Wshadow -Wpointer-arith -Wcast-align -Wwrite-strings -Waggregate-return -Wstrict-prototypes -Wmissing-prototypes -Wnested-externs -Winline -Wredundant-decls -Wno-long-long -Wno-format-extra-args -D_REENTRANT -I/software/sw/spack-mw3/apps/linux-centos8-x86_64_v3/gcc-8.4.1/zlib-ng-2.1.6-vi7a4xh/include -DWITH_GZFILEOP -g -O2 -MT libxml2_la-buf.lo -MD -MP -MF .deps/libxml2_la-buf.Tpo -c buf.c -o .libs/libxml2_la-buf.o
[cc] /software/gcc-12.2.0-el8-x86_64/bin/gcc -DHAVE_CONFIG_H -I. -I./include -I./include -DSYSCONFDIR="/software/sw/spack-mw3/apps/linux-centos8-x86_64_v3/gcc-12.2.0/libxml2-2.10.3-l3hrutq/etc" -I/usr/include -pedantic -Wall -Wextra -Wshadow -Wpointer-arith -Wcast-align -Wwrite-strings -Waggregate-return -Wstrict-prototypes -Wmissing-prototypes -Wnested-externs -Winline -Wredundant-decls -Wno-long-long -Wno-format-extra-args -D_REENTRANT -I/software/sw/spack-mw3/apps/linux-centos8-x86_64_v3/gcc-8.4.1/zlib-ng-2.1.6-vi7a4xh/include -DWITH_GZFILEOP -g -O2 -MT libxml2_la-xmlregexp.lo -MD -MP -MF .deps/libxml2_la-xmlregexp.Tpo -c xmlregexp.c -o .libs/libxml2_la-xmlregexp.o
[cc] /software/gcc-12.2.0-el8-x86_64/bin/gcc -DHAVE_CONFIG_H -I. -I./include -I./include -DSYSCONFDIR="/software/sw/spack-mw3/apps/linux-centos8-x86_64_v3/gcc-12.2.0/libxml2-2.10.3-l3hrutq/etc" -I/usr/include -pedantic -Wall -Wextra -Wshadow -Wpointer-arith -Wcast-align -Wwrite-strings -Waggregate-return -Wstrict-prototypes -Wmissing-prototypes -Wnested-externs -Winline -Wredundant-decls -Wno-long-long -Wno-format-extra-args -D_REENTRANT -I/software/sw/spack-mw3/apps/linux-centos8-x86_64_v3/gcc-8.4.1/zlib-ng-2.1.6-vi7a4xh/include -DWITH_GZFILEOP -g -O2 -MT libxml2_la-xmlschemas.lo -MD -MP -MF .deps/libxml2_la-xmlschemas.Tpo -c xmlschemas.c -o .libs/libxml2_la-xmlschemas.o
[cc] /software/gcc-12.2.0-el8-x86_64/bin/gcc -DHAVE_CONFIG_H -I. -I./include -I./include -DSYSCONFDIR="/software/sw/spack-mw3/apps/linux-centos8-x86_64_v3/gcc-12.2.0/libxml2-2.10.3-l3hrutq/etc" -I/usr/include -pedantic -Wall -Wextra -Wshadow -Wpointer-arith -Wcast-align -Wwrite-strings -Waggregate-return -Wstrict-prototypes -Wmissing-prototypes -Wnested-externs -Winline -Wredundant-decls -Wno-long-long -Wno-format-extra-args -D_REENTRANT -I/software/sw/spack-mw3/apps/linux-centos8-x86_64_v3/gcc-8.4.1/zlib-ng-2.1.6-vi7a4xh/include -DWITH_GZFILEOP -g -O2 -MT libxml2_la-xmlschemastypes.lo -MD -MP -MF .deps/libxml2_la-xmlschemastypes.Tpo -c xmlschemastypes.c -o .libs/libxml2_la-xmlschemastypes.o
[cc] /software/gcc-12.2.0-el8-x86_64/bin/gcc -DHAVE_CONFIG_H -I. -I./include -I./include -DSYSCONFDIR="/software/sw/spack-mw3/apps/linux-centos8-x86_64_v3/gcc-12.2.0/libxml2-2.10.3-l3hrutq/etc" -I/usr/include -pedantic -Wall -Wextra -Wshadow -Wpointer-arith -Wcast-align -Wwrite-strings -Waggregate-return -Wstrict-prototypes -Wmissing-prototypes -Wnested-externs -Winline -Wredundant-decls -Wno-long-long -Wno-format-extra-args -D_REENTRANT -I/software/sw/spack-mw3/apps/linux-centos8-x86_64_v3/gcc-8.4.1/zlib-ng-2.1.6-vi7a4xh/include -DWITH_GZFILEOP -g -O2 -MT libxml2_la-xmlunicode.lo -MD -MP -MF .deps/libxml2_la-xmlunicode.Tpo -c xmlunicode.c -o .libs/libxml2_la-xmlunicode.o
[cc] /software/gcc-12.2.0-el8-x86_64/bin/gcc -DHAVE_CONFIG_H -I. -I./include -I./include -DSYSCONFDIR="/software/sw/spack-mw3/apps/linux-centos8-x86_64_v3/gcc-12.2.0/libxml2-2.10.3-l3hrutq/etc" -I/usr/include -pedantic -Wall -Wextra -Wshadow -Wpointer-arith -Wcast-align -Wwrite-strings -Waggregate-return -Wstrict-prototypes -Wmissing-prototypes -Wnested-externs -Winline -Wredundant-decls -Wno-long-long -Wno-format-extra-args -D_REENTRANT -I/software/sw/spack-mw3/apps/linux-centos8-x86_64_v3/gcc-8.4.1/zlib-ng-2.1.6-vi7a4xh/include -DWITH_GZFILEOP -g -O2 -MT libxml2_la-xmlreader.lo -MD -MP -MF .deps/libxml2_la-xmlreader.Tpo -c xmlreader.c -o .libs/libxml2_la-xmlreader.o
[cc] /software/gcc-12.2.0-el8-x86_64/bin/gcc -DHAVE_CONFIG_H -I. -I./include -I./include -DSYSCONFDIR="/software/sw/spack-mw3/apps/linux-centos8-x86_64_v3/gcc-12.2.0/libxml2-2.10.3-l3hrutq/etc" -I/usr/include -pedantic -Wall -Wextra -Wshadow -Wpointer-arith -Wcast-align -Wwrite-strings -Waggregate-return -Wstrict-prototypes -Wmissing-prototypes -Wnested-externs -Winline -Wredundant-decls -Wno-long-long -Wno-format-extra-args -D_REENTRANT -I/software/sw/spack-mw3/apps/linux-centos8-x86_64_v3/gcc-8.4.1/zlib-ng-2.1.6-vi7a4xh/include -DWITH_GZFILEOP -g -O2 -MT libxml2_la-relaxng.lo -MD -MP -MF .deps/libxml2_la-relaxng.Tpo -c relaxng.c -o .libs/libxml2_la-relaxng.o
[cc] /software/gcc-12.2.0-el8-x86_64/bin/gcc -DHAVE_CONFIG_H -I. -I./include -I./include -DSYSCONFDIR="/software/sw/spack-mw3/apps/linux-centos8-x86_64_v3/gcc-12.2.0/libxml2-2.10.3-l3hrutq/etc" -I/usr/include -pedantic -Wall -Wextra -Wshadow -Wpointer-arith -Wcast-align -Wwrite-strings -Waggregate-return -Wstrict-prototypes -Wmissing-prototypes -Wnested-externs -Winline -Wredundant-decls -Wno-long-long -Wno-format-extra-args -D_REENTRANT -I/software/sw/spack-mw3/apps/linux-centos8-x86_64_v3/gcc-8.4.1/zlib-ng-2.1.6-vi7a4xh/include -DWITH_GZFILEOP -g -O2 -MT libxml2_la-dict.lo -MD -MP -MF .deps/libxml2_la-dict.Tpo -c dict.c -o .libs/libxml2_la-dict.o
[cc] /software/gcc-12.2.0-el8-x86_64/bin/gcc -DHAVE_CONFIG_H -I. -I./include -I./include -DSYSCONFDIR="/software/sw/spack-mw3/apps/linux-centos8-x86_64_v3/gcc-12.2.0/libxml2-2.10.3-l3hrutq/etc" -I/usr/include -pedantic -Wall -Wextra -Wshadow -Wpointer-arith -Wcast-align -Wwrite-strings -Waggregate-return -Wstrict-prototypes -Wmissing-prototypes -Wnested-externs -Winline -Wredundant-decls -Wno-long-long -Wno-format-extra-args -D_REENTRANT -I/software/sw/spack-mw3/apps/linux-centos8-x86_64_v3/gcc-8.4.1/zlib-ng-2.1.6-vi7a4xh/include -DWITH_GZFILEOP -g -O2 -MT libxml2_la-SAX2.lo -MD -MP -MF .deps/libxml2_la-SAX2.Tpo -c SAX2.c -o .libs/libxml2_la-SAX2.o
[cc] /software/gcc-12.2.0-el8-x86_64/bin/gcc -DHAVE_CONFIG_H -I. -I./include -I./include -DSYSCONFDIR="/software/sw/spack-mw3/apps/linux-centos8-x86_64_v3/gcc-12.2.0/libxml2-2.10.3-l3hrutq/etc" -I/usr/include -pedantic -Wall -Wextra -Wshadow -Wpointer-arith -Wcast-align -Wwrite-strings -Waggregate-return -Wstrict-prototypes -Wmissing-prototypes -Wnested-externs -Winline -Wredundant-decls -Wno-long-long -Wno-format-extra-args -D_REENTRANT -I/software/sw/spack-mw3/apps/linux-centos8-x86_64_v3/gcc-8.4.1/zlib-ng-2.1.6-vi7a4xh/include -DWITH_GZFILEOP -g -O2 -MT libxml2_la-xmlwriter.lo -MD -MP -MF .deps/libxml2_la-xmlwriter.Tpo -c xmlwriter.c -o .libs/libxml2_la-xmlwriter.o
[cc] /software/gcc-12.2.0-el8-x86_64/bin/gcc -DHAVE_CONFIG_H -I. -I./include -I./include -DSYSCONFDIR="/software/sw/spack-mw3/apps/linux-centos8-x86_64_v3/gcc-12.2.0/libxml2-2.10.3-l3hrutq/etc" -I/usr/include -pedantic -Wall -Wextra -Wshadow -Wpointer-arith -Wcast-align -Wwrite-strings -Waggregate-return -Wstrict-prototypes -Wmissing-prototypes -Wnested-externs -Winline -Wredundant-decls -Wno-long-long -Wno-format-extra-args -D_REENTRANT -I/software/sw/spack-mw3/apps/linux-centos8-x86_64_v3/gcc-8.4.1/zlib-ng-2.1.6-vi7a4xh/include -DWITH_GZFILEOP -g -O2 -MT libxml2_la-legacy.lo -MD -MP -MF .deps/libxml2_la-legacy.Tpo -c legacy.c -o .libs/libxml2_la-legacy.o
[cc] /software/gcc-12.2.0-el8-x86_64/bin/gcc -DHAVE_CONFIG_H -I. -I./include -I./include -DSYSCONFDIR="/software/sw/spack-mw3/apps/linux-centos8-x86_64_v3/gcc-12.2.0/libxml2-2.10.3-l3hrutq/etc" -I/usr/include -pedantic -Wall -Wextra -Wshadow -Wpointer-arith -Wcast-align -Wwrite-strings -Waggregate-return -Wstrict-prototypes -Wmissing-prototypes -Wnested-externs -Winline -Wredundant-decls -Wno-long-long -Wno-format-extra-args -D_REENTRANT -I/software/sw/spack-mw3/apps/linux-centos8-x86_64_v3/gcc-8.4.1/zlib-ng-2.1.6-vi7a4xh/include -DWITH_GZFILEOP -g -O2 -MT libxml2_la-chvalid.lo -MD -MP -MF .deps/libxml2_la-chvalid.Tpo -c chvalid.c -o .libs/libxml2_la-chvalid.o
[cc] /software/gcc-12.2.0-el8-x86_64/bin/gcc -DHAVE_CONFIG_H -I. -I./include -I./include -DSYSCONFDIR="/software/sw/spack-mw3/apps/linux-centos8-x86_64_v3/gcc-12.2.0/libxml2-2.10.3-l3hrutq/etc" -I/usr/include -pedantic -Wall -Wextra -Wshadow -Wpointer-arith -Wcast-align -Wwrite-strings -Waggregate-return -Wstrict-prototypes -Wmissing-prototypes -Wnested-externs -Winline -Wredundant-decls -Wno-long-long -Wno-format-extra-args -D_REENTRANT -I/software/sw/spack-mw3/apps/linux-centos8-x86_64_v3/gcc-8.4.1/zlib-ng-2.1.6-vi7a4xh/include -DWITH_GZFILEOP -g -O2 -MT libxml2_la-pattern.lo -MD -MP -MF .deps/libxml2_la-pattern.Tpo -c pattern.c -o .libs/libxml2_la-pattern.o
[cc] /software/gcc-12.2.0-el8-x86_64/bin/gcc -DHAVE_CONFIG_H -I. -I./include -I./include -DSYSCONFDIR="/software/sw/spack-mw3/apps/linux-centos8-x86_64_v3/gcc-12.2.0/libxml2-2.10.3-l3hrutq/etc" -I/usr/include -pedantic -Wall -Wextra -Wshadow -Wpointer-arith -Wcast-align -Wwrite-strings -Waggregate-return -Wstrict-prototypes -Wmissing-prototypes -Wnested-externs -Winline -Wredundant-decls -Wno-long-long -Wno-format-extra-args -D_REENTRANT -I/software/sw/spack-mw3/apps/linux-centos8-x86_64_v3/gcc-8.4.1/zlib-ng-2.1.6-vi7a4xh/include -DWITH_GZFILEOP -g -O2 -MT libxml2_la-xmlsave.lo -MD -MP -MF .deps/libxml2_la-xmlsave.Tpo -c xmlsave.c -o .libs/libxml2_la-xmlsave.o
[cc] /software/gcc-12.2.0-el8-x86_64/bin/gcc -DHAVE_CONFIG_H -I. -I./include -I./include -DSYSCONFDIR="/software/sw/spack-mw3/apps/linux-centos8-x86_64_v3/gcc-12.2.0/libxml2-2.10.3-l3hrutq/etc" -I/usr/include -pedantic -Wall -Wextra -Wshadow -Wpointer-arith -Wcast-align -Wwrite-strings -Waggregate-return -Wstrict-prototypes -Wmissing-prototypes -Wnested-externs -Winline -Wredundant-decls -Wno-long-long -Wno-format-extra-args -D_REENTRANT -I/software/sw/spack-mw3/apps/linux-centos8-x86_64_v3/gcc-8.4.1/zlib-ng-2.1.6-vi7a4xh/include -DWITH_GZFILEOP -g -O2 -MT libxml2_la-xmlmodule.lo -MD -MP -MF .deps/libxml2_la-xmlmodule.Tpo -c xmlmodule.c -o .libs/libxml2_la-xmlmodule.o
[cc] /software/gcc-12.2.0-el8-x86_64/bin/gcc -DHAVE_CONFIG_H -I. -I./include -I./include -DSYSCONFDIR="/software/sw/spack-mw3/apps/linux-centos8-x86_64_v3/gcc-12.2.0/libxml2-2.10.3-l3hrutq/etc" -I/usr/include -pedantic -Wall -Wextra -Wshadow -Wpointer-arith -Wcast-align -Wwrite-strings -Waggregate-return -Wstrict-prototypes -Wmissing-prototypes -Wnested-externs -Winline -Wredundant-decls -Wno-long-long -Wno-format-extra-args -g -O2 -MT xmlcatalog.o -MD -MP -MF .deps/xmlcatalog.Tpo -c -o xmlcatalog.o xmlcatalog.c
[cc] /software/gcc-12.2.0-el8-x86_64/bin/gcc -DHAVE_CONFIG_H -I. -I./include -I./include -DSYSCONFDIR="/software/sw/spack-mw3/apps/linux-centos8-x86_64_v3/gcc-12.2.0/libxml2-2.10.3-l3hrutq/etc" -I/usr/include -pedantic -Wall -Wextra -Wshadow -Wpointer-arith -Wcast-align -Wwrite-strings -Waggregate-return -Wstrict-prototypes -Wmissing-prototypes -Wnested-externs -Winline -Wredundant-decls -Wno-long-long -Wno-format-extra-args -D_REENTRANT -I/software/sw/spack-mw3/apps/linux-centos8-x86_64_v3/gcc-8.4.1/zlib-ng-2.1.6-vi7a4xh/include -DWITH_GZFILEOP -g -O2 -MT libxml2_la-schematron.lo -MD -MP -MF .deps/libxml2_la-schematron.Tpo -c schematron.c -o .libs/libxml2_la-schematron.o
[cc] /software/gcc-12.2.0-el8-x86_64/bin/gcc -DHAVE_CONFIG_H -I. -I./include -I./include -DSYSCONFDIR="/software/sw/spack-mw3/apps/linux-centos8-x86_64_v3/gcc-12.2.0/libxml2-2.10.3-l3hrutq/etc" -I/usr/include -pedantic -Wall -Wextra -Wshadow -Wpointer-arith -Wcast-align -Wwrite-strings -Waggregate-return -Wstrict-prototypes -Wmissing-prototypes -Wnested-externs -Winline -Wredundant-decls -Wno-long-long -Wno-format-extra-args -D_REENTRANT -I/software/sw/spack-mw3/apps/linux-centos8-x86_64_v3/gcc-8.4.1/zlib-ng-2.1.6-vi7a4xh/include -DWITH_GZFILEOP -g -O2 -MT libxml2_la-xzlib.lo -MD -MP -MF .deps/libxml2_la-xzlib.Tpo -c xzlib.c -o .libs/libxml2_la-xzlib.o
[cc] /software/gcc-12.2.0-el8-x86_64/bin/gcc -DHAVE_CONFIG_H -I. -I./include -I./include -DSYSCONFDIR="/software/sw/spack-mw3/apps/linux-centos8-x86_64_v3/gcc-12.2.0/libxml2-2.10.3-l3hrutq/etc" -I/usr/include -pedantic -Wall -Wextra -Wshadow -Wpointer-arith -Wcast-align -Wwrite-strings -Waggregate-return -Wstrict-prototypes -Wmissing-prototypes -Wnested-externs -Winline -Wredundant-decls -Wno-long-long -Wno-format-extra-args -g -O2 -MT testdso.lo -MD -MP -MF .deps/testdso.Tpo -c testdso.c -o .libs/testdso.o
[ccld] /software/gcc-12.2.0-el8-x86_64/bin/gcc -shared -fPIC -DPIC .libs/testdso.o -L/usr/lib -g -O2 -Wl,-soname -Wl,testdso.so -o .libs/testdso.so
[ccld] /software/gcc-12.2.0-el8-x86_64/bin/gcc -shared -fPIC -DPIC .libs/libxml2_la-SAX.o .libs/libxml2_la-entities.o .libs/libxml2_la-encoding.o .libs/libxml2_la-error.o .libs/libxml2_la-parserInternals.o .libs/libxml2_la-parser.o .libs/libxml2_la-tree.o .libs/libxml2_la-hash.o .libs/libxml2_la-list.o .libs/libxml2_la-xmlIO.o .libs/libxml2_la-xmlmemory.o .libs/libxml2_la-uri.o .libs/libxml2_la-valid.o .libs/libxml2_la-xlink.o .libs/libxml2_la-HTMLparser.o .libs/libxml2_la-HTMLtree.o .libs/libxml2_la-debugXML.o .libs/libxml2_la-xpath.o .libs/libxml2_la-xpointer.o .libs/libxml2_la-xinclude.o .libs/libxml2_la-nanohttp.o .libs/libxml2_la-nanoftp.o .libs/libxml2_la-catalog.o .libs/libxml2_la-globals.o .libs/libxml2_la-threads.o .libs/libxml2_la-c14n.o .libs/libxml2_la-xmlstring.o .libs/libxml2_la-buf.o .libs/libxml2_la-xmlregexp.o .libs/libxml2_la-xmlschemas.o .libs/libxml2_la-xmlschemastypes.o .libs/libxml2_la-xmlunicode.o .libs/libxml2_la-xmlreader.o .libs/libxml2_la-relaxng.o .libs/libxml2_la-dict.o .libs/libxml2_la-SAX2.o .libs/libxml2_la-xmlwriter.o .libs/libxml2_la-legacy.o .libs/libxml2_la-chvalid.o .libs/libxml2_la-pattern.o .libs/libxml2_la-xmlsave.o .libs/libxml2_la-xmlmodule.o .libs/libxml2_la-schematron.o .libs/libxml2_la-xzlib.o -ldl -L/usr/lib -L/software/sw/spack-mw3/apps/linux-centos8-x86_64_v3/gcc-8.4.1/zlib-ng-2.1.6-vi7a4xh/lib -lz -lm -g -O2 -Wl,--version-script=./libxml2.syms -Wl,-soname -Wl,libxml2.so.2 -o .libs/libxml2.so.2.10.3
[ccld] /software/gcc-12.2.0-el8-x86_64/bin/gcc -pedantic -Wall -Wextra -Wshadow -Wpointer-arith -Wcast-align -Wwrite-strings -Waggregate-return -Wstrict-prototypes -Wmissing-prototypes -Wnested-externs -Winline -Wredundant-decls -Wno-long-long -Wno-format-extra-args -g -O2 -o .libs/xmllint xmllint.o -L/usr/lib ./.libs/libxml2.so -Wl,-rpath -Wl,/software/sw/spack-mw3/apps/linux-centos8-x86_64_v3/gcc-12.2.0/libxml2-2.10.3-l3hrutq/lib
[ccld] /software/gcc-12.2.0-el8-x86_64/bin/gcc -pedantic -Wall -Wextra -Wshadow -Wpointer-arith -Wcast-align -Wwrite-strings -Waggregate-return -Wstrict-prototypes -Wmissing-prototypes -Wnested-externs -Winline -Wredundant-decls -Wno-long-long -Wno-format-extra-args -g -O2 -o .libs/xmlcatalog xmlcatalog.o -L/usr/lib ./.libs/libxml2.so -Wl,-rpath -Wl,/software/sw/spack-mw3/apps/linux-centos8-x86_64_v3/gcc-12.2.0/libxml2-2.10.3-l3hrutq/lib
