[cpp] /software/gcc-12.2.0-el8-x86_64/bin/gcc -E /tmp/pnsinha/cgbx1tQt/dummy.c
[cpp] /software/gcc-12.2.0-el8-x86_64/bin/gcc -E -
[cpp] /software/gcc-12.2.0-el8-x86_64/bin/gcc -E /tmp/pnsinha/cgvHvcct/dummy.c
[cpp] /software/gcc-12.2.0-el8-x86_64/bin/gcc -E -
[ccld] /software/gcc-12.2.0-el8-x86_64/bin/gcc -qversion
[ccld] /software/gcc-12.2.0-el8-x86_64/bin/gcc -version
[ccld] /software/gcc-12.2.0-el8-x86_64/bin/gcc conftest.c
[ccld] /software/gcc-12.2.0-el8-x86_64/bin/gcc -o conftest conftest.c
[ccld] /software/gcc-12.2.0-el8-x86_64/bin/gcc -o conftest conftest.c
[cc] /software/gcc-12.2.0-el8-x86_64/bin/gcc -c conftest.c
[cc] /software/gcc-12.2.0-el8-x86_64/bin/gcc -c conftest.c
[cc] /software/gcc-12.2.0-el8-x86_64/bin/gcc -c -g conftest.c
[cc] /software/gcc-12.2.0-el8-x86_64/bin/gcc -c -g -O2 conftest.c
[cc] /software/gcc-12.2.0-el8-x86_64/bin/gcc -c conftest.c -o conftest2.o
[cc] /software/gcc-12.2.0-el8-x86_64/bin/gcc -c conftest.c -o conftest2.o
[cc] /software/gcc-12.2.0-el8-x86_64/bin/gcc -MT sub/conftest.o -MD -MP -MF sub/conftest.TPo -c -o sub/conftest.o sub/conftest.c
[ccld] /software/gcc-12.2.0-el8-x86_64/bin/g++ -qversion
[cc] /software/gcc-12.2.0-el8-x86_64/bin/g++ -c conftest.cpp
[cc] /software/gcc-12.2.0-el8-x86_64/bin/g++ -c -g conftest.cpp
[cc] /software/gcc-12.2.0-el8-x86_64/bin/g++ -c -g -O2 conftest.cpp
[cc] /software/gcc-12.2.0-el8-x86_64/bin/g++ -MT sub/conftest.o -MD -MP -MF sub/conftest.TPo -c -o sub/conftest.o sub/conftest.c
[cc] /software/gcc-12.2.0-el8-x86_64/bin/gcc -MT sub/conftest.o -MD -MP -MF sub/conftest.TPo -c -o sub/conftest.o sub/conftest.c
[ccld] /software/gcc-12.2.0-el8-x86_64/bin/gcc -print-prog-name=ld
[cc] /software/gcc-12.2.0-el8-x86_64/bin/gcc -c conftest.c
[cc] /software/gcc-12.2.0-el8-x86_64/bin/gcc -c conftest.c
[cc] /software/gcc-12.2.0-el8-x86_64/bin/gcc -c conftest.c
[ccld] /software/gcc-12.2.0-el8-x86_64/bin/gcc -o conftest conftest.c conftstm.o
[cc] /software/gcc-12.2.0-el8-x86_64/bin/gcc -c conftest.c
[cc] /software/gcc-12.2.0-el8-x86_64/bin/gcc -c conftest.c
[cc] /software/gcc-12.2.0-el8-x86_64/bin/gcc -c conftest.c
[cc] /software/gcc-12.2.0-el8-x86_64/bin/gcc -c conftest.c
[cc] /software/gcc-12.2.0-el8-x86_64/bin/gcc -c conftest.c
[cc] /software/gcc-12.2.0-el8-x86_64/bin/gcc -c conftest.c
[cc] /software/gcc-12.2.0-el8-x86_64/bin/gcc -c conftest.c
[cc] /software/gcc-12.2.0-el8-x86_64/bin/gcc -c conftest.c
[cc] /software/gcc-12.2.0-el8-x86_64/bin/gcc -c conftest.c
[cc] /software/gcc-12.2.0-el8-x86_64/bin/gcc -c conftest.c
[cc] /software/gcc-12.2.0-el8-x86_64/bin/gcc -c conftest.c
[cc] /software/gcc-12.2.0-el8-x86_64/bin/gcc -c conftest.c
[ccld] /software/gcc-12.2.0-el8-x86_64/bin/gcc -o conftest conftest.c
[cc] /software/gcc-12.2.0-el8-x86_64/bin/gcc -c -fno-rtti -fno-exceptions conftest.c
[cc] /software/gcc-12.2.0-el8-x86_64/bin/gcc -c -fPIC -DPIC -DPIC conftest.c
[ccld] /software/gcc-12.2.0-el8-x86_64/bin/gcc -o conftest -static conftest.c
[cc] /software/gcc-12.2.0-el8-x86_64/bin/gcc -c -o out/conftest2.o conftest.c
[ld] ld -m elf_x86_64 --help
[ld] ld -m elf_x86_64 --help
[cc] /software/gcc-12.2.0-el8-x86_64/bin/gcc -c conftest.c
[ccld] /software/gcc-12.2.0-el8-x86_64/bin/gcc -print-search-dirs
[ccld] /software/gcc-12.2.0-el8-x86_64/bin/gcc -print-multi-os-directory
[ccld] /software/gcc-12.2.0-el8-x86_64/bin/gcc -o conftest -Wl,-rpath -Wl,/foo conftest.c
[cpp] /software/gcc-12.2.0-el8-x86_64/bin/g++ -E conftest.cpp
[cpp] /software/gcc-12.2.0-el8-x86_64/bin/g++ -E conftest.cpp
[cpp] /software/gcc-12.2.0-el8-x86_64/bin/g++ -E conftest.cpp
[cpp] /software/gcc-12.2.0-el8-x86_64/bin/g++ -E conftest.cpp
[cc] /software/gcc-12.2.0-el8-x86_64/bin/g++ -c -g -O2 conftest.cpp
[ccld] /software/gcc-12.2.0-el8-x86_64/bin/g++ -o conftest -g -O2 conftest.cpp
[ccld] /software/gcc-12.2.0-el8-x86_64/bin/g++ -print-prog-name=ld
[ccld] /software/gcc-12.2.0-el8-x86_64/bin/g++ -print-prog-name=ld
[ld] ld --help
[cc] /software/gcc-12.2.0-el8-x86_64/bin/g++ -c -g -O2 conftest.cpp
[cc] /software/gcc-12.2.0-el8-x86_64/bin/g++ -c -g -O2 -fPIC -DPIC -DPIC conftest.cpp
[ccld] /software/gcc-12.2.0-el8-x86_64/bin/g++ -o conftest -g -O2 -static conftest.cpp
[cc] /software/gcc-12.2.0-el8-x86_64/bin/g++ -c -g -O2 -o out/conftest2.o conftest.cpp
[ccld] /software/gcc-12.2.0-el8-x86_64/bin/gcc -o conftest conftest.c
[cc] /software/gcc-12.2.0-el8-x86_64/bin/gcc -c conftest.c
[cc] /software/gcc-12.2.0-el8-x86_64/bin/gcc -c conftest.c
[cc] /software/gcc-12.2.0-el8-x86_64/bin/gcc -c conftest.c
[cc] /software/gcc-12.2.0-el8-x86_64/bin/gcc -c conftest.c
[cc] /software/gcc-12.2.0-el8-x86_64/bin/gcc -c conftest.c
[cc] /software/gcc-12.2.0-el8-x86_64/bin/gcc -c conftest.c
[cc] /software/gcc-12.2.0-el8-x86_64/bin/gcc -c conftest.c
[cc] /software/gcc-12.2.0-el8-x86_64/bin/gcc -c conftest.c
[cc] /software/gcc-12.2.0-el8-x86_64/bin/gcc -c conftest.c
[cc] /software/gcc-12.2.0-el8-x86_64/bin/gcc -c conftest.c
[cc] /software/gcc-12.2.0-el8-x86_64/bin/gcc -c conftest.c
[cc] /software/gcc-12.2.0-el8-x86_64/bin/gcc -c -O3 -fomit-frame-pointer -fstrict-aliasing conftest.c
[cc] /software/gcc-12.2.0-el8-x86_64/bin/gcc -c -O3 -fomit-frame-pointer -fstrict-aliasing -ffast-math conftest.c
[cc] /software/gcc-12.2.0-el8-x86_64/bin/gcc -c -O3 -fomit-frame-pointer -fstrict-aliasing -ffast-math -O3 -fomit-frame-pointer -fstrict-aliasing -ffast-math conftest.c
[cc] /software/gcc-12.2.0-el8-x86_64/bin/gcc -c -Wall -O3 -fomit-frame-pointer -fstrict-aliasing -ffast-math -fexceptions conftest.c
[ccld] /software/gcc-12.2.0-el8-x86_64/bin/gcc -o conftest -Wall -O3 -fomit-frame-pointer -fstrict-aliasing -ffast-math -fexceptions conftest.c
[ccld] /software/gcc-12.2.0-el8-x86_64/bin/gcc -o conftest -Wall -O3 -fomit-frame-pointer -fstrict-aliasing -ffast-math -fexceptions conftest.c
[cc] /software/gcc-12.2.0-el8-x86_64/bin/gcc -c -Wall -O3 -fomit-frame-pointer -fstrict-aliasing -ffast-math -fexceptions conftest.c
[ccld] /software/gcc-12.2.0-el8-x86_64/bin/gcc -o conftest -Wall -O3 -fomit-frame-pointer -fstrict-aliasing -ffast-math -fexceptions conftest.c
[ccld] /software/gcc-12.2.0-el8-x86_64/bin/gcc -o conftest -Wall -O3 -fomit-frame-pointer -fstrict-aliasing -ffast-math -fexceptions conftest.c
[cc] /software/gcc-12.2.0-el8-x86_64/bin/gcc -c -Wall -O3 -fomit-frame-pointer -fstrict-aliasing -ffast-math -fexceptions conftest.c
[cc] /software/gcc-12.2.0-el8-x86_64/bin/gcc -c -Wall -O3 -fomit-frame-pointer -fstrict-aliasing -ffast-math -fexceptions conftest.c
[cc] /software/gcc-12.2.0-el8-x86_64/bin/gcc -c -Wall -O3 -fomit-frame-pointer -fstrict-aliasing -ffast-math -fexceptions conftest.c
[cc] /software/gcc-12.2.0-el8-x86_64/bin/gcc -c -Wall -O3 -fomit-frame-pointer -fstrict-aliasing -ffast-math -fexceptions conftest.c
[cc] /software/gcc-12.2.0-el8-x86_64/bin/gcc -Wall -O3 -fomit-frame-pointer -fstrict-aliasing -ffast-math -fexceptions -c conftest.s
[cc] /software/gcc-12.2.0-el8-x86_64/bin/gcc -c -Wall -O3 -fomit-frame-pointer -fstrict-aliasing -ffast-math -fexceptions conftest.c
[cc] /software/gcc-12.2.0-el8-x86_64/bin/gcc -c -Wall -O3 -fomit-frame-pointer -fstrict-aliasing -ffast-math -fexceptions conftest.c
[cc] /software/gcc-12.2.0-el8-x86_64/bin/gcc -Wa,--fatal-warnings -Wall -O3 -fomit-frame-pointer -fstrict-aliasing -ffast-math -fexceptions -c conftest1.s
[ccld] /software/gcc-12.2.0-el8-x86_64/bin/gcc conftest2.c conftest1.o
[cc] /software/gcc-12.2.0-el8-x86_64/bin/gcc -c -Wall -O3 -fomit-frame-pointer -fstrict-aliasing -ffast-math -fexceptions -fno-lto conftest.c
[cc] /software/gcc-12.2.0-el8-x86_64/bin/gcc -Wall -O3 -fomit-frame-pointer -fstrict-aliasing -ffast-math -fexceptions -c -fpic -fexceptions -fno-lto -o conftest.o conftest.c
[as] /software/gcc-12.2.0-el8-x86_64/bin/gcc -Werror -S conftest.c -o conftest.s
[ccld] /software/gcc-12.2.0-el8-x86_64/bin/gcc -Wall -O3 -fomit-frame-pointer -fstrict-aliasing -ffast-math -fexceptions -print-multi-os-directory
[ccld] /software/gcc-12.2.0-el8-x86_64/bin/gcc -o conftest -lgcc_s conftest.c
[cpp] /software/gcc-12.2.0-el8-x86_64/bin/gcc -E /tmp/pnsinha/cgibLAJW/dummy.c
[cpp] /software/gcc-12.2.0-el8-x86_64/bin/gcc -E -
[cpp] /software/gcc-12.2.0-el8-x86_64/bin/gcc -DHAVE_CONFIG_H -I. -I.. -I. -I../include -Iinclude -I../src -Wall -O3 -fomit-frame-pointer -fstrict-aliasing -ffast-math -fexceptions -DX86_64 -DGENERATE_LIBFFI_MAP -E -x assembler-with-cpp -o libffi.map ../libffi.map.in
[cc] /software/gcc-12.2.0-el8-x86_64/bin/gcc -DHAVE_CONFIG_H -I. -I.. -I. -I../include -Iinclude -I../src -Wall -O3 -fomit-frame-pointer -fstrict-aliasing -ffast-math -fexceptions -MT src/types.lo -MD -MP -MF src/.deps/types.Tpo -c ../src/types.c -fPIC -DPIC -o src/.libs/types.o
[cc] /software/gcc-12.2.0-el8-x86_64/bin/gcc -DHAVE_CONFIG_H -I. -I.. -I. -I../include -Iinclude -I../src -Wall -O3 -fomit-frame-pointer -fstrict-aliasing -ffast-math -fexceptions -MT src/prep_cif.lo -MD -MP -MF src/.deps/prep_cif.Tpo -c ../src/prep_cif.c -fPIC -DPIC -o src/.libs/prep_cif.o
[cc] /software/gcc-12.2.0-el8-x86_64/bin/gcc -DHAVE_CONFIG_H -I. -I.. -I. -I../include -Iinclude -I../src -Wall -O3 -fomit-frame-pointer -fstrict-aliasing -ffast-math -fexceptions -MT src/closures.lo -MD -MP -MF src/.deps/closures.Tpo -c ../src/closures.c -fPIC -DPIC -o src/.libs/closures.o
[cc] /software/gcc-12.2.0-el8-x86_64/bin/gcc -DHAVE_CONFIG_H -I. -I.. -I. -I../include -Iinclude -I../src -Wall -O3 -fomit-frame-pointer -fstrict-aliasing -ffast-math -fexceptions -MT src/java_raw_api.lo -MD -MP -MF src/.deps/java_raw_api.Tpo -c ../src/java_raw_api.c -fPIC -DPIC -o src/.libs/java_raw_api.o
[cc] /software/gcc-12.2.0-el8-x86_64/bin/gcc -DHAVE_CONFIG_H -I. -I.. -I. -I../include -Iinclude -I../src -Wall -O3 -fomit-frame-pointer -fstrict-aliasing -ffast-math -fexceptions -MT src/tramp.lo -MD -MP -MF src/.deps/tramp.Tpo -c ../src/tramp.c -fPIC -DPIC -o src/.libs/tramp.o
[cc] /software/gcc-12.2.0-el8-x86_64/bin/gcc -DHAVE_CONFIG_H -I. -I.. -I. -I../include -Iinclude -I../src -Wall -O3 -fomit-frame-pointer -fstrict-aliasing -ffast-math -fexceptions -MT src/x86/ffi64.lo -MD -MP -MF src/x86/.deps/ffi64.Tpo -c ../src/x86/ffi64.c -fPIC -DPIC -o src/x86/.libs/ffi64.o
[cc] /software/gcc-12.2.0-el8-x86_64/bin/gcc -DHAVE_CONFIG_H -I. -I.. -I. -I../include -Iinclude -I../src -Wall -O3 -fomit-frame-pointer -fstrict-aliasing -ffast-math -fexceptions -MT src/raw_api.lo -MD -MP -MF src/.deps/raw_api.Tpo -c ../src/raw_api.c -fPIC -DPIC -o src/.libs/raw_api.o
[cc] /software/gcc-12.2.0-el8-x86_64/bin/gcc -DHAVE_CONFIG_H -I. -I.. -I. -I../include -Iinclude -I../src -Wall -O3 -fomit-frame-pointer -fstrict-aliasing -ffast-math -fexceptions -MT src/x86/ffiw64.lo -MD -MP -MF src/x86/.deps/ffiw64.Tpo -c ../src/x86/ffiw64.c -fPIC -DPIC -o src/x86/.libs/ffiw64.o
[cc] /software/gcc-12.2.0-el8-x86_64/bin/gcc -DHAVE_CONFIG_H -I. -I.. -I. -I../include -Iinclude -I../src -I. -I../include -Iinclude -I../src -MT src/x86/unix64.lo -MD -MP -MF src/x86/.deps/unix64.Tpo -c ../src/x86/unix64.S -fPIC -DPIC -o src/x86/.libs/unix64.o
[cc] /software/gcc-12.2.0-el8-x86_64/bin/gcc -DHAVE_CONFIG_H -I. -I.. -I. -I../include -Iinclude -I../src -I. -I../include -Iinclude -I../src -MT src/x86/win64.lo -MD -MP -MF src/x86/.deps/win64.Tpo -c ../src/x86/win64.S -fPIC -DPIC -o src/x86/.libs/win64.o
[cc] /software/gcc-12.2.0-el8-x86_64/bin/gcc -DHAVE_CONFIG_H -I. -I.. -I. -I../include -Iinclude -I../src -Wall -O3 -fomit-frame-pointer -fstrict-aliasing -ffast-math -fexceptions -MT src/types.lo -MD -MP -MF src/.deps/types.Tpo -c ../src/types.c -o src/types.o
[cc] /software/gcc-12.2.0-el8-x86_64/bin/gcc -DHAVE_CONFIG_H -I. -I.. -I. -I../include -Iinclude -I../src -I. -I../include -Iinclude -I../src -MT src/x86/unix64.lo -MD -MP -MF src/x86/.deps/unix64.Tpo -c ../src/x86/unix64.S -o src/x86/unix64.o
[cc] /software/gcc-12.2.0-el8-x86_64/bin/gcc -DHAVE_CONFIG_H -I. -I.. -I. -I../include -Iinclude -I../src -I. -I../include -Iinclude -I../src -MT src/x86/win64.lo -MD -MP -MF src/x86/.deps/win64.Tpo -c ../src/x86/win64.S -o src/x86/win64.o
[cc] /software/gcc-12.2.0-el8-x86_64/bin/gcc -DHAVE_CONFIG_H -I. -I.. -I. -I../include -Iinclude -I../src -Wall -O3 -fomit-frame-pointer -fstrict-aliasing -ffast-math -fexceptions -MT src/java_raw_api.lo -MD -MP -MF src/.deps/java_raw_api.Tpo -c ../src/java_raw_api.c -o src/java_raw_api.o
[cc] /software/gcc-12.2.0-el8-x86_64/bin/gcc -DHAVE_CONFIG_H -I. -I.. -I. -I../include -Iinclude -I../src -Wall -O3 -fomit-frame-pointer -fstrict-aliasing -ffast-math -fexceptions -MT src/raw_api.lo -MD -MP -MF src/.deps/raw_api.Tpo -c ../src/raw_api.c -o src/raw_api.o
[cc] /software/gcc-12.2.0-el8-x86_64/bin/gcc -DHAVE_CONFIG_H -I. -I.. -I. -I../include -Iinclude -I../src -Wall -O3 -fomit-frame-pointer -fstrict-aliasing -ffast-math -fexceptions -MT src/prep_cif.lo -MD -MP -MF src/.deps/prep_cif.Tpo -c ../src/prep_cif.c -o src/prep_cif.o
[cc] /software/gcc-12.2.0-el8-x86_64/bin/gcc -DHAVE_CONFIG_H -I. -I.. -I. -I../include -Iinclude -I../src -Wall -O3 -fomit-frame-pointer -fstrict-aliasing -ffast-math -fexceptions -MT src/tramp.lo -MD -MP -MF src/.deps/tramp.Tpo -c ../src/tramp.c -o src/tramp.o
[cc] /software/gcc-12.2.0-el8-x86_64/bin/gcc -DHAVE_CONFIG_H -I. -I.. -I. -I../include -Iinclude -I../src -Wall -O3 -fomit-frame-pointer -fstrict-aliasing -ffast-math -fexceptions -MT src/x86/ffiw64.lo -MD -MP -MF src/x86/.deps/ffiw64.Tpo -c ../src/x86/ffiw64.c -o src/x86/ffiw64.o
[cc] /software/gcc-12.2.0-el8-x86_64/bin/gcc -DHAVE_CONFIG_H -I. -I.. -I. -I../include -Iinclude -I../src -Wall -O3 -fomit-frame-pointer -fstrict-aliasing -ffast-math -fexceptions -MT src/x86/ffi64.lo -MD -MP -MF src/x86/.deps/ffi64.Tpo -c ../src/x86/ffi64.c -o src/x86/ffi64.o
[cc] /software/gcc-12.2.0-el8-x86_64/bin/gcc -DHAVE_CONFIG_H -I. -I.. -I. -I../include -Iinclude -I../src -Wall -O3 -fomit-frame-pointer -fstrict-aliasing -ffast-math -fexceptions -MT src/closures.lo -MD -MP -MF src/.deps/closures.Tpo -c ../src/closures.c -o src/closures.o
[ccld] /software/gcc-12.2.0-el8-x86_64/bin/gcc -shared -fPIC -DPIC src/.libs/prep_cif.o src/.libs/types.o src/.libs/raw_api.o src/.libs/java_raw_api.o src/.libs/closures.o src/.libs/tramp.o src/x86/.libs/ffi64.o src/x86/.libs/unix64.o src/x86/.libs/ffiw64.o src/x86/.libs/win64.o -O3 -Wl,--version-script -Wl,libffi.map -Wl,-soname -Wl,libffi.so.8 -o .libs/libffi.so.8.1.4
[cpp] /software/gcc-12.2.0-el8-x86_64/bin/gcc -E /tmp/pnsinha/cg3R9ts0/dummy.c
[cpp] /software/gcc-12.2.0-el8-x86_64/bin/gcc -E -
