[ccld] /software/gcc-12.2.0-el8-x86_64/bin/gcc -qversion
[ccld] /software/gcc-12.2.0-el8-x86_64/bin/gcc -version
[ccld] /software/gcc-12.2.0-el8-x86_64/bin/gcc -DSQLITE_ENABLE_COLUMN_METADATA=1 conftest.c
[ccld] /software/gcc-12.2.0-el8-x86_64/bin/gcc -o conftest -DSQLITE_ENABLE_COLUMN_METADATA=1 conftest.c
[ccld] /software/gcc-12.2.0-el8-x86_64/bin/gcc -o conftest -DSQLITE_ENABLE_COLUMN_METADATA=1 conftest.c
[cc] /software/gcc-12.2.0-el8-x86_64/bin/gcc -c -DSQLITE_ENABLE_COLUMN_METADATA=1 conftest.c
[cc] /software/gcc-12.2.0-el8-x86_64/bin/gcc -c -DSQLITE_ENABLE_COLUMN_METADATA=1 conftest.c
[cc] /software/gcc-12.2.0-el8-x86_64/bin/gcc -c -g -DSQLITE_ENABLE_COLUMN_METADATA=1 conftest.c
[cc] /software/gcc-12.2.0-el8-x86_64/bin/gcc -c -g -O2 -DSQLITE_ENABLE_COLUMN_METADATA=1 conftest.c
[cc] /software/gcc-12.2.0-el8-x86_64/bin/gcc -c conftest.c -o conftest2.o
[cc] /software/gcc-12.2.0-el8-x86_64/bin/gcc -c conftest.c -o conftest2.o
[cc] /software/gcc-12.2.0-el8-x86_64/bin/gcc -MT sub/conftest.o -MD -MP -MF sub/conftest.TPo -c -o sub/conftest.o sub/conftest.c
[cc] /software/gcc-12.2.0-el8-x86_64/bin/gcc -c -g -O2 -DSQLITE_ENABLE_COLUMN_METADATA=1 conftest.c
[ccld] /software/gcc-12.2.0-el8-x86_64/bin/gcc -qversion
[ccld] /software/gcc-12.2.0-el8-x86_64/bin/gcc -version
[cpp] /software/gcc-12.2.0-el8-x86_64/bin/gcc -E /tmp/pnsinha/cg4sTjhA/dummy.c
[cpp] /software/gcc-12.2.0-el8-x86_64/bin/gcc -E -
[ccld] /software/gcc-12.2.0-el8-x86_64/bin/gcc -print-prog-name=ld
[cc] /software/gcc-12.2.0-el8-x86_64/bin/gcc -c -g -O2 -DSQLITE_ENABLE_COLUMN_METADATA=1 conftest.c
[cc] /software/gcc-12.2.0-el8-x86_64/bin/gcc -c -g -O2 -DSQLITE_ENABLE_COLUMN_METADATA=1 conftest.c
[cc] /software/gcc-12.2.0-el8-x86_64/bin/gcc -c -g -O2 -DSQLITE_ENABLE_COLUMN_METADATA=1 conftest.c
[ccld] /software/gcc-12.2.0-el8-x86_64/bin/gcc -o conftest -g -O2 -DSQLITE_ENABLE_COLUMN_METADATA=1 conftest.c conftstm.o
[cc] /software/gcc-12.2.0-el8-x86_64/bin/gcc -c -g -O2 -DSQLITE_ENABLE_COLUMN_METADATA=1 conftest.c
[cc] /software/gcc-12.2.0-el8-x86_64/bin/gcc -c -g -O2 -DSQLITE_ENABLE_COLUMN_METADATA=1 conftest.c
[cc] /software/gcc-12.2.0-el8-x86_64/bin/gcc -c -g -O2 -DSQLITE_ENABLE_COLUMN_METADATA=1 conftest.c
[cc] /software/gcc-12.2.0-el8-x86_64/bin/gcc -c -g -O2 -DSQLITE_ENABLE_COLUMN_METADATA=1 conftest.c
[cc] /software/gcc-12.2.0-el8-x86_64/bin/gcc -c -g -O2 -DSQLITE_ENABLE_COLUMN_METADATA=1 conftest.c
[cc] /software/gcc-12.2.0-el8-x86_64/bin/gcc -c -g -O2 -DSQLITE_ENABLE_COLUMN_METADATA=1 conftest.c
[cc] /software/gcc-12.2.0-el8-x86_64/bin/gcc -c -g -O2 -DSQLITE_ENABLE_COLUMN_METADATA=1 conftest.c
[cc] /software/gcc-12.2.0-el8-x86_64/bin/gcc -c -g -O2 -DSQLITE_ENABLE_COLUMN_METADATA=1 conftest.c
[cc] /software/gcc-12.2.0-el8-x86_64/bin/gcc -c -g -O2 -DSQLITE_ENABLE_COLUMN_METADATA=1 conftest.c
[cc] /software/gcc-12.2.0-el8-x86_64/bin/gcc -c -g -O2 -DSQLITE_ENABLE_COLUMN_METADATA=1 conftest.c
[cc] /software/gcc-12.2.0-el8-x86_64/bin/gcc -c -g -O2 -DSQLITE_ENABLE_COLUMN_METADATA=1 conftest.c
[cc] /software/gcc-12.2.0-el8-x86_64/bin/gcc -c -g -O2 -DSQLITE_ENABLE_COLUMN_METADATA=1 conftest.c
[ccld] /software/gcc-12.2.0-el8-x86_64/bin/gcc -o conftest -g -O2 -DSQLITE_ENABLE_COLUMN_METADATA=1 conftest.c
[cc] /software/gcc-12.2.0-el8-x86_64/bin/gcc -c -g -O2 -DSQLITE_ENABLE_COLUMN_METADATA=1 -fno-rtti -fno-exceptions conftest.c
[cc] /software/gcc-12.2.0-el8-x86_64/bin/gcc -c -g -O2 -DSQLITE_ENABLE_COLUMN_METADATA=1 -fPIC -DPIC -DPIC conftest.c
[ccld] /software/gcc-12.2.0-el8-x86_64/bin/gcc -o conftest -g -O2 -DSQLITE_ENABLE_COLUMN_METADATA=1 -static conftest.c
[cc] /software/gcc-12.2.0-el8-x86_64/bin/gcc -c -g -O2 -DSQLITE_ENABLE_COLUMN_METADATA=1 -o out/conftest2.o conftest.c
[ld] ld -m elf_x86_64 --help
[ld] ld -m elf_x86_64 --help
[cc] /software/gcc-12.2.0-el8-x86_64/bin/gcc -c -g -O2 -DSQLITE_ENABLE_COLUMN_METADATA=1 conftest.c
[ccld] /software/gcc-12.2.0-el8-x86_64/bin/gcc -print-search-dirs
[ccld] /software/gcc-12.2.0-el8-x86_64/bin/gcc -DSQLITE_ENABLE_COLUMN_METADATA=1 -g -O2 -print-multi-os-directory
[ccld] /software/gcc-12.2.0-el8-x86_64/bin/gcc -o conftest -g -O2 -DSQLITE_ENABLE_COLUMN_METADATA=1 -Wl,-rpath -Wl,/foo conftest.c
[ccld] /software/gcc-12.2.0-el8-x86_64/bin/gcc -o conftest -g -O2 -DSQLITE_ENABLE_COLUMN_METADATA=1 conftest.c
[ccld] /software/gcc-12.2.0-el8-x86_64/bin/gcc -o conftest -g -O2 -DSQLITE_ENABLE_COLUMN_METADATA=1 conftest.c
[ccld] /software/gcc-12.2.0-el8-x86_64/bin/gcc -o conftest -g -O2 -DSQLITE_ENABLE_COLUMN_METADATA=1 conftest.c
[ccld] /software/gcc-12.2.0-el8-x86_64/bin/gcc -o conftest -g -O2 -DSQLITE_ENABLE_COLUMN_METADATA=1 conftest.c
[ccld] /software/gcc-12.2.0-el8-x86_64/bin/gcc -o conftest -g -O2 -DSQLITE_ENABLE_COLUMN_METADATA=1 conftest.c
[cc] /software/gcc-12.2.0-el8-x86_64/bin/gcc -c -g -O2 -DSQLITE_ENABLE_COLUMN_METADATA=1 conftest.c
[cc] /software/gcc-12.2.0-el8-x86_64/bin/gcc -c -g -O2 -DSQLITE_ENABLE_COLUMN_METADATA=1 conftest.c
[cc] /software/gcc-12.2.0-el8-x86_64/bin/gcc -c -g -O2 -DSQLITE_ENABLE_COLUMN_METADATA=1 conftest.c
[cc] /software/gcc-12.2.0-el8-x86_64/bin/gcc -c -g -O2 -DSQLITE_ENABLE_COLUMN_METADATA=1 conftest.c
[cc] /software/gcc-12.2.0-el8-x86_64/bin/gcc -c -g -O2 -DSQLITE_ENABLE_COLUMN_METADATA=1 conftest.c
[cc] /software/gcc-12.2.0-el8-x86_64/bin/gcc -c -g -O2 -DSQLITE_ENABLE_COLUMN_METADATA=1 conftest.c
[ccld] /software/gcc-12.2.0-el8-x86_64/bin/gcc -o conftest -g -O2 -DSQLITE_ENABLE_COLUMN_METADATA=1 conftest.c
[ccld] /software/gcc-12.2.0-el8-x86_64/bin/gcc -o conftest -g -O2 -DSQLITE_ENABLE_COLUMN_METADATA=1 conftest.c -ltermcap
[ccld] /software/gcc-12.2.0-el8-x86_64/bin/gcc -o conftest -g -O2 -DSQLITE_ENABLE_COLUMN_METADATA=1 conftest.c -lcurses
[ccld] /software/gcc-12.2.0-el8-x86_64/bin/gcc -o conftest -g -O2 -DSQLITE_ENABLE_COLUMN_METADATA=1 conftest.c -lncurses
[ccld] /software/gcc-12.2.0-el8-x86_64/bin/gcc -o conftest -g -O2 -DSQLITE_ENABLE_COLUMN_METADATA=1 conftest.c -lncursesw
[ccld] /software/gcc-12.2.0-el8-x86_64/bin/gcc -o conftest -g -O2 -DSQLITE_ENABLE_COLUMN_METADATA=1 conftest.c
[ccld] /software/gcc-12.2.0-el8-x86_64/bin/gcc -o conftest -g -O2 -DSQLITE_ENABLE_COLUMN_METADATA=1 conftest.c -lreadline
[ccld] /software/gcc-12.2.0-el8-x86_64/bin/gcc -o conftest -g -O2 -DSQLITE_ENABLE_COLUMN_METADATA=1 conftest.c -ledit
[ccld] /software/gcc-12.2.0-el8-x86_64/bin/gcc -o conftest -g -O2 -DSQLITE_ENABLE_COLUMN_METADATA=1 conftest.c
[ccld] /software/gcc-12.2.0-el8-x86_64/bin/gcc -o conftest -g -O2 -DSQLITE_ENABLE_COLUMN_METADATA=1 conftest.c -lpthread
[ccld] /software/gcc-12.2.0-el8-x86_64/bin/gcc -o conftest -g -O2 -DSQLITE_ENABLE_COLUMN_METADATA=1 conftest.c -lpthread
[ccld] /software/gcc-12.2.0-el8-x86_64/bin/gcc -o conftest -g -O2 -DSQLITE_ENABLE_COLUMN_METADATA=1 conftest.c -lpthread
[ccld] /software/gcc-12.2.0-el8-x86_64/bin/gcc -o conftest -g -O2 -DSQLITE_ENABLE_COLUMN_METADATA=1 conftest.c -ldl -lpthread
[ccld] /software/gcc-12.2.0-el8-x86_64/bin/gcc -o conftest -g -O2 -DSQLITE_ENABLE_COLUMN_METADATA=1 conftest.c -ldl -lpthread
[ccld] /software/gcc-12.2.0-el8-x86_64/bin/gcc -o conftest -g -O2 -DSQLITE_ENABLE_COLUMN_METADATA=1 conftest.c -lm -ldl -lpthread
[ccld] /software/gcc-12.2.0-el8-x86_64/bin/gcc -o conftest -g -O2 -DSQLITE_ENABLE_COLUMN_METADATA=1 conftest.c -lm -ldl -lpthread
[ccld] /software/gcc-12.2.0-el8-x86_64/bin/gcc -o conftest -g -O2 -DSQLITE_ENABLE_COLUMN_METADATA=1 conftest.c -lm -ldl -lpthread
[cc] /software/gcc-12.2.0-el8-x86_64/bin/gcc -c -g -O2 -DSQLITE_ENABLE_COLUMN_METADATA=1 conftest.c
[ccld] /software/gcc-12.2.0-el8-x86_64/bin/gcc -o conftest -g -O2 -DSQLITE_ENABLE_COLUMN_METADATA=1 conftest.c -lm -ldl -lpthread
[ccld] /software/gcc-12.2.0-el8-x86_64/bin/gcc -o conftest -g -O2 -DSQLITE_ENABLE_COLUMN_METADATA=1 conftest.c -lz -lm -ldl -lpthread
[ccld] /software/gcc-12.2.0-el8-x86_64/bin/gcc -o conftest -g -O2 -DSQLITE_ENABLE_COLUMN_METADATA=1 conftest.c -lz -lm -ldl -lpthread
[cc] /software/gcc-12.2.0-el8-x86_64/bin/gcc -DPACKAGE_NAME="sqlite" -DPACKAGE_TARNAME="sqlite" -DPACKAGE_VERSION="3.43.2" -DPACKAGE_STRING="sqlite 3.43.2" -DPACKAGE_BUGREPORT="http://www.sqlite.org" -DPACKAGE_URL="" -DPACKAGE="sqlite" -DVERSION="3.43.2" -DHAVE_STDIO_H=1 -DHAVE_STDLIB_H=1 -DHAVE_STRING_H=1 -DHAVE_INTTYPES_H=1 -DHAVE_STDINT_H=1 -DHAVE_STRINGS_H=1 -DHAVE_SYS_STAT_H=1 -DHAVE_SYS_TYPES_H=1 -DHAVE_UNISTD_H=1 -DSTDC_HEADERS=1 -DHAVE_DLFCN_H=1 -DLT_OBJDIR=".libs/" -DHAVE_FDATASYNC=1 -DHAVE_USLEEP=1 -DHAVE_LOCALTIME_R=1 -DHAVE_GMTIME_R=1 -DHAVE_DECL_STRERROR_R=1 -DHAVE_STRERROR_R=1 -DHAVE_READLINE_READLINE_H=1 -DHAVE_POSIX_FALLOCATE=1 -DHAVE_ZLIB_H=1 -I. -DSQLITE_ENABLE_COLUMN_METADATA=1 -D_REENTRANT=1 -DSQLITE_THREADSAFE=1 -DSQLITE_ENABLE_MATH_FUNCTIONS -DSQLITE_ENABLE_FTS4 -DSQLITE_ENABLE_FTS5 -DSQLITE_ENABLE_RTREE -DSQLITE_ENABLE_GEOPOLY -DSQLITE_HAVE_ZLIB -DSQLITE_ENABLE_EXPLAIN_COMMENTS -DSQLITE_DQS=0 -DSQLITE_ENABLE_DBPAGE_VTAB -DSQLITE_ENABLE_STMTVTAB -DSQLITE_ENABLE_DBSTAT_VTAB -g -O2 -MT sqlite3-shell.o -MD -MP -MF .deps/sqlite3-shell.Tpo -c -o sqlite3-shell.o shell.c
[cc] /software/gcc-12.2.0-el8-x86_64/bin/gcc -DPACKAGE_NAME="sqlite" -DPACKAGE_TARNAME="sqlite" -DPACKAGE_VERSION="3.43.2" -DPACKAGE_STRING="sqlite 3.43.2" -DPACKAGE_BUGREPORT="http://www.sqlite.org" -DPACKAGE_URL="" -DPACKAGE="sqlite" -DVERSION="3.43.2" -DHAVE_STDIO_H=1 -DHAVE_STDLIB_H=1 -DHAVE_STRING_H=1 -DHAVE_INTTYPES_H=1 -DHAVE_STDINT_H=1 -DHAVE_STRINGS_H=1 -DHAVE_SYS_STAT_H=1 -DHAVE_SYS_TYPES_H=1 -DHAVE_UNISTD_H=1 -DSTDC_HEADERS=1 -DHAVE_DLFCN_H=1 -DLT_OBJDIR=".libs/" -DHAVE_FDATASYNC=1 -DHAVE_USLEEP=1 -DHAVE_LOCALTIME_R=1 -DHAVE_GMTIME_R=1 -DHAVE_DECL_STRERROR_R=1 -DHAVE_STRERROR_R=1 -DHAVE_READLINE_READLINE_H=1 -DHAVE_POSIX_FALLOCATE=1 -DHAVE_ZLIB_H=1 -I. -DSQLITE_ENABLE_COLUMN_METADATA=1 -D_REENTRANT=1 -DSQLITE_THREADSAFE=1 -DSQLITE_ENABLE_MATH_FUNCTIONS -DSQLITE_ENABLE_FTS4 -DSQLITE_ENABLE_FTS5 -DSQLITE_ENABLE_RTREE -DSQLITE_ENABLE_GEOPOLY -DSQLITE_HAVE_ZLIB -DSQLITE_ENABLE_EXPLAIN_COMMENTS -DSQLITE_DQS=0 -DSQLITE_ENABLE_DBPAGE_VTAB -DSQLITE_ENABLE_STMTVTAB -DSQLITE_ENABLE_DBSTAT_VTAB -g -O2 -MT sqlite3-sqlite3.o -MD -MP -MF .deps/sqlite3-sqlite3.Tpo -c -o sqlite3-sqlite3.o sqlite3.c
[cc] /software/gcc-12.2.0-el8-x86_64/bin/gcc -DPACKAGE_NAME="sqlite" -DPACKAGE_TARNAME="sqlite" -DPACKAGE_VERSION="3.43.2" -DPACKAGE_STRING="sqlite 3.43.2" -DPACKAGE_BUGREPORT="http://www.sqlite.org" -DPACKAGE_URL="" -DPACKAGE="sqlite" -DVERSION="3.43.2" -DHAVE_STDIO_H=1 -DHAVE_STDLIB_H=1 -DHAVE_STRING_H=1 -DHAVE_INTTYPES_H=1 -DHAVE_STDINT_H=1 -DHAVE_STRINGS_H=1 -DHAVE_SYS_STAT_H=1 -DHAVE_SYS_TYPES_H=1 -DHAVE_UNISTD_H=1 -DSTDC_HEADERS=1 -DHAVE_DLFCN_H=1 -DLT_OBJDIR=".libs/" -DHAVE_FDATASYNC=1 -DHAVE_USLEEP=1 -DHAVE_LOCALTIME_R=1 -DHAVE_GMTIME_R=1 -DHAVE_DECL_STRERROR_R=1 -DHAVE_STRERROR_R=1 -DHAVE_READLINE_READLINE_H=1 -DHAVE_POSIX_FALLOCATE=1 -DHAVE_ZLIB_H=1 -I. -DSQLITE_ENABLE_COLUMN_METADATA=1 -D_REENTRANT=1 -DSQLITE_THREADSAFE=1 -DSQLITE_ENABLE_MATH_FUNCTIONS -DSQLITE_ENABLE_FTS4 -DSQLITE_ENABLE_FTS5 -DSQLITE_ENABLE_RTREE -DSQLITE_ENABLE_GEOPOLY -DSQLITE_HAVE_ZLIB -g -O2 -MT sqlite3.lo -MD -MP -MF .deps/sqlite3.Tpo -c sqlite3.c -fPIC -DPIC -o .libs/sqlite3.o
[cc] /software/gcc-12.2.0-el8-x86_64/bin/gcc -DPACKAGE_NAME="sqlite" -DPACKAGE_TARNAME="sqlite" -DPACKAGE_VERSION="3.43.2" -DPACKAGE_STRING="sqlite 3.43.2" -DPACKAGE_BUGREPORT="http://www.sqlite.org" -DPACKAGE_URL="" -DPACKAGE="sqlite" -DVERSION="3.43.2" -DHAVE_STDIO_H=1 -DHAVE_STDLIB_H=1 -DHAVE_STRING_H=1 -DHAVE_INTTYPES_H=1 -DHAVE_STDINT_H=1 -DHAVE_STRINGS_H=1 -DHAVE_SYS_STAT_H=1 -DHAVE_SYS_TYPES_H=1 -DHAVE_UNISTD_H=1 -DSTDC_HEADERS=1 -DHAVE_DLFCN_H=1 -DLT_OBJDIR=".libs/" -DHAVE_FDATASYNC=1 -DHAVE_USLEEP=1 -DHAVE_LOCALTIME_R=1 -DHAVE_GMTIME_R=1 -DHAVE_DECL_STRERROR_R=1 -DHAVE_STRERROR_R=1 -DHAVE_READLINE_READLINE_H=1 -DHAVE_POSIX_FALLOCATE=1 -DHAVE_ZLIB_H=1 -I. -DSQLITE_ENABLE_COLUMN_METADATA=1 -D_REENTRANT=1 -DSQLITE_THREADSAFE=1 -DSQLITE_ENABLE_MATH_FUNCTIONS -DSQLITE_ENABLE_FTS4 -DSQLITE_ENABLE_FTS5 -DSQLITE_ENABLE_RTREE -DSQLITE_ENABLE_GEOPOLY -DSQLITE_HAVE_ZLIB -g -O2 -MT sqlite3.lo -MD -MP -MF .deps/sqlite3.Tpo -c sqlite3.c -o sqlite3.o
[ccld] /software/gcc-12.2.0-el8-x86_64/bin/gcc -D_REENTRANT=1 -DSQLITE_THREADSAFE=1 -DSQLITE_ENABLE_MATH_FUNCTIONS -DSQLITE_ENABLE_FTS4 -DSQLITE_ENABLE_FTS5 -DSQLITE_ENABLE_RTREE -DSQLITE_ENABLE_GEOPOLY -DSQLITE_HAVE_ZLIB -DSQLITE_ENABLE_EXPLAIN_COMMENTS -DSQLITE_DQS=0 -DSQLITE_ENABLE_DBPAGE_VTAB -DSQLITE_ENABLE_STMTVTAB -DSQLITE_ENABLE_DBSTAT_VTAB -g -O2 -o sqlite3 sqlite3-shell.o sqlite3-sqlite3.o -lz -lm -ldl -lpthread
[ccld] /software/gcc-12.2.0-el8-x86_64/bin/gcc -shared -fPIC -DPIC .libs/sqlite3.o -lz -lm -ldl -lpthread -g -O2 -Wl,-soname -Wl,libsqlite3.so.0 -o .libs/libsqlite3.so.0.8.6
