[ccld] /software/gcc-12.2.0-el8-x86_64/bin/gcc -qversion
[ccld] /software/gcc-12.2.0-el8-x86_64/bin/gcc -version
[ccld] /software/gcc-12.2.0-el8-x86_64/bin/gcc conftest.c
[ccld] /software/gcc-12.2.0-el8-x86_64/bin/gcc -o conftest conftest.c
[ccld] /software/gcc-12.2.0-el8-x86_64/bin/gcc -o conftest conftest.c
[cc] /software/gcc-12.2.0-el8-x86_64/bin/gcc -c conftest.c
[cc] /software/gcc-12.2.0-el8-x86_64/bin/gcc -c conftest.c
[cc] /software/gcc-12.2.0-el8-x86_64/bin/gcc -c -g conftest.c
[cc] /software/gcc-12.2.0-el8-x86_64/bin/gcc -c -g -O2 conftest.c
[cc] /software/gcc-12.2.0-el8-x86_64/bin/gcc -c conftest.c -o conftest2.o
[cc] /software/gcc-12.2.0-el8-x86_64/bin/gcc -c conftest.c -o conftest2.o
[cc] /software/gcc-12.2.0-el8-x86_64/bin/gcc -MT sub/conftest.o -MD -MP -MF sub/conftest.TPo -c -o sub/conftest.o sub/conftest.c
[cc] /software/gcc-12.2.0-el8-x86_64/bin/gcc -c -g -O2 conftest.c
[cc] /software/gcc-12.2.0-el8-x86_64/bin/gcc -c -g -O2 conftest.c
[cc] /software/gcc-12.2.0-el8-x86_64/bin/gcc -c -g -O2 conftest.c
[cc] /software/gcc-12.2.0-el8-x86_64/bin/gcc -c -g -O2 conftest.c
[cc] /software/gcc-12.2.0-el8-x86_64/bin/gcc -c -g -O2 conftest.c
[cc] /software/gcc-12.2.0-el8-x86_64/bin/gcc -c -g -O2 conftest.c
[cc] /software/gcc-12.2.0-el8-x86_64/bin/gcc -c -g -O2 conftest.c
[cc] /software/gcc-12.2.0-el8-x86_64/bin/gcc -c -g -O2 conftest.c
[cc] /software/gcc-12.2.0-el8-x86_64/bin/gcc -c -g -O2 conftest.c
[cc] /software/gcc-12.2.0-el8-x86_64/bin/gcc -c -g -O2 conftest.c
[cc] /software/gcc-12.2.0-el8-x86_64/bin/gcc -c -g -O2 conftest.c
[cc] /software/gcc-12.2.0-el8-x86_64/bin/gcc -c -g -O2 conftest.c
[cc] /software/gcc-12.2.0-el8-x86_64/bin/gcc -c -g -O2 conftest.c
[cc] /software/gcc-12.2.0-el8-x86_64/bin/gcc -c -g -O2 conftest.c
[cc] /software/gcc-12.2.0-el8-x86_64/bin/gcc -c -g -O2 conftest.c
[cpp] /software/gcc-12.2.0-el8-x86_64/bin/gcc -E /tmp/pnsinha/cgt6UzgQ/dummy.c
[ccld] /software/gcc-12.2.0-el8-x86_64/bin/gcc -print-prog-name=ld
[cc] /software/gcc-12.2.0-el8-x86_64/bin/gcc -c -g -O2 conftest.c
[cc] /software/gcc-12.2.0-el8-x86_64/bin/gcc -c -g -O2 conftest.c
[cc] /software/gcc-12.2.0-el8-x86_64/bin/gcc -c -g -O2 conftest.c
[ccld] /software/gcc-12.2.0-el8-x86_64/bin/gcc -o conftest -g -O2 conftest.c conftstm.o
[cc] /software/gcc-12.2.0-el8-x86_64/bin/gcc -c -g -O2 conftest.c
[cc] /software/gcc-12.2.0-el8-x86_64/bin/gcc -c -g -O2 conftest.c
[cc] /software/gcc-12.2.0-el8-x86_64/bin/gcc -c -g -O2 conftest.c
[ccld] /software/gcc-12.2.0-el8-x86_64/bin/gcc -o conftest -g -O2 conftest.c
[cc] /software/gcc-12.2.0-el8-x86_64/bin/gcc -c -g -O2 -fno-rtti -fno-exceptions conftest.c
[cc] /software/gcc-12.2.0-el8-x86_64/bin/gcc -c -g -O2 -fPIC -DPIC -DPIC conftest.c
[ccld] /software/gcc-12.2.0-el8-x86_64/bin/gcc -o conftest -g -O2 -static conftest.c
[cc] /software/gcc-12.2.0-el8-x86_64/bin/gcc -c -g -O2 -o out/conftest2.o conftest.c
[ld] ld -m elf_x86_64 --help
[ld] ld -m elf_x86_64 --help
[cc] /software/gcc-12.2.0-el8-x86_64/bin/gcc -c -g -O2 conftest.c
[ccld] /software/gcc-12.2.0-el8-x86_64/bin/gcc -print-search-dirs
[ccld] /software/gcc-12.2.0-el8-x86_64/bin/gcc -g -O2 -print-multi-os-directory
[ccld] /software/gcc-12.2.0-el8-x86_64/bin/gcc -o conftest -g -O2 -Wl,-rpath -Wl,/foo conftest.c
[ccld] /software/gcc-12.2.0-el8-x86_64/bin/gcc -o conftest -g -O2 -Wl,--version-script=conftest.map conftest.c
[ccld] /software/gcc-12.2.0-el8-x86_64/bin/gcc -qversion
[ccld] /software/gcc-12.2.0-el8-x86_64/bin/gcc -version
[cc] /software/gcc-12.2.0-el8-x86_64/bin/gcc -c -Werror -Wall conftest.c
[cc] /software/gcc-12.2.0-el8-x86_64/bin/gcc -c -Werror -Wextra conftest.c
[cc] /software/gcc-12.2.0-el8-x86_64/bin/gcc -c -Werror -Wbad-function-cast conftest.c
[cc] /software/gcc-12.2.0-el8-x86_64/bin/gcc -c -Werror -Wc99-c11-compat conftest.c
[cc] /software/gcc-12.2.0-el8-x86_64/bin/gcc -c -Werror -Wcast-align conftest.c
[cc] /software/gcc-12.2.0-el8-x86_64/bin/gcc -c -Werror -Wdeclaration-after-statement conftest.c
[cc] /software/gcc-12.2.0-el8-x86_64/bin/gcc -c -Werror -Wdocumentation conftest.c
[cc] /software/gcc-12.2.0-el8-x86_64/bin/gcc -c -Werror -Wduplicated-branches conftest.c
[cc] /software/gcc-12.2.0-el8-x86_64/bin/gcc -c -Werror -Wduplicated-cond conftest.c
[cc] /software/gcc-12.2.0-el8-x86_64/bin/gcc -c -Werror -Wformat -Wformat-security conftest.c
[cc] /software/gcc-12.2.0-el8-x86_64/bin/gcc -c -Werror -Wformat=2 conftest.c
[cc] /software/gcc-12.2.0-el8-x86_64/bin/gcc -c -Werror -Winit-self conftest.c
[cc] /software/gcc-12.2.0-el8-x86_64/bin/gcc -c -Werror -Wlogical-not-parentheses conftest.c
[cc] /software/gcc-12.2.0-el8-x86_64/bin/gcc -c -Werror -Wlogical-op conftest.c
[cc] /software/gcc-12.2.0-el8-x86_64/bin/gcc -c -Werror -Wmissing-declarations conftest.c
[cc] /software/gcc-12.2.0-el8-x86_64/bin/gcc -c -Werror -Wmissing-format-attribute conftest.c
[cc] /software/gcc-12.2.0-el8-x86_64/bin/gcc -c -Werror -Wmissing-prototypes conftest.c
[cc] /software/gcc-12.2.0-el8-x86_64/bin/gcc -c -Werror -Wnested-externs conftest.c
[cc] /software/gcc-12.2.0-el8-x86_64/bin/gcc -c -Werror -Wtautological-constant-out-of-range-compare conftest.c
[cc] /software/gcc-12.2.0-el8-x86_64/bin/gcc -c -Werror -Wunused-parameter conftest.c
[cc] /software/gcc-12.2.0-el8-x86_64/bin/gcc -c -Werror -Wnull-dereference conftest.c
[cc] /software/gcc-12.2.0-el8-x86_64/bin/gcc -c -Werror -Wold-style-definition conftest.c
[cc] /software/gcc-12.2.0-el8-x86_64/bin/gcc -c -Werror -Wpointer-arith conftest.c
[cc] /software/gcc-12.2.0-el8-x86_64/bin/gcc -c -Werror -Wredundant-decls conftest.c
[cc] /software/gcc-12.2.0-el8-x86_64/bin/gcc -c -Werror -Wregister conftest.c
[cc] /software/gcc-12.2.0-el8-x86_64/bin/gcc -c -Werror -Wrestrict conftest.c
[cc] /software/gcc-12.2.0-el8-x86_64/bin/gcc -c -Werror -Wshadow conftest.c
[cc] /software/gcc-12.2.0-el8-x86_64/bin/gcc -c -Werror -Wshift-negative-value conftest.c
[cc] /software/gcc-12.2.0-el8-x86_64/bin/gcc -c -Werror -Wsizeof-array-argument conftest.c
[cc] /software/gcc-12.2.0-el8-x86_64/bin/gcc -c -Werror -Wstrict-prototypes conftest.c
[cc] /software/gcc-12.2.0-el8-x86_64/bin/gcc -c -Werror -Wswitch-bool conftest.c
[cc] /software/gcc-12.2.0-el8-x86_64/bin/gcc -c -Werror -Wvla conftest.c
[cc] /software/gcc-12.2.0-el8-x86_64/bin/gcc -c -Werror -Wwrite-strings conftest.c
[cc] /software/gcc-12.2.0-el8-x86_64/bin/gcc -c -Wall -Wextra -Wbad-function-cast -Wc99-c11-compat -Wcast-align -Wdeclaration-after-statement -Wduplicated-branches -Wduplicated-cond -Wformat -Wformat-security -Wformat=2 -Winit-self -Wlogical-not-parentheses -Wlogical-op -Wmissing-declarations -Wmissing-format-attribute -Wmissing-prototypes -Wnested-externs -Wno-unused-parameter -Wnull-dereference -Wold-style-definition -Wpointer-arith -Wredundant-decls -Wregister -Wrestrict -Wshadow -Wshift-negative-value -Wsizeof-array-argument -Wstrict-prototypes -Wswitch-bool -Wvla -Wwrite-strings -g -O2 conftest.c
[cc] /software/gcc-12.2.0-el8-x86_64/bin/gcc -c -Wall -Wextra -Wbad-function-cast -Wc99-c11-compat -Wcast-align -Wdeclaration-after-statement -Wduplicated-branches -Wduplicated-cond -Wformat -Wformat-security -Wformat=2 -Winit-self -Wlogical-not-parentheses -Wlogical-op -Wmissing-declarations -Wmissing-format-attribute -Wmissing-prototypes -Wnested-externs -Wno-unused-parameter -Wnull-dereference -Wold-style-definition -Wpointer-arith -Wredundant-decls -Wregister -Wrestrict -Wshadow -Wshift-negative-value -Wsizeof-array-argument -Wstrict-prototypes -Wswitch-bool -Wvla -Wwrite-strings -g -O2 conftest.c
[cc] /software/gcc-12.2.0-el8-x86_64/bin/gcc -c -Wall -Wextra -Wbad-function-cast -Wc99-c11-compat -Wcast-align -Wdeclaration-after-statement -Wduplicated-branches -Wduplicated-cond -Wformat -Wformat-security -Wformat=2 -Winit-self -Wlogical-not-parentheses -Wlogical-op -Wmissing-declarations -Wmissing-format-attribute -Wmissing-prototypes -Wnested-externs -Wno-unused-parameter -Wnull-dereference -Wold-style-definition -Wpointer-arith -Wredundant-decls -Wregister -Wrestrict -Wshadow -Wshift-negative-value -Wsizeof-array-argument -Wstrict-prototypes -Wswitch-bool -Wvla -Wwrite-strings -g -O2 conftest.c
[cc] /software/gcc-12.2.0-el8-x86_64/bin/gcc -c -Wall -Wextra -Wbad-function-cast -Wc99-c11-compat -Wcast-align -Wdeclaration-after-statement -Wduplicated-branches -Wduplicated-cond -Wformat -Wformat-security -Wformat=2 -Winit-self -Wlogical-not-parentheses -Wlogical-op -Wmissing-declarations -Wmissing-format-attribute -Wmissing-prototypes -Wnested-externs -Wno-unused-parameter -Wnull-dereference -Wold-style-definition -Wpointer-arith -Wredundant-decls -Wregister -Wrestrict -Wshadow -Wshift-negative-value -Wsizeof-array-argument -Wstrict-prototypes -Wswitch-bool -Wvla -Wwrite-strings -g -O2 conftest.c
[cc] /software/gcc-12.2.0-el8-x86_64/bin/gcc -c -Wall -Wextra -Wbad-function-cast -Wc99-c11-compat -Wcast-align -Wdeclaration-after-statement -Wduplicated-branches -Wduplicated-cond -Wformat -Wformat-security -Wformat=2 -Winit-self -Wlogical-not-parentheses -Wlogical-op -Wmissing-declarations -Wmissing-format-attribute -Wmissing-prototypes -Wnested-externs -Wno-unused-parameter -Wnull-dereference -Wold-style-definition -Wpointer-arith -Wredundant-decls -Wregister -Wrestrict -Wshadow -Wshift-negative-value -Wsizeof-array-argument -Wstrict-prototypes -Wswitch-bool -Wvla -Wwrite-strings -g -O2 conftest.c
[cc] /software/gcc-12.2.0-el8-x86_64/bin/gcc -c -Wall -Wextra -Wbad-function-cast -Wc99-c11-compat -Wcast-align -Wdeclaration-after-statement -Wduplicated-branches -Wduplicated-cond -Wformat -Wformat-security -Wformat=2 -Winit-self -Wlogical-not-parentheses -Wlogical-op -Wmissing-declarations -Wmissing-format-attribute -Wmissing-prototypes -Wnested-externs -Wno-unused-parameter -Wnull-dereference -Wold-style-definition -Wpointer-arith -Wredundant-decls -Wregister -Wrestrict -Wshadow -Wshift-negative-value -Wsizeof-array-argument -Wstrict-prototypes -Wswitch-bool -Wvla -Wwrite-strings -g -O2 conftest.c
[cc] /software/gcc-12.2.0-el8-x86_64/bin/gcc -c -Wall -Wextra -Wbad-function-cast -Wc99-c11-compat -Wcast-align -Wdeclaration-after-statement -Wduplicated-branches -Wduplicated-cond -Wformat -Wformat-security -Wformat=2 -Winit-self -Wlogical-not-parentheses -Wlogical-op -Wmissing-declarations -Wmissing-format-attribute -Wmissing-prototypes -Wnested-externs -Wno-unused-parameter -Wnull-dereference -Wold-style-definition -Wpointer-arith -Wredundant-decls -Wregister -Wrestrict -Wshadow -Wshift-negative-value -Wsizeof-array-argument -Wstrict-prototypes -Wswitch-bool -Wvla -Wwrite-strings -g -O2 conftest.c
[cc] /software/gcc-12.2.0-el8-x86_64/bin/gcc -c -Wall -Wextra -Wbad-function-cast -Wc99-c11-compat -Wcast-align -Wdeclaration-after-statement -Wduplicated-branches -Wduplicated-cond -Wformat -Wformat-security -Wformat=2 -Winit-self -Wlogical-not-parentheses -Wlogical-op -Wmissing-declarations -Wmissing-format-attribute -Wmissing-prototypes -Wnested-externs -Wno-unused-parameter -Wnull-dereference -Wold-style-definition -Wpointer-arith -Wredundant-decls -Wregister -Wrestrict -Wshadow -Wshift-negative-value -Wsizeof-array-argument -Wstrict-prototypes -Wswitch-bool -Wvla -Wwrite-strings -g -O2 conftest.c
[cc] /software/gcc-12.2.0-el8-x86_64/bin/gcc -c -Wall -Wextra -Wbad-function-cast -Wc99-c11-compat -Wcast-align -Wdeclaration-after-statement -Wduplicated-branches -Wduplicated-cond -Wformat -Wformat-security -Wformat=2 -Winit-self -Wlogical-not-parentheses -Wlogical-op -Wmissing-declarations -Wmissing-format-attribute -Wmissing-prototypes -Wnested-externs -Wno-unused-parameter -Wnull-dereference -Wold-style-definition -Wpointer-arith -Wredundant-decls -Wregister -Wrestrict -Wshadow -Wshift-negative-value -Wsizeof-array-argument -Wstrict-prototypes -Wswitch-bool -Wvla -Wwrite-strings -g -O2 conftest.c
[cc] /software/gcc-12.2.0-el8-x86_64/bin/gcc -DHAVE_CONFIG_H -I.. -I. -I../include -Wall -Wextra -Wbad-function-cast -Wc99-c11-compat -Wcast-align -Wdeclaration-after-statement -Wduplicated-branches -Wduplicated-cond -Wformat -Wformat-security -Wformat=2 -Winit-self -Wlogical-not-parentheses -Wlogical-op -Wmissing-declarations -Wmissing-format-attribute -Wmissing-prototypes -Wnested-externs -Wno-unused-parameter -Wnull-dereference -Wold-style-definition -Wpointer-arith -Wredundant-decls -Wregister -Wrestrict -Wshadow -Wshift-negative-value -Wsizeof-array-argument -Wstrict-prototypes -Wswitch-bool -Wvla -Wwrite-strings -g -O2 -MT md2.lo -MD -MP -MF .deps/md2.Tpo -c md2.c -fPIC -DPIC -o .libs/md2.o
[cc] /software/gcc-12.2.0-el8-x86_64/bin/gcc -DHAVE_CONFIG_H -I.. -I. -I../include -Wall -Wextra -Wbad-function-cast -Wc99-c11-compat -Wcast-align -Wdeclaration-after-statement -Wduplicated-branches -Wduplicated-cond -Wformat -Wformat-security -Wformat=2 -Winit-self -Wlogical-not-parentheses -Wlogical-op -Wmissing-declarations -Wmissing-format-attribute -Wmissing-prototypes -Wnested-externs -Wno-unused-parameter -Wnull-dereference -Wold-style-definition -Wpointer-arith -Wredundant-decls -Wregister -Wrestrict -Wshadow -Wshift-negative-value -Wsizeof-array-argument -Wstrict-prototypes -Wswitch-bool -Wvla -Wwrite-strings -g -O2 -MT md5.lo -MD -MP -MF .deps/md5.Tpo -c md5.c -fPIC -DPIC -o .libs/md5.o
[cc] /software/gcc-12.2.0-el8-x86_64/bin/gcc -DHAVE_CONFIG_H -I.. -I. -I../include -Wall -Wextra -Wbad-function-cast -Wc99-c11-compat -Wcast-align -Wdeclaration-after-statement -Wduplicated-branches -Wduplicated-cond -Wformat -Wformat-security -Wformat=2 -Winit-self -Wlogical-not-parentheses -Wlogical-op -Wmissing-declarations -Wmissing-format-attribute -Wmissing-prototypes -Wnested-externs -Wno-unused-parameter -Wnull-dereference -Wold-style-definition -Wpointer-arith -Wredundant-decls -Wregister -Wrestrict -Wshadow -Wshift-negative-value -Wsizeof-array-argument -Wstrict-prototypes -Wswitch-bool -Wvla -Wwrite-strings -g -O2 -MT rmd160.lo -MD -MP -MF .deps/rmd160.Tpo -c rmd160.c -fPIC -DPIC -o .libs/rmd160.o
[cc] /software/gcc-12.2.0-el8-x86_64/bin/gcc -DHAVE_CONFIG_H -I.. -I. -I../include -Wall -Wextra -Wbad-function-cast -Wc99-c11-compat -Wcast-align -Wdeclaration-after-statement -Wduplicated-branches -Wduplicated-cond -Wformat -Wformat-security -Wformat=2 -Winit-self -Wlogical-not-parentheses -Wlogical-op -Wmissing-declarations -Wmissing-format-attribute -Wmissing-prototypes -Wnested-externs -Wno-unused-parameter -Wnull-dereference -Wold-style-definition -Wpointer-arith -Wredundant-decls -Wregister -Wrestrict -Wshadow -Wshift-negative-value -Wsizeof-array-argument -Wstrict-prototypes -Wswitch-bool -Wvla -Wwrite-strings -g -O2 -MT sha1.lo -MD -MP -MF .deps/sha1.Tpo -c sha1.c -fPIC -DPIC -o .libs/sha1.o
[cc] /software/gcc-12.2.0-el8-x86_64/bin/gcc -DHAVE_CONFIG_H -I.. -I. -I../include -Wall -Wextra -Wbad-function-cast -Wc99-c11-compat -Wcast-align -Wdeclaration-after-statement -Wduplicated-branches -Wduplicated-cond -Wformat -Wformat-security -Wformat=2 -Winit-self -Wlogical-not-parentheses -Wlogical-op -Wmissing-declarations -Wmissing-format-attribute -Wmissing-prototypes -Wnested-externs -Wno-unused-parameter -Wnull-dereference -Wold-style-definition -Wpointer-arith -Wredundant-decls -Wregister -Wrestrict -Wshadow -Wshift-negative-value -Wsizeof-array-argument -Wstrict-prototypes -Wswitch-bool -Wvla -Wwrite-strings -g -O2 -MT md4.lo -MD -MP -MF .deps/md4.Tpo -c md4.c -fPIC -DPIC -o .libs/md4.o
[cc] /software/gcc-12.2.0-el8-x86_64/bin/gcc -DHAVE_CONFIG_H -I.. -I. -I../include -Wall -Wextra -Wbad-function-cast -Wc99-c11-compat -Wcast-align -Wdeclaration-after-statement -Wduplicated-branches -Wduplicated-cond -Wformat -Wformat-security -Wformat=2 -Winit-self -Wlogical-not-parentheses -Wlogical-op -Wmissing-declarations -Wmissing-format-attribute -Wmissing-prototypes -Wnested-externs -Wno-unused-parameter -Wnull-dereference -Wold-style-definition -Wpointer-arith -Wredundant-decls -Wregister -Wrestrict -Wshadow -Wshift-negative-value -Wsizeof-array-argument -Wstrict-prototypes -Wswitch-bool -Wvla -Wwrite-strings -g -O2 -MT sha2.lo -MD -MP -MF .deps/sha2.Tpo -c sha2.c -fPIC -DPIC -o .libs/sha2.o
[cc] /software/gcc-12.2.0-el8-x86_64/bin/gcc -DHAVE_CONFIG_H -I.. -I. -I../include -Wall -Wextra -Wbad-function-cast -Wc99-c11-compat -Wcast-align -Wdeclaration-after-statement -Wduplicated-branches -Wduplicated-cond -Wformat -Wformat-security -Wformat=2 -Winit-self -Wlogical-not-parentheses -Wlogical-op -Wmissing-declarations -Wmissing-format-attribute -Wmissing-prototypes -Wnested-externs -Wno-unused-parameter -Wnull-dereference -Wold-style-definition -Wpointer-arith -Wredundant-decls -Wregister -Wrestrict -Wshadow -Wshift-negative-value -Wsizeof-array-argument -Wstrict-prototypes -Wswitch-bool -Wvla -Wwrite-strings -g -O2 -MT md2hl.lo -MD -MP -MF .deps/md2hl.Tpo -c md2hl.c -fPIC -DPIC -o .libs/md2hl.o
[cc] /software/gcc-12.2.0-el8-x86_64/bin/gcc -DHAVE_CONFIG_H -I.. -I. -I../include -Wall -Wextra -Wbad-function-cast -Wc99-c11-compat -Wcast-align -Wdeclaration-after-statement -Wduplicated-branches -Wduplicated-cond -Wformat -Wformat-security -Wformat=2 -Winit-self -Wlogical-not-parentheses -Wlogical-op -Wmissing-declarations -Wmissing-format-attribute -Wmissing-prototypes -Wnested-externs -Wno-unused-parameter -Wnull-dereference -Wold-style-definition -Wpointer-arith -Wredundant-decls -Wregister -Wrestrict -Wshadow -Wshift-negative-value -Wsizeof-array-argument -Wstrict-prototypes -Wswitch-bool -Wvla -Wwrite-strings -g -O2 -MT rmd160hl.lo -MD -MP -MF .deps/rmd160hl.Tpo -c rmd160hl.c -fPIC -DPIC -o .libs/rmd160hl.o
[cc] /software/gcc-12.2.0-el8-x86_64/bin/gcc -DHAVE_CONFIG_H -I.. -I. -I../include -Wall -Wextra -Wbad-function-cast -Wc99-c11-compat -Wcast-align -Wdeclaration-after-statement -Wduplicated-branches -Wduplicated-cond -Wformat -Wformat-security -Wformat=2 -Winit-self -Wlogical-not-parentheses -Wlogical-op -Wmissing-declarations -Wmissing-format-attribute -Wmissing-prototypes -Wnested-externs -Wno-unused-parameter -Wnull-dereference -Wold-style-definition -Wpointer-arith -Wredundant-decls -Wregister -Wrestrict -Wshadow -Wshift-negative-value -Wsizeof-array-argument -Wstrict-prototypes -Wswitch-bool -Wvla -Wwrite-strings -g -O2 -MT md4hl.lo -MD -MP -MF .deps/md4hl.Tpo -c md4hl.c -fPIC -DPIC -o .libs/md4hl.o
[cc] /software/gcc-12.2.0-el8-x86_64/bin/gcc -DHAVE_CONFIG_H -I.. -I. -I../include -Wall -Wextra -Wbad-function-cast -Wc99-c11-compat -Wcast-align -Wdeclaration-after-statement -Wduplicated-branches -Wduplicated-cond -Wformat -Wformat-security -Wformat=2 -Winit-self -Wlogical-not-parentheses -Wlogical-op -Wmissing-declarations -Wmissing-format-attribute -Wmissing-prototypes -Wnested-externs -Wno-unused-parameter -Wnull-dereference -Wold-style-definition -Wpointer-arith -Wredundant-decls -Wregister -Wrestrict -Wshadow -Wshift-negative-value -Wsizeof-array-argument -Wstrict-prototypes -Wswitch-bool -Wvla -Wwrite-strings -g -O2 -MT md5hl.lo -MD -MP -MF .deps/md5hl.Tpo -c md5hl.c -fPIC -DPIC -o .libs/md5hl.o
[cc] /software/gcc-12.2.0-el8-x86_64/bin/gcc -DHAVE_CONFIG_H -I.. -I. -I../include -Wall -Wextra -Wbad-function-cast -Wc99-c11-compat -Wcast-align -Wdeclaration-after-statement -Wduplicated-branches -Wduplicated-cond -Wformat -Wformat-security -Wformat=2 -Winit-self -Wlogical-not-parentheses -Wlogical-op -Wmissing-declarations -Wmissing-format-attribute -Wmissing-prototypes -Wnested-externs -Wno-unused-parameter -Wnull-dereference -Wold-style-definition -Wpointer-arith -Wredundant-decls -Wregister -Wrestrict -Wshadow -Wshift-negative-value -Wsizeof-array-argument -Wstrict-prototypes -Wswitch-bool -Wvla -Wwrite-strings -g -O2 -MT sha384hl.lo -MD -MP -MF .deps/sha384hl.Tpo -c sha384hl.c -fPIC -DPIC -o .libs/sha384hl.o
[cc] /software/gcc-12.2.0-el8-x86_64/bin/gcc -DHAVE_CONFIG_H -I.. -I. -I../include -Wall -Wextra -Wbad-function-cast -Wc99-c11-compat -Wcast-align -Wdeclaration-after-statement -Wduplicated-branches -Wduplicated-cond -Wformat -Wformat-security -Wformat=2 -Winit-self -Wlogical-not-parentheses -Wlogical-op -Wmissing-declarations -Wmissing-format-attribute -Wmissing-prototypes -Wnested-externs -Wno-unused-parameter -Wnull-dereference -Wold-style-definition -Wpointer-arith -Wredundant-decls -Wregister -Wrestrict -Wshadow -Wshift-negative-value -Wsizeof-array-argument -Wstrict-prototypes -Wswitch-bool -Wvla -Wwrite-strings -g -O2 -MT sha1hl.lo -MD -MP -MF .deps/sha1hl.Tpo -c sha1hl.c -fPIC -DPIC -o .libs/sha1hl.o
[cc] /software/gcc-12.2.0-el8-x86_64/bin/gcc -DHAVE_CONFIG_H -I.. -I. -I../include -Wall -Wextra -Wbad-function-cast -Wc99-c11-compat -Wcast-align -Wdeclaration-after-statement -Wduplicated-branches -Wduplicated-cond -Wformat -Wformat-security -Wformat=2 -Winit-self -Wlogical-not-parentheses -Wlogical-op -Wmissing-declarations -Wmissing-format-attribute -Wmissing-prototypes -Wnested-externs -Wno-unused-parameter -Wnull-dereference -Wold-style-definition -Wpointer-arith -Wredundant-decls -Wregister -Wrestrict -Wshadow -Wshift-negative-value -Wsizeof-array-argument -Wstrict-prototypes -Wswitch-bool -Wvla -Wwrite-strings -g -O2 -MT sha256hl.lo -MD -MP -MF .deps/sha256hl.Tpo -c sha256hl.c -fPIC -DPIC -o .libs/sha256hl.o
[cc] /software/gcc-12.2.0-el8-x86_64/bin/gcc -DHAVE_CONFIG_H -I.. -I. -I../include -Wall -Wextra -Wbad-function-cast -Wc99-c11-compat -Wcast-align -Wdeclaration-after-statement -Wduplicated-branches -Wduplicated-cond -Wformat -Wformat-security -Wformat=2 -Winit-self -Wlogical-not-parentheses -Wlogical-op -Wmissing-declarations -Wmissing-format-attribute -Wmissing-prototypes -Wnested-externs -Wno-unused-parameter -Wnull-dereference -Wold-style-definition -Wpointer-arith -Wredundant-decls -Wregister -Wrestrict -Wshadow -Wshift-negative-value -Wsizeof-array-argument -Wstrict-prototypes -Wswitch-bool -Wvla -Wwrite-strings -g -O2 -MT sha512hl.lo -MD -MP -MF .deps/sha512hl.Tpo -c sha512hl.c -fPIC -DPIC -o .libs/sha512hl.o
[cc] /software/gcc-12.2.0-el8-x86_64/bin/gcc -DHAVE_CONFIG_H -I.. -I. -I../include -Wall -Wextra -Wbad-function-cast -Wc99-c11-compat -Wcast-align -Wdeclaration-after-statement -Wduplicated-branches -Wduplicated-cond -Wformat -Wformat-security -Wformat=2 -Winit-self -Wlogical-not-parentheses -Wlogical-op -Wmissing-declarations -Wmissing-format-attribute -Wmissing-prototypes -Wnested-externs -Wno-unused-parameter -Wnull-dereference -Wold-style-definition -Wpointer-arith -Wredundant-decls -Wregister -Wrestrict -Wshadow -Wshift-negative-value -Wsizeof-array-argument -Wstrict-prototypes -Wswitch-bool -Wvla -Wwrite-strings -g -O2 -MT md2.lo -MD -MP -MF .deps/md2.Tpo -c md2.c -o md2.o
[cc] /software/gcc-12.2.0-el8-x86_64/bin/gcc -DHAVE_CONFIG_H -I.. -I. -I../include -Wall -Wextra -Wbad-function-cast -Wc99-c11-compat -Wcast-align -Wdeclaration-after-statement -Wduplicated-branches -Wduplicated-cond -Wformat -Wformat-security -Wformat=2 -Winit-self -Wlogical-not-parentheses -Wlogical-op -Wmissing-declarations -Wmissing-format-attribute -Wmissing-prototypes -Wnested-externs -Wno-unused-parameter -Wnull-dereference -Wold-style-definition -Wpointer-arith -Wredundant-decls -Wregister -Wrestrict -Wshadow -Wshift-negative-value -Wsizeof-array-argument -Wstrict-prototypes -Wswitch-bool -Wvla -Wwrite-strings -g -O2 -MT md2hl.lo -MD -MP -MF .deps/md2hl.Tpo -c md2hl.c -o md2hl.o
[cc] /software/gcc-12.2.0-el8-x86_64/bin/gcc -DHAVE_CONFIG_H -I.. -I. -I../include -Wall -Wextra -Wbad-function-cast -Wc99-c11-compat -Wcast-align -Wdeclaration-after-statement -Wduplicated-branches -Wduplicated-cond -Wformat -Wformat-security -Wformat=2 -Winit-self -Wlogical-not-parentheses -Wlogical-op -Wmissing-declarations -Wmissing-format-attribute -Wmissing-prototypes -Wnested-externs -Wno-unused-parameter -Wnull-dereference -Wold-style-definition -Wpointer-arith -Wredundant-decls -Wregister -Wrestrict -Wshadow -Wshift-negative-value -Wsizeof-array-argument -Wstrict-prototypes -Wswitch-bool -Wvla -Wwrite-strings -g -O2 -MT md5.lo -MD -MP -MF .deps/md5.Tpo -c md5.c -o md5.o
[cc] /software/gcc-12.2.0-el8-x86_64/bin/gcc -DHAVE_CONFIG_H -I.. -I. -I../include -Wall -Wextra -Wbad-function-cast -Wc99-c11-compat -Wcast-align -Wdeclaration-after-statement -Wduplicated-branches -Wduplicated-cond -Wformat -Wformat-security -Wformat=2 -Winit-self -Wlogical-not-parentheses -Wlogical-op -Wmissing-declarations -Wmissing-format-attribute -Wmissing-prototypes -Wnested-externs -Wno-unused-parameter -Wnull-dereference -Wold-style-definition -Wpointer-arith -Wredundant-decls -Wregister -Wrestrict -Wshadow -Wshift-negative-value -Wsizeof-array-argument -Wstrict-prototypes -Wswitch-bool -Wvla -Wwrite-strings -g -O2 -MT rmd160hl.lo -MD -MP -MF .deps/rmd160hl.Tpo -c rmd160hl.c -o rmd160hl.o
[cc] /software/gcc-12.2.0-el8-x86_64/bin/gcc -DHAVE_CONFIG_H -I.. -I. -I../include -Wall -Wextra -Wbad-function-cast -Wc99-c11-compat -Wcast-align -Wdeclaration-after-statement -Wduplicated-branches -Wduplicated-cond -Wformat -Wformat-security -Wformat=2 -Winit-self -Wlogical-not-parentheses -Wlogical-op -Wmissing-declarations -Wmissing-format-attribute -Wmissing-prototypes -Wnested-externs -Wno-unused-parameter -Wnull-dereference -Wold-style-definition -Wpointer-arith -Wredundant-decls -Wregister -Wrestrict -Wshadow -Wshift-negative-value -Wsizeof-array-argument -Wstrict-prototypes -Wswitch-bool -Wvla -Wwrite-strings -g -O2 -MT md4hl.lo -MD -MP -MF .deps/md4hl.Tpo -c md4hl.c -o md4hl.o
[cc] /software/gcc-12.2.0-el8-x86_64/bin/gcc -DHAVE_CONFIG_H -I.. -I. -I../include -Wall -Wextra -Wbad-function-cast -Wc99-c11-compat -Wcast-align -Wdeclaration-after-statement -Wduplicated-branches -Wduplicated-cond -Wformat -Wformat-security -Wformat=2 -Winit-self -Wlogical-not-parentheses -Wlogical-op -Wmissing-declarations -Wmissing-format-attribute -Wmissing-prototypes -Wnested-externs -Wno-unused-parameter -Wnull-dereference -Wold-style-definition -Wpointer-arith -Wredundant-decls -Wregister -Wrestrict -Wshadow -Wshift-negative-value -Wsizeof-array-argument -Wstrict-prototypes -Wswitch-bool -Wvla -Wwrite-strings -g -O2 -MT md5hl.lo -MD -MP -MF .deps/md5hl.Tpo -c md5hl.c -o md5hl.o
[cc] /software/gcc-12.2.0-el8-x86_64/bin/gcc -DHAVE_CONFIG_H -I.. -I. -I../include -Wall -Wextra -Wbad-function-cast -Wc99-c11-compat -Wcast-align -Wdeclaration-after-statement -Wduplicated-branches -Wduplicated-cond -Wformat -Wformat-security -Wformat=2 -Winit-self -Wlogical-not-parentheses -Wlogical-op -Wmissing-declarations -Wmissing-format-attribute -Wmissing-prototypes -Wnested-externs -Wno-unused-parameter -Wnull-dereference -Wold-style-definition -Wpointer-arith -Wredundant-decls -Wregister -Wrestrict -Wshadow -Wshift-negative-value -Wsizeof-array-argument -Wstrict-prototypes -Wswitch-bool -Wvla -Wwrite-strings -g -O2 -MT sha384hl.lo -MD -MP -MF .deps/sha384hl.Tpo -c sha384hl.c -o sha384hl.o
[cc] /software/gcc-12.2.0-el8-x86_64/bin/gcc -DHAVE_CONFIG_H -I.. -I. -I../include -Wall -Wextra -Wbad-function-cast -Wc99-c11-compat -Wcast-align -Wdeclaration-after-statement -Wduplicated-branches -Wduplicated-cond -Wformat -Wformat-security -Wformat=2 -Winit-self -Wlogical-not-parentheses -Wlogical-op -Wmissing-declarations -Wmissing-format-attribute -Wmissing-prototypes -Wnested-externs -Wno-unused-parameter -Wnull-dereference -Wold-style-definition -Wpointer-arith -Wredundant-decls -Wregister -Wrestrict -Wshadow -Wshift-negative-value -Wsizeof-array-argument -Wstrict-prototypes -Wswitch-bool -Wvla -Wwrite-strings -g -O2 -MT sha1hl.lo -MD -MP -MF .deps/sha1hl.Tpo -c sha1hl.c -o sha1hl.o
[cc] /software/gcc-12.2.0-el8-x86_64/bin/gcc -DHAVE_CONFIG_H -I.. -I. -I../include -Wall -Wextra -Wbad-function-cast -Wc99-c11-compat -Wcast-align -Wdeclaration-after-statement -Wduplicated-branches -Wduplicated-cond -Wformat -Wformat-security -Wformat=2 -Winit-self -Wlogical-not-parentheses -Wlogical-op -Wmissing-declarations -Wmissing-format-attribute -Wmissing-prototypes -Wnested-externs -Wno-unused-parameter -Wnull-dereference -Wold-style-definition -Wpointer-arith -Wredundant-decls -Wregister -Wrestrict -Wshadow -Wshift-negative-value -Wsizeof-array-argument -Wstrict-prototypes -Wswitch-bool -Wvla -Wwrite-strings -g -O2 -MT md4.lo -MD -MP -MF .deps/md4.Tpo -c md4.c -o md4.o
[cc] /software/gcc-12.2.0-el8-x86_64/bin/gcc -DHAVE_CONFIG_H -I.. -I. -I../include -Wall -Wextra -Wbad-function-cast -Wc99-c11-compat -Wcast-align -Wdeclaration-after-statement -Wduplicated-branches -Wduplicated-cond -Wformat -Wformat-security -Wformat=2 -Winit-self -Wlogical-not-parentheses -Wlogical-op -Wmissing-declarations -Wmissing-format-attribute -Wmissing-prototypes -Wnested-externs -Wno-unused-parameter -Wnull-dereference -Wold-style-definition -Wpointer-arith -Wredundant-decls -Wregister -Wrestrict -Wshadow -Wshift-negative-value -Wsizeof-array-argument -Wstrict-prototypes -Wswitch-bool -Wvla -Wwrite-strings -g -O2 -MT sha512hl.lo -MD -MP -MF .deps/sha512hl.Tpo -c sha512hl.c -o sha512hl.o
[cc] /software/gcc-12.2.0-el8-x86_64/bin/gcc -DHAVE_CONFIG_H -I.. -I. -I../include -Wall -Wextra -Wbad-function-cast -Wc99-c11-compat -Wcast-align -Wdeclaration-after-statement -Wduplicated-branches -Wduplicated-cond -Wformat -Wformat-security -Wformat=2 -Winit-self -Wlogical-not-parentheses -Wlogical-op -Wmissing-declarations -Wmissing-format-attribute -Wmissing-prototypes -Wnested-externs -Wno-unused-parameter -Wnull-dereference -Wold-style-definition -Wpointer-arith -Wredundant-decls -Wregister -Wrestrict -Wshadow -Wshift-negative-value -Wsizeof-array-argument -Wstrict-prototypes -Wswitch-bool -Wvla -Wwrite-strings -g -O2 -MT sha256hl.lo -MD -MP -MF .deps/sha256hl.Tpo -c sha256hl.c -o sha256hl.o
[cc] /software/gcc-12.2.0-el8-x86_64/bin/gcc -DHAVE_CONFIG_H -I.. -I. -I../include -Wall -Wextra -Wbad-function-cast -Wc99-c11-compat -Wcast-align -Wdeclaration-after-statement -Wduplicated-branches -Wduplicated-cond -Wformat -Wformat-security -Wformat=2 -Winit-self -Wlogical-not-parentheses -Wlogical-op -Wmissing-declarations -Wmissing-format-attribute -Wmissing-prototypes -Wnested-externs -Wno-unused-parameter -Wnull-dereference -Wold-style-definition -Wpointer-arith -Wredundant-decls -Wregister -Wrestrict -Wshadow -Wshift-negative-value -Wsizeof-array-argument -Wstrict-prototypes -Wswitch-bool -Wvla -Wwrite-strings -g -O2 -MT sha2.lo -MD -MP -MF .deps/sha2.Tpo -c sha2.c -o sha2.o
[cc] /software/gcc-12.2.0-el8-x86_64/bin/gcc -DHAVE_CONFIG_H -I.. -I. -I../include -Wall -Wextra -Wbad-function-cast -Wc99-c11-compat -Wcast-align -Wdeclaration-after-statement -Wduplicated-branches -Wduplicated-cond -Wformat -Wformat-security -Wformat=2 -Winit-self -Wlogical-not-parentheses -Wlogical-op -Wmissing-declarations -Wmissing-format-attribute -Wmissing-prototypes -Wnested-externs -Wno-unused-parameter -Wnull-dereference -Wold-style-definition -Wpointer-arith -Wredundant-decls -Wregister -Wrestrict -Wshadow -Wshift-negative-value -Wsizeof-array-argument -Wstrict-prototypes -Wswitch-bool -Wvla -Wwrite-strings -g -O2 -MT sha1.lo -MD -MP -MF .deps/sha1.Tpo -c sha1.c -o sha1.o
[cc] /software/gcc-12.2.0-el8-x86_64/bin/gcc -DHAVE_CONFIG_H -I.. -I. -I../include -Wall -Wextra -Wbad-function-cast -Wc99-c11-compat -Wcast-align -Wdeclaration-after-statement -Wduplicated-branches -Wduplicated-cond -Wformat -Wformat-security -Wformat=2 -Winit-self -Wlogical-not-parentheses -Wlogical-op -Wmissing-declarations -Wmissing-format-attribute -Wmissing-prototypes -Wnested-externs -Wno-unused-parameter -Wnull-dereference -Wold-style-definition -Wpointer-arith -Wredundant-decls -Wregister -Wrestrict -Wshadow -Wshift-negative-value -Wsizeof-array-argument -Wstrict-prototypes -Wswitch-bool -Wvla -Wwrite-strings -g -O2 -MT rmd160.lo -MD -MP -MF .deps/rmd160.Tpo -c rmd160.c -o rmd160.o
[ccld] /software/gcc-12.2.0-el8-x86_64/bin/gcc -shared -fPIC -DPIC .libs/md2.o .libs/md4.o .libs/md5.o .libs/rmd160.o .libs/sha1.o .libs/sha2.o .libs/md2hl.o .libs/md4hl.o .libs/md5hl.o .libs/rmd160hl.o .libs/sha1hl.o .libs/sha256hl.o .libs/sha384hl.o .libs/sha512hl.o -g -O2 -Wl,--version-script=./libmd.map -Wl,-soname -Wl,libmd.so.0 -o .libs/libmd.so.0.0.5
