[cpp] /software/gcc-12.2.0-el8-x86_64/bin/gcc -E /tmp/pnsinha/cgDyOWc8/dummy.c
[cpp] /software/gcc-12.2.0-el8-x86_64/bin/gcc -E /tmp/pnsinha/cgDyOWc8/dummy.c
[ccld] /software/gcc-12.2.0-el8-x86_64/bin/gcc -qversion
[ccld] /software/gcc-12.2.0-el8-x86_64/bin/gcc -version
[ccld] /software/gcc-12.2.0-el8-x86_64/bin/gcc conftest.c
[ccld] /software/gcc-12.2.0-el8-x86_64/bin/gcc -o conftest conftest.c
[ccld] /software/gcc-12.2.0-el8-x86_64/bin/gcc -o conftest conftest.c
[cc] /software/gcc-12.2.0-el8-x86_64/bin/gcc -c conftest.c
[cc] /software/gcc-12.2.0-el8-x86_64/bin/gcc -c conftest.c
[cc] /software/gcc-12.2.0-el8-x86_64/bin/gcc -c -g conftest.c
[cc] /software/gcc-12.2.0-el8-x86_64/bin/gcc -c -g -O2 conftest.c
[cc] /software/gcc-12.2.0-el8-x86_64/bin/gcc -c conftest.c -o conftest2.o
[cc] /software/gcc-12.2.0-el8-x86_64/bin/gcc -c conftest.c -o conftest2.o
[cc] /software/gcc-12.2.0-el8-x86_64/bin/gcc -MT sub/conftest.o -MD -MP -MF sub/conftest.TPo -c -o sub/conftest.o sub/conftest.c
[cc] /software/gcc-12.2.0-el8-x86_64/bin/gcc -c -g -O2 conftest.c
[ccld] /software/gcc-12.2.0-el8-x86_64/bin/gcc -print-prog-name=ld
[cc] /software/gcc-12.2.0-el8-x86_64/bin/gcc -c -g -O2 conftest.c
[cc] /software/gcc-12.2.0-el8-x86_64/bin/gcc -c -g -O2 conftest.c
[cc] /software/gcc-12.2.0-el8-x86_64/bin/gcc -c -g -O2 conftest.c
[ccld] /software/gcc-12.2.0-el8-x86_64/bin/gcc -o conftest -g -O2 conftest.c conftstm.o
[cc] /software/gcc-12.2.0-el8-x86_64/bin/gcc -c -g -O2 conftest.c
[cc] /software/gcc-12.2.0-el8-x86_64/bin/gcc -c -g -O2 conftest.c
[cc] /software/gcc-12.2.0-el8-x86_64/bin/gcc -c -g -O2 conftest.c
[cc] /software/gcc-12.2.0-el8-x86_64/bin/gcc -c -g -O2 conftest.c
[cc] /software/gcc-12.2.0-el8-x86_64/bin/gcc -c -g -O2 conftest.c
[cc] /software/gcc-12.2.0-el8-x86_64/bin/gcc -c -g -O2 conftest.c
[cc] /software/gcc-12.2.0-el8-x86_64/bin/gcc -c -g -O2 conftest.c
[cc] /software/gcc-12.2.0-el8-x86_64/bin/gcc -c -g -O2 conftest.c
[cc] /software/gcc-12.2.0-el8-x86_64/bin/gcc -c -g -O2 conftest.c
[cc] /software/gcc-12.2.0-el8-x86_64/bin/gcc -c -g -O2 conftest.c
[cc] /software/gcc-12.2.0-el8-x86_64/bin/gcc -c -g -O2 conftest.c
[cc] /software/gcc-12.2.0-el8-x86_64/bin/gcc -c -g -O2 conftest.c
[cc] /software/gcc-12.2.0-el8-x86_64/bin/gcc -c -g -O2 conftest.c
[ccld] /software/gcc-12.2.0-el8-x86_64/bin/gcc -o conftest -g -O2 conftest.c
[cc] /software/gcc-12.2.0-el8-x86_64/bin/gcc -c -g -O2 -fno-rtti -fno-exceptions conftest.c
[cc] /software/gcc-12.2.0-el8-x86_64/bin/gcc -c -g -O2 -fPIC -DPIC -DPIC conftest.c
[ccld] /software/gcc-12.2.0-el8-x86_64/bin/gcc -o conftest -g -O2 -static conftest.c
[cc] /software/gcc-12.2.0-el8-x86_64/bin/gcc -c -g -O2 -o out/conftest2.o conftest.c
[ld] ld -m elf_x86_64 --help
[ld] ld -m elf_x86_64 --help
[cc] /software/gcc-12.2.0-el8-x86_64/bin/gcc -c -g -O2 conftest.c
[ccld] /software/gcc-12.2.0-el8-x86_64/bin/gcc -print-search-dirs
[ccld] /software/gcc-12.2.0-el8-x86_64/bin/gcc -g -O2 -print-multi-os-directory
[ccld] /software/gcc-12.2.0-el8-x86_64/bin/gcc -o conftest -g -O2 -Wl,-rpath -Wl,/foo conftest.c
[cc] /software/gcc-12.2.0-el8-x86_64/bin/gcc -c -g -O2 -Werror -Wall conftest.c
[cc] /software/gcc-12.2.0-el8-x86_64/bin/gcc -c -g -O2 -Werror -Wextra conftest.c
[cc] /software/gcc-12.2.0-el8-x86_64/bin/gcc -c -g -O2 -Werror -fexceptions conftest.c
[cc] /software/gcc-12.2.0-el8-x86_64/bin/gcc -c -g -O2 -Werror -fno-strict-aliasing conftest.c
[cc] /software/gcc-12.2.0-el8-x86_64/bin/gcc -c -g -O2 -Werror -Wmissing-prototypes conftest.c
[cc] /software/gcc-12.2.0-el8-x86_64/bin/gcc -c -g -O2 -Werror -Wstrict-prototypes conftest.c
[cc] /software/gcc-12.2.0-el8-x86_64/bin/gcc -c -g -O2 -Werror -pedantic conftest.c
[cc] /software/gcc-12.2.0-el8-x86_64/bin/gcc -c -g -O2 -Werror -Wduplicated-cond conftest.c
[cc] /software/gcc-12.2.0-el8-x86_64/bin/gcc -c -g -O2 -Werror -Wduplicated-branches conftest.c
[cc] /software/gcc-12.2.0-el8-x86_64/bin/gcc -c -g -O2 -Werror -Wlogical-op conftest.c
[cc] /software/gcc-12.2.0-el8-x86_64/bin/gcc -c -g -O2 -Werror -Wrestrict conftest.c
[cc] /software/gcc-12.2.0-el8-x86_64/bin/gcc -c -g -O2 -Werror -Wnull-dereference conftest.c
[cc] /software/gcc-12.2.0-el8-x86_64/bin/gcc -c -g -O2 -Werror -Wjump-misses-init conftest.c
[cc] /software/gcc-12.2.0-el8-x86_64/bin/gcc -c -g -O2 -Werror -Wdouble-promotion conftest.c
[cc] /software/gcc-12.2.0-el8-x86_64/bin/gcc -c -g -O2 -Werror -Wshadow conftest.c
[cc] /software/gcc-12.2.0-el8-x86_64/bin/gcc -c -g -O2 -Werror -Wformat=2 conftest.c
[cc] /software/gcc-12.2.0-el8-x86_64/bin/gcc -c -g -O2 -Werror -Wno-pedantic-ms-format conftest.c
[cc] /software/gcc-12.2.0-el8-x86_64/bin/gcc -c -g -O2 -Werror -Wmisleading-indentation conftest.c
[ccld] /software/gcc-12.2.0-el8-x86_64/bin/g++ -qversion
[cc] /software/gcc-12.2.0-el8-x86_64/bin/g++ -c conftest.cpp
[cc] /software/gcc-12.2.0-el8-x86_64/bin/g++ -c -g conftest.cpp
[cc] /software/gcc-12.2.0-el8-x86_64/bin/g++ -c -g -O2 conftest.cpp
[cc] /software/gcc-12.2.0-el8-x86_64/bin/g++ -MT sub/conftest.o -MD -MP -MF sub/conftest.TPo -c -o sub/conftest.o sub/conftest.c
[cpp] /software/gcc-12.2.0-el8-x86_64/bin/g++ -E conftest.cpp
[cpp] /software/gcc-12.2.0-el8-x86_64/bin/g++ -E conftest.cpp
[cpp] /software/gcc-12.2.0-el8-x86_64/bin/g++ -E conftest.cpp
[cpp] /software/gcc-12.2.0-el8-x86_64/bin/g++ -E conftest.cpp
[cc] /software/gcc-12.2.0-el8-x86_64/bin/g++ -c -g -O2 conftest.cpp
[ccld] /software/gcc-12.2.0-el8-x86_64/bin/g++ -o conftest -g -O2 conftest.cpp
[ccld] /software/gcc-12.2.0-el8-x86_64/bin/g++ -print-prog-name=ld
[ccld] /software/gcc-12.2.0-el8-x86_64/bin/g++ -print-prog-name=ld
[ld] ld --help
[cc] /software/gcc-12.2.0-el8-x86_64/bin/g++ -c -g -O2 conftest.cpp
[cc] /software/gcc-12.2.0-el8-x86_64/bin/g++ -c -g -O2 -fPIC -DPIC -DPIC conftest.cpp
[ccld] /software/gcc-12.2.0-el8-x86_64/bin/g++ -o conftest -g -O2 -static conftest.cpp
[cc] /software/gcc-12.2.0-el8-x86_64/bin/g++ -c -g -O2 -o out/conftest2.o conftest.cpp
[cc] /software/gcc-12.2.0-el8-x86_64/bin/g++ -c -g -O2 -Werror -Wall conftest.cpp
[cc] /software/gcc-12.2.0-el8-x86_64/bin/g++ -c -g -O2 -Werror -Wextra conftest.cpp
[cc] /software/gcc-12.2.0-el8-x86_64/bin/g++ -c -g -O2 -Werror -fexceptions conftest.cpp
[cc] /software/gcc-12.2.0-el8-x86_64/bin/g++ -c -g -O2 -Werror -fno-strict-aliasing conftest.cpp
[ccld] /software/gcc-12.2.0-el8-x86_64/bin/gcc -o conftest -g -O2 -fno-strict-aliasing conftest.c
[cc] /software/gcc-12.2.0-el8-x86_64/bin/gcc -c -g -O2 -fvisibility=hidden -Wall -Werror -Wno-unknown-warning-option conftest.c
[cc] /software/gcc-12.2.0-el8-x86_64/bin/gcc -c -g -O2 conftest.c
[cc] /software/gcc-12.2.0-el8-x86_64/bin/gcc -c -g -O2 conftest.c
[cc] /software/gcc-12.2.0-el8-x86_64/bin/gcc -c -g -O2 conftest.c
[cc] /software/gcc-12.2.0-el8-x86_64/bin/gcc -c -g -O2 conftest.c
[cc] /software/gcc-12.2.0-el8-x86_64/bin/gcc -c -g -O2 conftest.c
[cc] /software/gcc-12.2.0-el8-x86_64/bin/gcc -c -g -O2 conftest.c
[cc] /software/gcc-12.2.0-el8-x86_64/bin/g++ -std=c++11 -c -g -O2 conftest.cpp
[ccld] /software/gcc-12.2.0-el8-x86_64/bin/gcc -o conftest -g -O2 conftest.c -lm
[ccld] /software/gcc-12.2.0-el8-x86_64/bin/gcc -o conftest -g -O2 conftest.c -lbsd
[ccld] /software/gcc-12.2.0-el8-x86_64/bin/gcc -o conftest -g -O2 conftest.c -lbsd
[ccld] /software/gcc-12.2.0-el8-x86_64/bin/gcc -o conftest -g -O2 conftest.c -lbsd
[ccld] /software/gcc-12.2.0-el8-x86_64/bin/gcc -o conftest -g -O2 conftest.c -lbsd
[cc] /software/gcc-12.2.0-el8-x86_64/bin/gcc -c -g -O2 conftest.c
[cc] /software/gcc-12.2.0-el8-x86_64/bin/gcc -c -g -O2 conftest.c
[cc] /software/gcc-12.2.0-el8-x86_64/bin/gcc -c -g -O2 conftest.c
[ccld] /software/gcc-12.2.0-el8-x86_64/bin/gcc -o conftest -g -O2 conftest.c -lbsd
[ccld] /software/gcc-12.2.0-el8-x86_64/bin/gcc -o conftest -g -O2 conftest.c -lbsd
[ccld] /software/gcc-12.2.0-el8-x86_64/bin/gcc -o conftest -g -O2 conftest.c -lbsd
[cc] /software/gcc-12.2.0-el8-x86_64/bin/gcc -DHAVE_CONFIG_H -I. -I.. -DXML_ENABLE_VISIBILITY=1 -Wall -Wextra -fexceptions -fno-strict-aliasing -Wmissing-prototypes -Wstrict-prototypes -pedantic -Wduplicated-cond -Wduplicated-branches -Wlogical-op -Wrestrict -Wnull-dereference -Wjump-misses-init -Wdouble-promotion -Wshadow -Wformat=2 -Wno-pedantic-ms-format -Wmisleading-indentation -fvisibility=hidden -g -O2 -MT xmlparse.lo -MD -MP -MF .deps/xmlparse.Tpo -c xmlparse.c -fPIC -DPIC -o .libs/xmlparse.o
[cc] /software/gcc-12.2.0-el8-x86_64/bin/gcc -DHAVE_CONFIG_H -I. -I.. -DXML_ENABLE_VISIBILITY=1 -Wall -Wextra -fexceptions -fno-strict-aliasing -Wmissing-prototypes -Wstrict-prototypes -pedantic -Wduplicated-cond -Wduplicated-branches -Wlogical-op -Wrestrict -Wnull-dereference -Wjump-misses-init -Wdouble-promotion -Wshadow -Wformat=2 -Wno-pedantic-ms-format -Wmisleading-indentation -fvisibility=hidden -g -O2 -MT xmlrole.lo -MD -MP -MF .deps/xmlrole.Tpo -c xmlrole.c -fPIC -DPIC -o .libs/xmlrole.o
[cc] /software/gcc-12.2.0-el8-x86_64/bin/gcc -DHAVE_CONFIG_H -I. -I.. -DXML_ENABLE_VISIBILITY=1 -Wall -Wextra -fexceptions -fno-strict-aliasing -Wmissing-prototypes -Wstrict-prototypes -pedantic -Wduplicated-cond -Wduplicated-branches -Wlogical-op -Wrestrict -Wnull-dereference -Wjump-misses-init -Wdouble-promotion -Wshadow -Wformat=2 -Wno-pedantic-ms-format -Wmisleading-indentation -fvisibility=hidden -g -O2 -MT xmltok.lo -MD -MP -MF .deps/xmltok.Tpo -c xmltok.c -fPIC -DPIC -o .libs/xmltok.o
[cc] /software/gcc-12.2.0-el8-x86_64/bin/gcc -DHAVE_CONFIG_H -I. -I.. -DXML_TESTING -Wall -Wextra -fexceptions -fno-strict-aliasing -Wmissing-prototypes -Wstrict-prototypes -pedantic -Wduplicated-cond -Wduplicated-branches -Wlogical-op -Wrestrict -Wnull-dereference -Wjump-misses-init -Wdouble-promotion -Wshadow -Wformat=2 -Wno-pedantic-ms-format -Wmisleading-indentation -fvisibility=hidden -g -O2 -MT libtestpat_la-xmltok.lo -MD -MP -MF .deps/libtestpat_la-xmltok.Tpo -c xmltok.c -fPIC -DPIC -o .libs/libtestpat_la-xmltok.o
[cc] /software/gcc-12.2.0-el8-x86_64/bin/gcc -DHAVE_CONFIG_H -I. -I.. -DXML_TESTING -Wall -Wextra -fexceptions -fno-strict-aliasing -Wmissing-prototypes -Wstrict-prototypes -pedantic -Wduplicated-cond -Wduplicated-branches -Wlogical-op -Wrestrict -Wnull-dereference -Wjump-misses-init -Wdouble-promotion -Wshadow -Wformat=2 -Wno-pedantic-ms-format -Wmisleading-indentation -fvisibility=hidden -g -O2 -MT libtestpat_la-xmlparse.lo -MD -MP -MF .deps/libtestpat_la-xmlparse.Tpo -c xmlparse.c -fPIC -DPIC -o .libs/libtestpat_la-xmlparse.o
[cc] /software/gcc-12.2.0-el8-x86_64/bin/gcc -DHAVE_CONFIG_H -I. -I.. -DXML_TESTING -Wall -Wextra -fexceptions -fno-strict-aliasing -Wmissing-prototypes -Wstrict-prototypes -pedantic -Wduplicated-cond -Wduplicated-branches -Wlogical-op -Wrestrict -Wnull-dereference -Wjump-misses-init -Wdouble-promotion -Wshadow -Wformat=2 -Wno-pedantic-ms-format -Wmisleading-indentation -fvisibility=hidden -g -O2 -MT libtestpat_la-xmlrole.lo -MD -MP -MF .deps/libtestpat_la-xmlrole.Tpo -c xmlrole.c -fPIC -DPIC -o .libs/libtestpat_la-xmlrole.o
[cc] /software/gcc-12.2.0-el8-x86_64/bin/gcc -DHAVE_CONFIG_H -I. -I.. -DXML_ENABLE_VISIBILITY=1 -Wall -Wextra -fexceptions -fno-strict-aliasing -Wmissing-prototypes -Wstrict-prototypes -pedantic -Wduplicated-cond -Wduplicated-branches -Wlogical-op -Wrestrict -Wnull-dereference -Wjump-misses-init -Wdouble-promotion -Wshadow -Wformat=2 -Wno-pedantic-ms-format -Wmisleading-indentation -fvisibility=hidden -g -O2 -MT xmlrole.lo -MD -MP -MF .deps/xmlrole.Tpo -c xmlrole.c -o xmlrole.o
[cc] /software/gcc-12.2.0-el8-x86_64/bin/gcc -DHAVE_CONFIG_H -I. -I.. -DXML_TESTING -Wall -Wextra -fexceptions -fno-strict-aliasing -Wmissing-prototypes -Wstrict-prototypes -pedantic -Wduplicated-cond -Wduplicated-branches -Wlogical-op -Wrestrict -Wnull-dereference -Wjump-misses-init -Wdouble-promotion -Wshadow -Wformat=2 -Wno-pedantic-ms-format -Wmisleading-indentation -fvisibility=hidden -g -O2 -MT libtestpat_la-xmlrole.lo -MD -MP -MF .deps/libtestpat_la-xmlrole.Tpo -c xmlrole.c -o libtestpat_la-xmlrole.o
[cc] /software/gcc-12.2.0-el8-x86_64/bin/gcc -DHAVE_CONFIG_H -I. -I.. -DXML_ENABLE_VISIBILITY=1 -Wall -Wextra -fexceptions -fno-strict-aliasing -Wmissing-prototypes -Wstrict-prototypes -pedantic -Wduplicated-cond -Wduplicated-branches -Wlogical-op -Wrestrict -Wnull-dereference -Wjump-misses-init -Wdouble-promotion -Wshadow -Wformat=2 -Wno-pedantic-ms-format -Wmisleading-indentation -fvisibility=hidden -g -O2 -MT xmlparse.lo -MD -MP -MF .deps/xmlparse.Tpo -c xmlparse.c -o xmlparse.o
[cc] /software/gcc-12.2.0-el8-x86_64/bin/gcc -DHAVE_CONFIG_H -I. -I.. -DXML_ENABLE_VISIBILITY=1 -Wall -Wextra -fexceptions -fno-strict-aliasing -Wmissing-prototypes -Wstrict-prototypes -pedantic -Wduplicated-cond -Wduplicated-branches -Wlogical-op -Wrestrict -Wnull-dereference -Wjump-misses-init -Wdouble-promotion -Wshadow -Wformat=2 -Wno-pedantic-ms-format -Wmisleading-indentation -fvisibility=hidden -g -O2 -MT xmltok.lo -MD -MP -MF .deps/xmltok.Tpo -c xmltok.c -o xmltok.o
[cc] /software/gcc-12.2.0-el8-x86_64/bin/gcc -DHAVE_CONFIG_H -I. -I.. -DXML_TESTING -Wall -Wextra -fexceptions -fno-strict-aliasing -Wmissing-prototypes -Wstrict-prototypes -pedantic -Wduplicated-cond -Wduplicated-branches -Wlogical-op -Wrestrict -Wnull-dereference -Wjump-misses-init -Wdouble-promotion -Wshadow -Wformat=2 -Wno-pedantic-ms-format -Wmisleading-indentation -fvisibility=hidden -g -O2 -MT libtestpat_la-xmltok.lo -MD -MP -MF .deps/libtestpat_la-xmltok.Tpo -c xmltok.c -o libtestpat_la-xmltok.o
[cc] /software/gcc-12.2.0-el8-x86_64/bin/gcc -DHAVE_CONFIG_H -I. -I.. -DXML_TESTING -Wall -Wextra -fexceptions -fno-strict-aliasing -Wmissing-prototypes -Wstrict-prototypes -pedantic -Wduplicated-cond -Wduplicated-branches -Wlogical-op -Wrestrict -Wnull-dereference -Wjump-misses-init -Wdouble-promotion -Wshadow -Wformat=2 -Wno-pedantic-ms-format -Wmisleading-indentation -fvisibility=hidden -g -O2 -MT libtestpat_la-xmlparse.lo -MD -MP -MF .deps/libtestpat_la-xmlparse.Tpo -c xmlparse.c -o libtestpat_la-xmlparse.o
[ccld] /software/gcc-12.2.0-el8-x86_64/bin/gcc -shared -fPIC -DPIC .libs/xmlparse.o .libs/xmltok.o .libs/xmlrole.o -lm -lbsd -g -O2 -Wl,-soname -Wl,libexpat.so.1 -o .libs/libexpat.so.1.9.2
[cc] /software/gcc-12.2.0-el8-x86_64/bin/gcc -DHAVE_CONFIG_H -I. -I.. -DXML_ENABLE_VISIBILITY=1 -I./../lib -Wall -Wextra -fexceptions -fno-strict-aliasing -Wmissing-prototypes -Wstrict-prototypes -pedantic -Wduplicated-cond -Wduplicated-branches -Wlogical-op -Wrestrict -Wnull-dereference -Wjump-misses-init -Wdouble-promotion -Wshadow -Wformat=2 -Wno-pedantic-ms-format -Wmisleading-indentation -fvisibility=hidden -g -O2 -MT element_declarations.o -MD -MP -MF .deps/element_declarations.Tpo -c -o element_declarations.o element_declarations.c
[cc] /software/gcc-12.2.0-el8-x86_64/bin/gcc -DHAVE_CONFIG_H -I. -I.. -DXML_ENABLE_VISIBILITY=1 -I./../lib -Wall -Wextra -fexceptions -fno-strict-aliasing -Wmissing-prototypes -Wstrict-prototypes -pedantic -Wduplicated-cond -Wduplicated-branches -Wlogical-op -Wrestrict -Wnull-dereference -Wjump-misses-init -Wdouble-promotion -Wshadow -Wformat=2 -Wno-pedantic-ms-format -Wmisleading-indentation -fvisibility=hidden -g -O2 -MT elements.o -MD -MP -MF .deps/elements.Tpo -c -o elements.o elements.c
[cc] /software/gcc-12.2.0-el8-x86_64/bin/gcc -DHAVE_CONFIG_H -I. -I.. -DXML_ENABLE_VISIBILITY=1 -I./../lib -Wall -Wextra -fexceptions -fno-strict-aliasing -Wmissing-prototypes -Wstrict-prototypes -pedantic -Wduplicated-cond -Wduplicated-branches -Wlogical-op -Wrestrict -Wnull-dereference -Wjump-misses-init -Wdouble-promotion -Wshadow -Wformat=2 -Wno-pedantic-ms-format -Wmisleading-indentation -fvisibility=hidden -g -O2 -MT outline.o -MD -MP -MF .deps/outline.Tpo -c -o outline.o outline.c
[ccld] /software/gcc-12.2.0-el8-x86_64/bin/gcc -Wall -Wextra -fexceptions -fno-strict-aliasing -Wmissing-prototypes -Wstrict-prototypes -pedantic -Wduplicated-cond -Wduplicated-branches -Wlogical-op -Wrestrict -Wnull-dereference -Wjump-misses-init -Wdouble-promotion -Wshadow -Wformat=2 -Wno-pedantic-ms-format -Wmisleading-indentation -fvisibility=hidden -g -O2 -fno-strict-aliasing -o .libs/elements elements.o ../lib/.libs/libexpat.so -lm -lbsd -Wl,-rpath -Wl,/software/sw/spack-mw3/apps/linux-centos8-x86_64_v3/gcc-12.2.0/expat-2.6.2-ukcmbx6/lib
[ccld] /software/gcc-12.2.0-el8-x86_64/bin/gcc -Wall -Wextra -fexceptions -fno-strict-aliasing -Wmissing-prototypes -Wstrict-prototypes -pedantic -Wduplicated-cond -Wduplicated-branches -Wlogical-op -Wrestrict -Wnull-dereference -Wjump-misses-init -Wdouble-promotion -Wshadow -Wformat=2 -Wno-pedantic-ms-format -Wmisleading-indentation -fvisibility=hidden -g -O2 -fno-strict-aliasing -o .libs/outline outline.o ../lib/.libs/libexpat.so -lm -lbsd -Wl,-rpath -Wl,/software/sw/spack-mw3/apps/linux-centos8-x86_64_v3/gcc-12.2.0/expat-2.6.2-ukcmbx6/lib
[ccld] /software/gcc-12.2.0-el8-x86_64/bin/gcc -Wall -Wextra -fexceptions -fno-strict-aliasing -Wmissing-prototypes -Wstrict-prototypes -pedantic -Wduplicated-cond -Wduplicated-branches -Wlogical-op -Wrestrict -Wnull-dereference -Wjump-misses-init -Wdouble-promotion -Wshadow -Wformat=2 -Wno-pedantic-ms-format -Wmisleading-indentation -fvisibility=hidden -g -O2 -fno-strict-aliasing -o .libs/element_declarations element_declarations.o ../lib/.libs/libexpat.so -lm -lbsd -Wl,-rpath -Wl,/software/sw/spack-mw3/apps/linux-centos8-x86_64_v3/gcc-12.2.0/expat-2.6.2-ukcmbx6/lib
[cc] /software/gcc-12.2.0-el8-x86_64/bin/gcc -DHAVE_CONFIG_H -I. -I../.. -DXML_ENABLE_VISIBILITY=1 -I./../../lib -Wall -Wextra -fexceptions -fno-strict-aliasing -Wmissing-prototypes -Wstrict-prototypes -pedantic -Wduplicated-cond -Wduplicated-branches -Wlogical-op -Wrestrict -Wnull-dereference -Wjump-misses-init -Wdouble-promotion -Wshadow -Wformat=2 -Wno-pedantic-ms-format -Wmisleading-indentation -fvisibility=hidden -g -O2 -MT benchmark.o -MD -MP -MF .deps/benchmark.Tpo -c -o benchmark.o benchmark.c
[ccld] /software/gcc-12.2.0-el8-x86_64/bin/gcc -Wall -Wextra -fexceptions -fno-strict-aliasing -Wmissing-prototypes -Wstrict-prototypes -pedantic -Wduplicated-cond -Wduplicated-branches -Wlogical-op -Wrestrict -Wnull-dereference -Wjump-misses-init -Wdouble-promotion -Wshadow -Wformat=2 -Wno-pedantic-ms-format -Wmisleading-indentation -fvisibility=hidden -g -O2 -fno-strict-aliasing -o .libs/benchmark benchmark.o ../../lib/.libs/libexpat.so -lm -lbsd -Wl,-rpath -Wl,/software/sw/spack-mw3/apps/linux-centos8-x86_64_v3/gcc-12.2.0/expat-2.6.2-ukcmbx6/lib
[cc] /software/gcc-12.2.0-el8-x86_64/bin/gcc -DHAVE_CONFIG_H -I. -I.. -DXML_ENABLE_VISIBILITY=1 -I./../lib -Wall -Wextra -fexceptions -fno-strict-aliasing -Wmissing-prototypes -Wstrict-prototypes -pedantic -Wduplicated-cond -Wduplicated-branches -Wlogical-op -Wrestrict -Wnull-dereference -Wjump-misses-init -Wdouble-promotion -Wshadow -Wformat=2 -Wno-pedantic-ms-format -Wmisleading-indentation -fvisibility=hidden -g -O2 -MT xmlwf-xmlwf.o -MD -MP -MF .deps/xmlwf-xmlwf.Tpo -c -o xmlwf-xmlwf.o xmlwf.c
[cc] /software/gcc-12.2.0-el8-x86_64/bin/gcc -DHAVE_CONFIG_H -I. -I.. -DXML_ENABLE_VISIBILITY=1 -I./../lib -Wall -Wextra -fexceptions -fno-strict-aliasing -Wmissing-prototypes -Wstrict-prototypes -pedantic -Wduplicated-cond -Wduplicated-branches -Wlogical-op -Wrestrict -Wnull-dereference -Wjump-misses-init -Wdouble-promotion -Wshadow -Wformat=2 -Wno-pedantic-ms-format -Wmisleading-indentation -fvisibility=hidden -g -O2 -MT xmlwf-xmlfile.o -MD -MP -MF .deps/xmlwf-xmlfile.Tpo -c -o xmlwf-xmlfile.o xmlfile.c
[cc] /software/gcc-12.2.0-el8-x86_64/bin/gcc -DHAVE_CONFIG_H -I. -I.. -DXML_ENABLE_VISIBILITY=1 -I./../lib -Wall -Wextra -fexceptions -fno-strict-aliasing -Wmissing-prototypes -Wstrict-prototypes -pedantic -Wduplicated-cond -Wduplicated-branches -Wlogical-op -Wrestrict -Wnull-dereference -Wjump-misses-init -Wdouble-promotion -Wshadow -Wformat=2 -Wno-pedantic-ms-format -Wmisleading-indentation -fvisibility=hidden -g -O2 -MT xmlwf-unixfilemap.o -MD -MP -MF .deps/xmlwf-unixfilemap.Tpo -c -o xmlwf-unixfilemap.o unixfilemap.c
[cc] /software/gcc-12.2.0-el8-x86_64/bin/gcc -DHAVE_CONFIG_H -I. -I.. -DXML_ENABLE_VISIBILITY=1 -I./../lib -Wall -Wextra -fexceptions -fno-strict-aliasing -Wmissing-prototypes -Wstrict-prototypes -pedantic -Wduplicated-cond -Wduplicated-branches -Wlogical-op -Wrestrict -Wnull-dereference -Wjump-misses-init -Wdouble-promotion -Wshadow -Wformat=2 -Wno-pedantic-ms-format -Wmisleading-indentation -fvisibility=hidden -g -O2 -MT xmlwf-codepage.o -MD -MP -MF .deps/xmlwf-codepage.Tpo -c -o xmlwf-codepage.o codepage.c
[ccld] /software/gcc-12.2.0-el8-x86_64/bin/gcc -Wall -Wextra -fexceptions -fno-strict-aliasing -Wmissing-prototypes -Wstrict-prototypes -pedantic -Wduplicated-cond -Wduplicated-branches -Wlogical-op -Wrestrict -Wnull-dereference -Wjump-misses-init -Wdouble-promotion -Wshadow -Wformat=2 -Wno-pedantic-ms-format -Wmisleading-indentation -fvisibility=hidden -g -O2 -fno-strict-aliasing -o .libs/xmlwf xmlwf-xmlwf.o xmlwf-xmlfile.o xmlwf-codepage.o xmlwf-unixfilemap.o ../lib/.libs/libexpat.so -lm -lbsd -Wl,-rpath -Wl,/software/sw/spack-mw3/apps/linux-centos8-x86_64_v3/gcc-12.2.0/expat-2.6.2-ukcmbx6/lib
